<?xml version="1.0" encoding="UTF-8"?>
<!-- Generated by org.testng.reporters.JUnitReportReporter -->
<testsuite ignored="0" hostname="LEIs-MacBook-Pro.local" failures="0" tests="2" name="com.crm.qa.testcases.ContactsPageTest" time="0.008" errors="1" timestamp="28 Sep 2020 21:25:09 GMT" skipped="1">
  <testcase classname="com.crm.qa.testcases.ContactsPageTest" name="setUp" time="0.000">
    <error message="session not created: This version of ChromeDriver only supports Chrome version 83
Build info: version: &#039;unknown&#039;, revision: &#039;unknown&#039;, time: &#039;unknown&#039;
System info: host: &#039;LEIs-MacBook-Pro.local&#039;, ip: &#039;2601:644:8a00:13f8:488c:a83:14cf:b4b6%en0&#039;, os.name: &#039;Mac OS X&#039;, os.arch: &#039;x86_64&#039;, os.version: &#039;10.15.6&#039;, java.version: &#039;13.0.2&#039;
Driver info: driver.version: ChromeDriver
remote stacktrace: 0   chromedriver                        0x000000010fb18e99 chromedriver + 4808345
1   chromedriver                        0x000000010fab35f3 chromedriver + 4392435
2   chromedriver                        0x000000010f73f29d chromedriver + 770717
3   chromedriver                        0x000000010f69c689 chromedriver + 104073
4   chromedriver                        0x000000010f698940 chromedriver + 88384
5   chromedriver                        0x000000010f695c99 chromedriver + 76953
6   chromedriver                        0x000000010f6c7fa3 chromedriver + 282531
7   chromedriver                        0x000000010f6c4da3 chromedriver + 269731
8   chromedriver                        0x000000010f69e8dd chromedriver + 112861
9   chromedriver                        0x000000010f69f875 chromedriver + 116853
10  chromedriver                        0x000000010fadb47f chromedriver + 4555903
11  chromedriver                        0x000000010fae877a chromedriver + 4609914
12  chromedriver                        0x000000010fae8509 chromedriver + 4609289
13  chromedriver                        0x000000010fabf319 chromedriver + 4440857
14  chromedriver                        0x000000010fae8d03 chromedriver + 4611331
15  chromedriver                        0x000000010fad1083 chromedriver + 4513923
16  chromedriver                        0x000000010faff454 chromedriver + 4703316
17  chromedriver                        0x000000010fb1ef57 chromedriver + 4833111
18  libsystem_pthread.dylib             0x00007fff6938e109 _pthread_start + 148
19  libsystem_pthread.dylib             0x00007fff69389b8b thread_start + 15
" type="org.openqa.selenium.SessionNotCreatedException">
      <![CDATA[org.openqa.selenium.SessionNotCreatedException: session not created: This version of ChromeDriver only supports Chrome version 83
Build info: version: 'unknown', revision: 'unknown', time: 'unknown'
System info: host: 'LEIs-MacBook-Pro.local', ip: '2601:644:8a00:13f8:488c:a83:14cf:b4b6%en0', os.name: 'Mac OS X', os.arch: 'x86_64', os.version: '10.15.6', java.version: '13.0.2'
Driver info: driver.version: ChromeDriver
remote stacktrace: 0   chromedriver                        0x000000010fb18e99 chromedriver + 4808345
1   chromedriver                        0x000000010fab35f3 chromedriver + 4392435
2   chromedriver                        0x000000010f73f29d chromedriver + 770717
3   chromedriver                        0x000000010f69c689 chromedriver + 104073
4   chromedriver                        0x000000010f698940 chromedriver + 88384
5   chromedriver                        0x000000010f695c99 chromedriver + 76953
6   chromedriver                        0x000000010f6c7fa3 chromedriver + 282531
7   chromedriver                        0x000000010f6c4da3 chromedriver + 269731
8   chromedriver                        0x000000010f69e8dd chromedriver + 112861
9   chromedriver                        0x000000010f69f875 chromedriver + 116853
10  chromedriver                        0x000000010fadb47f chromedriver + 4555903
11  chromedriver                        0x000000010fae877a chromedriver + 4609914
12  chromedriver                        0x000000010fae8509 chromedriver + 4609289
13  chromedriver                        0x000000010fabf319 chromedriver + 4440857
14  chromedriver                        0x000000010fae8d03 chromedriver + 4611331
15  chromedriver                        0x000000010fad1083 chromedriver + 4513923
16  chromedriver                        0x000000010faff454 chromedriver + 4703316
17  chromedriver                        0x000000010fb1ef57 chromedriver + 4833111
18  libsystem_pthread.dylib             0x00007fff6938e109 _pthread_start + 148
19  libsystem_pthread.dylib             0x00007fff69389b8b thread_start + 15

	at java.base/jdk.internal.reflect.NativeConstructorAccessorImpl.newInstance0(Native Method)
	at java.base/jdk.internal.reflect.NativeConstructorAccessorImpl.newInstance(NativeConstructorAccessorImpl.java:62)
	at java.base/jdk.internal.reflect.DelegatingConstructorAccessorImpl.newInstance(DelegatingConstructorAccessorImpl.java:45)
	at java.base/java.lang.reflect.Constructor.newInstanceWithCaller(Constructor.java:500)
	at java.base/java.lang.reflect.Constructor.newInstance(Constructor.java:481)
	at org.openqa.selenium.remote.W3CHandshakeResponse.lambda$errorHandler$0(W3CHandshakeResponse.java:62)
	at org.openqa.selenium.remote.HandshakeResponse.lambda$getResponseFunction$0(HandshakeResponse.java:30)
	at org.openqa.selenium.remote.ProtocolHandshake.lambda$createSession$0(ProtocolHandshake.java:126)
	at java.base/java.util.stream.ReferencePipeline$3$1.accept(ReferencePipeline.java:195)
	at java.base/java.util.Spliterators$ArraySpliterator.tryAdvance(Spliterators.java:958)
	at java.base/java.util.stream.ReferencePipeline.forEachWithCancel(ReferencePipeline.java:127)
	at java.base/java.util.stream.AbstractPipeline.copyIntoWithCancel(AbstractPipeline.java:502)
	at java.base/java.util.stream.AbstractPipeline.copyInto(AbstractPipeline.java:488)
	at java.base/java.util.stream.AbstractPipeline.wrapAndCopyInto(AbstractPipeline.java:474)
	at java.base/java.util.stream.FindOps$FindOp.evaluateSequential(FindOps.java:150)
	at java.base/java.util.stream.AbstractPipeline.evaluate(AbstractPipeline.java:234)
	at java.base/java.util.stream.ReferencePipeline.findFirst(ReferencePipeline.java:543)
	at org.openqa.selenium.remote.ProtocolHandshake.createSession(ProtocolHandshake.java:128)
	at org.openqa.selenium.remote.ProtocolHandshake.createSession(ProtocolHandshake.java:74)
	at org.openqa.selenium.remote.HttpCommandExecutor.execute(HttpCommandExecutor.java:136)
	at org.openqa.selenium.remote.service.DriverCommandExecutor.execute(DriverCommandExecutor.java:83)
	at org.openqa.selenium.remote.RemoteWebDriver.execute(RemoteWebDriver.java:552)
	at org.openqa.selenium.remote.RemoteWebDriver.startSession(RemoteWebDriver.java:213)
	at org.openqa.selenium.remote.RemoteWebDriver.<init>(RemoteWebDriver.java:131)
	at org.openqa.selenium.chrome.ChromeDriver.<init>(ChromeDriver.java:181)
	at org.openqa.selenium.chrome.ChromeDriver.<init>(ChromeDriver.java:168)
	at org.openqa.selenium.chrome.ChromeDriver.<init>(ChromeDriver.java:123)
	at com.crm.qa.base.TestBase.initialization(TestBase.java:54)
	at com.crm.qa.testcases.ContactsPageTest.setUp(ContactsPageTest.java:38)
	at java.base/jdk.internal.reflect.NativeMethodAccessorImpl.invoke0(Native Method)
	at java.base/jdk.internal.reflect.NativeMethodAccessorImpl.invoke(NativeMethodAccessorImpl.java:62)
	at java.base/jdk.internal.reflect.DelegatingMethodAccessorImpl.invoke(DelegatingMethodAccessorImpl.java:43)
	at java.base/java.lang.reflect.Method.invoke(Method.java:567)
	at org.testng.internal.MethodInvocationHelper.invokeMethod(MethodInvocationHelper.java:104)
	at org.testng.internal.Invoker.invokeConfigurationMethod(Invoker.java:515)
	at org.testng.internal.Invoker.invokeConfigurations(Invoker.java:217)
	at org.testng.internal.Invoker.invokeMethod(Invoker.java:590)
	at org.testng.internal.Invoker.invokeTestMethod(Invoker.java:851)
	at org.testng.internal.Invoker.invokeTestMethods(Invoker.java:1177)
	at org.testng.internal.TestMethodWorker.invokeTestMethods(TestMethodWorker.java:129)
	at org.testng.internal.TestMethodWorker.run(TestMethodWorker.java:112)
	at org.testng.TestRunner.privateRun(TestRunner.java:756)
	at org.testng.TestRunner.run(TestRunner.java:610)
	at org.testng.SuiteRunner.runTest(SuiteRunner.java:387)
	at org.testng.SuiteRunner.runSequentially(SuiteRunner.java:382)
	at org.testng.SuiteRunner.privateRun(SuiteRunner.java:340)
	at org.testng.SuiteRunner.run(SuiteRunner.java:289)
	at org.testng.SuiteRunnerWorker.runSuite(SuiteRunnerWorker.java:52)
	at org.testng.SuiteRunnerWorker.run(SuiteRunnerWorker.java:86)
	at org.testng.TestNG.runSuitesSequentially(TestNG.java:1293)
	at org.testng.TestNG.runSuitesLocally(TestNG.java:1218)
	at org.testng.TestNG.runSuites(TestNG.java:1133)
	at org.testng.TestNG.run(TestNG.java:1104)
	at org.testng.remote.AbstractRemoteTestNG.run(AbstractRemoteTestNG.java:115)
	at org.testng.remote.RemoteTestNG.initAndRun(RemoteTestNG.java:251)
	at org.testng.remote.RemoteTestNG.main(RemoteTestNG.java:77)
]]>
    </error>
  </testcase> <!-- setUp -->
  <testcase classname="com.crm.qa.testcases.ContactsPageTest" name="deleteSingleContact" time="0.008">
    <skipped/>
  </testcase> <!-- deleteSingleContact -->
</testsuite> <!-- com.crm.qa.testcases.ContactsPageTest -->
