<!DOCTYPE html PUBLIC "-//W3C//DTD XHTML 1.1//EN" "http://www.w3.org/TR/xhtml11/DTD/xhtml11.dtd">
<html xmlns="http://www.w3.org/1999/xhtml"><head><title>TestNG Report</title><style type="text/css">table {margin-bottom:10px;border-collapse:collapse;empty-cells:show}th,td {border:1px solid #009;padding:.25em .5em}th {vertical-align:bottom}td {vertical-align:top}table a {font-weight:bold}.stripe td {background-color: #E6EBF9}.num {text-align:right}.passedodd td {background-color: #3F3}.passedeven td {background-color: #0A0}.skippedodd td {background-color: #DDD}.skippedeven td {background-color: #CCC}.failedodd td,.attn {background-color: #F33}.failedeven td,.stripe .attn {background-color: #D00}.stacktrace {white-space:pre;font-family:monospace}.totop {font-size:85%;text-align:center;border-bottom:2px solid #000}</style></head><body><table><tr><th>Test</th><th># Passed</th><th># Skipped</th><th># Failed</th><th>Time (ms)</th><th>Included Groups</th><th>Excluded Groups</th></tr><tr><th colspan="7">Surefire suite</th></tr><tr><td><a href="#t0">Surefire test</a></td><td class="num">0</td><td class="num attn">17</td><td class="num">0</td><td class="num">5,397</td><td></td><td></td></tr></table><table><thead><tr><th>Class</th><th>Method</th><th>Start</th><th>Time (ms)</th></tr></thead><tbody><tr><th colspan="4">Surefire suite</th></tr></tbody><tbody id="t0"><tr><th colspan="4">Surefire test &#8212; failed (configuration methods)</th></tr><tr class="failedeven"><td rowspan="1">com.crm.qa.testcases.ContactsPageTest</td><td><a href="#m0">setUp</a></td><td rowspan="1">1590622448928</td><td rowspan="1">0</td></tr><tr class="failedodd"><td rowspan="1">com.crm.qa.testcases.DealsPageTest</td><td><a href="#m1">setUp</a></td><td rowspan="1">1590622444587</td><td rowspan="1">0</td></tr><tr class="failedeven"><td rowspan="1">com.crm.qa.testcases.HomePageTest</td><td><a href="#m2">setUp</a></td><td rowspan="1">1590622446783</td><td rowspan="1">0</td></tr><tr class="failedodd"><td rowspan="1">com.crm.qa.testcases.LoginPageTest</td><td><a href="#m3">setUp</a></td><td rowspan="1">1590622447829</td><td rowspan="1">0</td></tr><tr><th colspan="4">Surefire test &#8212; skipped (configuration methods)</th></tr><tr class="skippedeven"><td rowspan="5">com.crm.qa.testcases.ContactsPageTest</td><td><a href="#m4">setUp</a></td><td rowspan="2">1590622449959</td><td rowspan="2">0</td></tr><tr class="skippedeven"><td><a href="#m5">setUp</a></td></tr><tr class="skippedeven"><td><a href="#m6">tearDown</a></td><td rowspan="3">1590622449960</td><td rowspan="3">0</td></tr><tr class="skippedeven"><td><a href="#m7">tearDown</a></td></tr><tr class="skippedeven"><td><a href="#m8">tearDown</a></td></tr><tr class="skippedodd"><td rowspan="11">com.crm.qa.testcases.DealsPageTest</td><td><a href="#m9">setUp</a></td><td rowspan="5">1590622446780</td><td rowspan="5">0</td></tr><tr class="skippedodd"><td><a href="#m10">setUp</a></td></tr><tr class="skippedodd"><td><a href="#m11">setUp</a></td></tr><tr class="skippedodd"><td><a href="#m12">setUp</a></td></tr><tr class="skippedodd"><td><a href="#m13">setUp</a></td></tr><tr class="skippedodd"><td><a href="#m14">tearDown</a></td><td rowspan="6">1590622446782</td><td rowspan="6">0</td></tr><tr class="skippedodd"><td><a href="#m15">tearDown</a></td></tr><tr class="skippedodd"><td><a href="#m16">tearDown</a></td></tr><tr class="skippedodd"><td><a href="#m17">tearDown</a></td></tr><tr class="skippedodd"><td><a href="#m18">tearDown</a></td></tr><tr class="skippedodd"><td><a href="#m19">tearDown</a></td></tr><tr class="skippedeven"><td rowspan="9">com.crm.qa.testcases.HomePageTest</td><td><a href="#m20">setUp</a></td><td rowspan="4">1590622449960</td><td rowspan="4">0</td></tr><tr class="skippedeven"><td><a href="#m21">setUp</a></td></tr><tr class="skippedeven"><td><a href="#m22">setUp</a></td></tr><tr class="skippedeven"><td><a href="#m23">setUp</a></td></tr><tr class="skippedeven"><td><a href="#m24">tearDown</a></td><td rowspan="5">1590622448851</td><td rowspan="5">0</td></tr><tr class="skippedeven"><td><a href="#m25">tearDown</a></td></tr><tr class="skippedeven"><td><a href="#m26">tearDown</a></td></tr><tr class="skippedeven"><td><a href="#m27">tearDown</a></td></tr><tr class="skippedeven"><td><a href="#m28">tearDown</a></td></tr><tr class="skippedodd"><td rowspan="5">com.crm.qa.testcases.LoginPageTest</td><td><a href="#m29">setUp</a></td><td rowspan="2">1590622448853</td><td rowspan="2">0</td></tr><tr class="skippedodd"><td><a href="#m30">setUp</a></td></tr><tr class="skippedodd"><td><a href="#m31">tearDown</a></td><td rowspan="3">1590622448852</td><td rowspan="3">0</td></tr><tr class="skippedodd"><td><a href="#m32">tearDown</a></td></tr><tr class="skippedodd"><td><a href="#m33">tearDown</a></td></tr><tr><th colspan="4">Surefire test &#8212; skipped</th></tr><tr class="skippedeven"><td rowspan="3">com.crm.qa.testcases.ContactsPageTest</td><td><a href="#m34">validateCreateNewContact</a></td><td rowspan="3">1590622449958</td><td rowspan="3">0</td></tr><tr class="skippedeven"><td><a href="#m35">validateCreateNewContact</a></td></tr><tr class="skippedeven"><td><a href="#m36">validateCreateNewContact</a></td></tr><tr class="skippedodd"><td rowspan="6">com.crm.qa.testcases.DealsPageTest</td><td><a href="#m37">checkDealsLabel</a></td><td rowspan="1">1590622446232</td><td rowspan="1">1</td></tr><tr class="skippedodd"><td><a href="#m38">clickDealsOrderByDesc</a></td><td rowspan="1">1590622446234</td><td rowspan="1">0</td></tr><tr class="skippedodd"><td><a href="#m39">createNewDealWithData</a></td><td rowspan="4">1590622446781</td><td rowspan="4">0</td></tr><tr class="skippedodd"><td><a href="#m40">createNewDealWithData</a></td></tr><tr class="skippedodd"><td><a href="#m41">createNewDealWithData</a></td></tr><tr class="skippedodd"><td><a href="#m42">createNewDealWithData</a></td></tr><tr class="skippedeven"><td rowspan="5">com.crm.qa.testcases.HomePageTest</td><td><a href="#m43">clickOnContactsPageTest</a></td><td rowspan="1">1590622448853</td><td rowspan="1">0</td></tr><tr class="skippedeven"><td><a href="#m44">clickOnDealsPageTest</a></td><td rowspan="1">1590622449960</td><td rowspan="1">0</td></tr><tr class="skippedeven"><td><a href="#m45">clickOnTasksPageTest</a></td><td rowspan="1">1590622449961</td><td rowspan="1">0</td></tr><tr class="skippedeven"><td><a href="#m46">verifyHomePageTitleTest</a></td><td rowspan="1">1590622447829</td><td rowspan="1">0</td></tr><tr class="skippedeven"><td><a href="#m47">verifyUserNameLabelTest</a></td><td rowspan="1">1590622448851</td><td rowspan="1">0</td></tr><tr class="skippedodd"><td rowspan="3">com.crm.qa.testcases.LoginPageTest</td><td><a href="#m48">crmLogoImgTest</a></td><td rowspan="1">1590622448852</td><td rowspan="1">0</td></tr><tr class="skippedodd"><td><a href="#m49">loginPageTitleTest</a></td><td rowspan="1">1590622448850</td><td rowspan="1">0</td></tr><tr class="skippedodd"><td><a href="#m50">loginTest</a></td><td rowspan="1">1590622448853</td><td rowspan="1">1</td></tr></tbody></table><h2>Surefire test</h2><h3 id="m0">com.crm.qa.testcases.ContactsPageTest#setUp</h3><table class="result"><tr><th>Exception</th></tr><tr><td><div class="stacktrace">org.openqa.selenium.SessionNotCreatedException: session not created: This version of ChromeDriver only supports Chrome version 81
Build info: version: &apos;3.141.59&apos;, revision: &apos;e82be7d358&apos;, time: &apos;2018-11-14T08:17:03&apos;
System info: host: &apos;LEIs-MacBook-Pro.local&apos;, ip: &apos;2601:644:8a00:13f8:dc43:15ae:402f:44c6%en0&apos;, os.name: &apos;Mac OS X&apos;, os.arch: &apos;x86_64&apos;, os.version: &apos;10.15.4&apos;, java.version: &apos;13.0.2&apos;
Driver info: driver.version: ChromeDriver
remote stacktrace: 0   chromedriver                        0x000000010240f789 chromedriver + 4671369
1   chromedriver                        0x00000001023aa5d3 chromedriver + 4257235
2   chromedriver                        0x000000010205400f chromedriver + 757775
3   chromedriver                        0x0000000101fb3fc9 chromedriver + 102345
4   chromedriver                        0x0000000101fb01fc chromedriver + 86524
5   chromedriver                        0x0000000101fdf403 chromedriver + 279555
6   chromedriver                        0x0000000101fdc213 chromedriver + 266771
7   chromedriver                        0x0000000101fb621d chromedriver + 111133
8   chromedriver                        0x0000000101fb71c5 chromedriver + 115141
9   chromedriver                        0x00000001023d203f chromedriver + 4419647
10  chromedriver                        0x00000001023decda chromedriver + 4472026
11  chromedriver                        0x00000001023dea77 chromedriver + 4471415
12  chromedriver                        0x00000001023b6189 chromedriver + 4305289
13  chromedriver                        0x00000001023df587 chromedriver + 4474247
14  chromedriver                        0x00000001023c7dc7 chromedriver + 4378055
15  chromedriver                        0x00000001023f57f4 chromedriver + 4564980
16  chromedriver                        0x0000000102415717 chromedriver + 4695831
17  libsystem_pthread.dylib             0x00007fff70257109 _pthread_start + 148
18  libsystem_pthread.dylib             0x00007fff70252b8b thread_start + 15

	at org.openqa.selenium.remote.W3CHandshakeResponse.lambda$errorHandler$0(W3CHandshakeResponse.java:62)
	at org.openqa.selenium.remote.HandshakeResponse.lambda$getResponseFunction$0(HandshakeResponse.java:30)
	at org.openqa.selenium.remote.ProtocolHandshake.lambda$createSession$0(ProtocolHandshake.java:126)
	at java.base/java.util.stream.ReferencePipeline$3$1.accept(ReferencePipeline.java:195)
	at java.base/java.util.Spliterators$ArraySpliterator.tryAdvance(Spliterators.java:958)
	at java.base/java.util.stream.ReferencePipeline.forEachWithCancel(ReferencePipeline.java:127)
	at java.base/java.util.stream.AbstractPipeline.copyIntoWithCancel(AbstractPipeline.java:502)
	at java.base/java.util.stream.AbstractPipeline.copyInto(AbstractPipeline.java:488)
	at java.base/java.util.stream.AbstractPipeline.wrapAndCopyInto(AbstractPipeline.java:474)
	at java.base/java.util.stream.FindOps$FindOp.evaluateSequential(FindOps.java:150)
	at java.base/java.util.stream.AbstractPipeline.evaluate(AbstractPipeline.java:234)
	at java.base/java.util.stream.ReferencePipeline.findFirst(ReferencePipeline.java:543)
	at org.openqa.selenium.remote.ProtocolHandshake.createSession(ProtocolHandshake.java:128)
	at org.openqa.selenium.remote.ProtocolHandshake.createSession(ProtocolHandshake.java:74)
	at org.openqa.selenium.remote.HttpCommandExecutor.execute(HttpCommandExecutor.java:136)
	at org.openqa.selenium.remote.service.DriverCommandExecutor.execute(DriverCommandExecutor.java:83)
	at org.openqa.selenium.remote.RemoteWebDriver.execute(RemoteWebDriver.java:552)
	at org.openqa.selenium.remote.RemoteWebDriver.startSession(RemoteWebDriver.java:213)
	at org.openqa.selenium.remote.RemoteWebDriver.&lt;init&gt;(RemoteWebDriver.java:131)
	at org.openqa.selenium.chrome.ChromeDriver.&lt;init&gt;(ChromeDriver.java:181)
	at org.openqa.selenium.chrome.ChromeDriver.&lt;init&gt;(ChromeDriver.java:168)
	at org.openqa.selenium.chrome.ChromeDriver.&lt;init&gt;(ChromeDriver.java:123)
	at com.crm.qa.base.TestBase.initialization(TestBase.java:52)
	at com.crm.qa.testcases.ContactsPageTest.setUp(ContactsPageTest.java:36)
... Removed 37 stack frames</div></td></tr></table><p class="totop"><a href="#summary">back to summary</a></p><h3 id="m1">com.crm.qa.testcases.DealsPageTest#setUp</h3><table class="result"><tr><th>Exception</th></tr><tr><td><div class="stacktrace">org.openqa.selenium.SessionNotCreatedException: session not created: This version of ChromeDriver only supports Chrome version 81
Build info: version: &apos;3.141.59&apos;, revision: &apos;e82be7d358&apos;, time: &apos;2018-11-14T08:17:03&apos;
System info: host: &apos;LEIs-MacBook-Pro.local&apos;, ip: &apos;2601:644:8a00:13f8:dc43:15ae:402f:44c6%en0&apos;, os.name: &apos;Mac OS X&apos;, os.arch: &apos;x86_64&apos;, os.version: &apos;10.15.4&apos;, java.version: &apos;13.0.2&apos;
Driver info: driver.version: ChromeDriver
remote stacktrace: 0   chromedriver                        0x000000010b62b789 chromedriver + 4671369
1   chromedriver                        0x000000010b5c65d3 chromedriver + 4257235
2   chromedriver                        0x000000010b27000f chromedriver + 757775
3   chromedriver                        0x000000010b1cffc9 chromedriver + 102345
4   chromedriver                        0x000000010b1cc1fc chromedriver + 86524
5   chromedriver                        0x000000010b1fb403 chromedriver + 279555
6   chromedriver                        0x000000010b1f8213 chromedriver + 266771
7   chromedriver                        0x000000010b1d221d chromedriver + 111133
8   chromedriver                        0x000000010b1d31c5 chromedriver + 115141
9   chromedriver                        0x000000010b5ee03f chromedriver + 4419647
10  chromedriver                        0x000000010b5facda chromedriver + 4472026
11  chromedriver                        0x000000010b5faa77 chromedriver + 4471415
12  chromedriver                        0x000000010b5d2189 chromedriver + 4305289
13  chromedriver                        0x000000010b5fb587 chromedriver + 4474247
14  chromedriver                        0x000000010b5e3dc7 chromedriver + 4378055
15  chromedriver                        0x000000010b6117f4 chromedriver + 4564980
16  chromedriver                        0x000000010b631717 chromedriver + 4695831
17  libsystem_pthread.dylib             0x00007fff70257109 _pthread_start + 148
18  libsystem_pthread.dylib             0x00007fff70252b8b thread_start + 15

	at org.openqa.selenium.remote.W3CHandshakeResponse.lambda$errorHandler$0(W3CHandshakeResponse.java:62)
	at org.openqa.selenium.remote.HandshakeResponse.lambda$getResponseFunction$0(HandshakeResponse.java:30)
	at org.openqa.selenium.remote.ProtocolHandshake.lambda$createSession$0(ProtocolHandshake.java:126)
	at java.base/java.util.stream.ReferencePipeline$3$1.accept(ReferencePipeline.java:195)
	at java.base/java.util.Spliterators$ArraySpliterator.tryAdvance(Spliterators.java:958)
	at java.base/java.util.stream.ReferencePipeline.forEachWithCancel(ReferencePipeline.java:127)
	at java.base/java.util.stream.AbstractPipeline.copyIntoWithCancel(AbstractPipeline.java:502)
	at java.base/java.util.stream.AbstractPipeline.copyInto(AbstractPipeline.java:488)
	at java.base/java.util.stream.AbstractPipeline.wrapAndCopyInto(AbstractPipeline.java:474)
	at java.base/java.util.stream.FindOps$FindOp.evaluateSequential(FindOps.java:150)
	at java.base/java.util.stream.AbstractPipeline.evaluate(AbstractPipeline.java:234)
	at java.base/java.util.stream.ReferencePipeline.findFirst(ReferencePipeline.java:543)
	at org.openqa.selenium.remote.ProtocolHandshake.createSession(ProtocolHandshake.java:128)
	at org.openqa.selenium.remote.ProtocolHandshake.createSession(ProtocolHandshake.java:74)
	at org.openqa.selenium.remote.HttpCommandExecutor.execute(HttpCommandExecutor.java:136)
	at org.openqa.selenium.remote.service.DriverCommandExecutor.execute(DriverCommandExecutor.java:83)
	at org.openqa.selenium.remote.RemoteWebDriver.execute(RemoteWebDriver.java:552)
	at org.openqa.selenium.remote.RemoteWebDriver.startSession(RemoteWebDriver.java:213)
	at org.openqa.selenium.remote.RemoteWebDriver.&lt;init&gt;(RemoteWebDriver.java:131)
	at org.openqa.selenium.chrome.ChromeDriver.&lt;init&gt;(ChromeDriver.java:181)
	at org.openqa.selenium.chrome.ChromeDriver.&lt;init&gt;(ChromeDriver.java:168)
	at org.openqa.selenium.chrome.ChromeDriver.&lt;init&gt;(ChromeDriver.java:123)
	at com.crm.qa.base.TestBase.initialization(TestBase.java:52)
	at com.crm.qa.testcases.DealsPageTest.setUp(DealsPageTest.java:36)
... Removed 37 stack frames</div></td></tr></table><p class="totop"><a href="#summary">back to summary</a></p><h3 id="m2">com.crm.qa.testcases.HomePageTest#setUp</h3><table class="result"><tr><th>Exception</th></tr><tr><td><div class="stacktrace">org.openqa.selenium.SessionNotCreatedException: session not created: This version of ChromeDriver only supports Chrome version 81
Build info: version: &apos;3.141.59&apos;, revision: &apos;e82be7d358&apos;, time: &apos;2018-11-14T08:17:03&apos;
System info: host: &apos;LEIs-MacBook-Pro.local&apos;, ip: &apos;2601:644:8a00:13f8:dc43:15ae:402f:44c6%en0&apos;, os.name: &apos;Mac OS X&apos;, os.arch: &apos;x86_64&apos;, os.version: &apos;10.15.4&apos;, java.version: &apos;13.0.2&apos;
Driver info: driver.version: ChromeDriver
remote stacktrace: 0   chromedriver                        0x0000000104b69789 chromedriver + 4671369
1   chromedriver                        0x0000000104b045d3 chromedriver + 4257235
2   chromedriver                        0x00000001047ae00f chromedriver + 757775
3   chromedriver                        0x000000010470dfc9 chromedriver + 102345
4   chromedriver                        0x000000010470a1fc chromedriver + 86524
5   chromedriver                        0x0000000104739403 chromedriver + 279555
6   chromedriver                        0x0000000104736213 chromedriver + 266771
7   chromedriver                        0x000000010471021d chromedriver + 111133
8   chromedriver                        0x00000001047111c5 chromedriver + 115141
9   chromedriver                        0x0000000104b2c03f chromedriver + 4419647
10  chromedriver                        0x0000000104b38cda chromedriver + 4472026
11  chromedriver                        0x0000000104b38a77 chromedriver + 4471415
12  chromedriver                        0x0000000104b10189 chromedriver + 4305289
13  chromedriver                        0x0000000104b39587 chromedriver + 4474247
14  chromedriver                        0x0000000104b21dc7 chromedriver + 4378055
15  chromedriver                        0x0000000104b4f7f4 chromedriver + 4564980
16  chromedriver                        0x0000000104b6f717 chromedriver + 4695831
17  libsystem_pthread.dylib             0x00007fff70257109 _pthread_start + 148
18  libsystem_pthread.dylib             0x00007fff70252b8b thread_start + 15

	at org.openqa.selenium.remote.W3CHandshakeResponse.lambda$errorHandler$0(W3CHandshakeResponse.java:62)
	at org.openqa.selenium.remote.HandshakeResponse.lambda$getResponseFunction$0(HandshakeResponse.java:30)
	at org.openqa.selenium.remote.ProtocolHandshake.lambda$createSession$0(ProtocolHandshake.java:126)
	at java.base/java.util.stream.ReferencePipeline$3$1.accept(ReferencePipeline.java:195)
	at java.base/java.util.Spliterators$ArraySpliterator.tryAdvance(Spliterators.java:958)
	at java.base/java.util.stream.ReferencePipeline.forEachWithCancel(ReferencePipeline.java:127)
	at java.base/java.util.stream.AbstractPipeline.copyIntoWithCancel(AbstractPipeline.java:502)
	at java.base/java.util.stream.AbstractPipeline.copyInto(AbstractPipeline.java:488)
	at java.base/java.util.stream.AbstractPipeline.wrapAndCopyInto(AbstractPipeline.java:474)
	at java.base/java.util.stream.FindOps$FindOp.evaluateSequential(FindOps.java:150)
	at java.base/java.util.stream.AbstractPipeline.evaluate(AbstractPipeline.java:234)
	at java.base/java.util.stream.ReferencePipeline.findFirst(ReferencePipeline.java:543)
	at org.openqa.selenium.remote.ProtocolHandshake.createSession(ProtocolHandshake.java:128)
	at org.openqa.selenium.remote.ProtocolHandshake.createSession(ProtocolHandshake.java:74)
	at org.openqa.selenium.remote.HttpCommandExecutor.execute(HttpCommandExecutor.java:136)
	at org.openqa.selenium.remote.service.DriverCommandExecutor.execute(DriverCommandExecutor.java:83)
	at org.openqa.selenium.remote.RemoteWebDriver.execute(RemoteWebDriver.java:552)
	at org.openqa.selenium.remote.RemoteWebDriver.startSession(RemoteWebDriver.java:213)
	at org.openqa.selenium.remote.RemoteWebDriver.&lt;init&gt;(RemoteWebDriver.java:131)
	at org.openqa.selenium.chrome.ChromeDriver.&lt;init&gt;(ChromeDriver.java:181)
	at org.openqa.selenium.chrome.ChromeDriver.&lt;init&gt;(ChromeDriver.java:168)
	at org.openqa.selenium.chrome.ChromeDriver.&lt;init&gt;(ChromeDriver.java:123)
	at com.crm.qa.base.TestBase.initialization(TestBase.java:52)
	at com.crm.qa.testcases.HomePageTest.setUp(HomePageTest.java:32)
... Removed 37 stack frames</div></td></tr></table><p class="totop"><a href="#summary">back to summary</a></p><h3 id="m3">com.crm.qa.testcases.LoginPageTest#setUp</h3><table class="result"><tr><th>Exception</th></tr><tr><td><div class="stacktrace">org.openqa.selenium.SessionNotCreatedException: session not created: This version of ChromeDriver only supports Chrome version 81
Build info: version: &apos;3.141.59&apos;, revision: &apos;e82be7d358&apos;, time: &apos;2018-11-14T08:17:03&apos;
System info: host: &apos;LEIs-MacBook-Pro.local&apos;, ip: &apos;2601:644:8a00:13f8:dc43:15ae:402f:44c6%en0&apos;, os.name: &apos;Mac OS X&apos;, os.arch: &apos;x86_64&apos;, os.version: &apos;10.15.4&apos;, java.version: &apos;13.0.2&apos;
Driver info: driver.version: ChromeDriver
remote stacktrace: 0   chromedriver                        0x000000010b5ec789 chromedriver + 4671369
1   chromedriver                        0x000000010b5875d3 chromedriver + 4257235
2   chromedriver                        0x000000010b23100f chromedriver + 757775
3   chromedriver                        0x000000010b190fc9 chromedriver + 102345
4   chromedriver                        0x000000010b18d1fc chromedriver + 86524
5   chromedriver                        0x000000010b1bc403 chromedriver + 279555
6   chromedriver                        0x000000010b1b9213 chromedriver + 266771
7   chromedriver                        0x000000010b19321d chromedriver + 111133
8   chromedriver                        0x000000010b1941c5 chromedriver + 115141
9   chromedriver                        0x000000010b5af03f chromedriver + 4419647
10  chromedriver                        0x000000010b5bbcda chromedriver + 4472026
11  chromedriver                        0x000000010b5bba77 chromedriver + 4471415
12  chromedriver                        0x000000010b593189 chromedriver + 4305289
13  chromedriver                        0x000000010b5bc587 chromedriver + 4474247
14  chromedriver                        0x000000010b5a4dc7 chromedriver + 4378055
15  chromedriver                        0x000000010b5d27f4 chromedriver + 4564980
16  chromedriver                        0x000000010b5f2717 chromedriver + 4695831
17  libsystem_pthread.dylib             0x00007fff70257109 _pthread_start + 148
18  libsystem_pthread.dylib             0x00007fff70252b8b thread_start + 15

	at org.openqa.selenium.remote.W3CHandshakeResponse.lambda$errorHandler$0(W3CHandshakeResponse.java:62)
	at org.openqa.selenium.remote.HandshakeResponse.lambda$getResponseFunction$0(HandshakeResponse.java:30)
	at org.openqa.selenium.remote.ProtocolHandshake.lambda$createSession$0(ProtocolHandshake.java:126)
	at java.base/java.util.stream.ReferencePipeline$3$1.accept(ReferencePipeline.java:195)
	at java.base/java.util.Spliterators$ArraySpliterator.tryAdvance(Spliterators.java:958)
	at java.base/java.util.stream.ReferencePipeline.forEachWithCancel(ReferencePipeline.java:127)
	at java.base/java.util.stream.AbstractPipeline.copyIntoWithCancel(AbstractPipeline.java:502)
	at java.base/java.util.stream.AbstractPipeline.copyInto(AbstractPipeline.java:488)
	at java.base/java.util.stream.AbstractPipeline.wrapAndCopyInto(AbstractPipeline.java:474)
	at java.base/java.util.stream.FindOps$FindOp.evaluateSequential(FindOps.java:150)
	at java.base/java.util.stream.AbstractPipeline.evaluate(AbstractPipeline.java:234)
	at java.base/java.util.stream.ReferencePipeline.findFirst(ReferencePipeline.java:543)
	at org.openqa.selenium.remote.ProtocolHandshake.createSession(ProtocolHandshake.java:128)
	at org.openqa.selenium.remote.ProtocolHandshake.createSession(ProtocolHandshake.java:74)
	at org.openqa.selenium.remote.HttpCommandExecutor.execute(HttpCommandExecutor.java:136)
	at org.openqa.selenium.remote.service.DriverCommandExecutor.execute(DriverCommandExecutor.java:83)
	at org.openqa.selenium.remote.RemoteWebDriver.execute(RemoteWebDriver.java:552)
	at org.openqa.selenium.remote.RemoteWebDriver.startSession(RemoteWebDriver.java:213)
	at org.openqa.selenium.remote.RemoteWebDriver.&lt;init&gt;(RemoteWebDriver.java:131)
	at org.openqa.selenium.chrome.ChromeDriver.&lt;init&gt;(ChromeDriver.java:181)
	at org.openqa.selenium.chrome.ChromeDriver.&lt;init&gt;(ChromeDriver.java:168)
	at org.openqa.selenium.chrome.ChromeDriver.&lt;init&gt;(ChromeDriver.java:123)
	at com.crm.qa.base.TestBase.initialization(TestBase.java:52)
	at com.crm.qa.testcases.LoginPageTest.setUp(LoginPageTest.java:24)
... Removed 37 stack frames</div></td></tr></table><p class="totop"><a href="#summary">back to summary</a></p><h3 id="m4">com.crm.qa.testcases.ContactsPageTest#setUp</h3><table class="result"></table><p class="totop"><a href="#summary">back to summary</a></p><h3 id="m5">com.crm.qa.testcases.ContactsPageTest#setUp</h3><table class="result"></table><p class="totop"><a href="#summary">back to summary</a></p><h3 id="m6">com.crm.qa.testcases.ContactsPageTest#tearDown</h3><table class="result"></table><p class="totop"><a href="#summary">back to summary</a></p><h3 id="m7">com.crm.qa.testcases.ContactsPageTest#tearDown</h3><table class="result"></table><p class="totop"><a href="#summary">back to summary</a></p><h3 id="m8">com.crm.qa.testcases.ContactsPageTest#tearDown</h3><table class="result"></table><p class="totop"><a href="#summary">back to summary</a></p><h3 id="m9">com.crm.qa.testcases.DealsPageTest#setUp</h3><table class="result"></table><p class="totop"><a href="#summary">back to summary</a></p><h3 id="m10">com.crm.qa.testcases.DealsPageTest#setUp</h3><table class="result"></table><p class="totop"><a href="#summary">back to summary</a></p><h3 id="m11">com.crm.qa.testcases.DealsPageTest#setUp</h3><table class="result"></table><p class="totop"><a href="#summary">back to summary</a></p><h3 id="m12">com.crm.qa.testcases.DealsPageTest#setUp</h3><table class="result"></table><p class="totop"><a href="#summary">back to summary</a></p><h3 id="m13">com.crm.qa.testcases.DealsPageTest#setUp</h3><table class="result"></table><p class="totop"><a href="#summary">back to summary</a></p><h3 id="m14">com.crm.qa.testcases.DealsPageTest#tearDown</h3><table class="result"></table><p class="totop"><a href="#summary">back to summary</a></p><h3 id="m15">com.crm.qa.testcases.DealsPageTest#tearDown</h3><table class="result"></table><p class="totop"><a href="#summary">back to summary</a></p><h3 id="m16">com.crm.qa.testcases.DealsPageTest#tearDown</h3><table class="result"></table><p class="totop"><a href="#summary">back to summary</a></p><h3 id="m17">com.crm.qa.testcases.DealsPageTest#tearDown</h3><table class="result"></table><p class="totop"><a href="#summary">back to summary</a></p><h3 id="m18">com.crm.qa.testcases.DealsPageTest#tearDown</h3><table class="result"></table><p class="totop"><a href="#summary">back to summary</a></p><h3 id="m19">com.crm.qa.testcases.DealsPageTest#tearDown</h3><table class="result"></table><p class="totop"><a href="#summary">back to summary</a></p><h3 id="m20">com.crm.qa.testcases.HomePageTest#setUp</h3><table class="result"></table><p class="totop"><a href="#summary">back to summary</a></p><h3 id="m21">com.crm.qa.testcases.HomePageTest#setUp</h3><table class="result"></table><p class="totop"><a href="#summary">back to summary</a></p><h3 id="m22">com.crm.qa.testcases.HomePageTest#setUp</h3><table class="result"></table><p class="totop"><a href="#summary">back to summary</a></p><h3 id="m23">com.crm.qa.testcases.HomePageTest#setUp</h3><table class="result"></table><p class="totop"><a href="#summary">back to summary</a></p><h3 id="m24">com.crm.qa.testcases.HomePageTest#tearDown</h3><table class="result"></table><p class="totop"><a href="#summary">back to summary</a></p><h3 id="m25">com.crm.qa.testcases.HomePageTest#tearDown</h3><table class="result"></table><p class="totop"><a href="#summary">back to summary</a></p><h3 id="m26">com.crm.qa.testcases.HomePageTest#tearDown</h3><table class="result"></table><p class="totop"><a href="#summary">back to summary</a></p><h3 id="m27">com.crm.qa.testcases.HomePageTest#tearDown</h3><table class="result"></table><p class="totop"><a href="#summary">back to summary</a></p><h3 id="m28">com.crm.qa.testcases.HomePageTest#tearDown</h3><table class="result"></table><p class="totop"><a href="#summary">back to summary</a></p><h3 id="m29">com.crm.qa.testcases.LoginPageTest#setUp</h3><table class="result"></table><p class="totop"><a href="#summary">back to summary</a></p><h3 id="m30">com.crm.qa.testcases.LoginPageTest#setUp</h3><table class="result"></table><p class="totop"><a href="#summary">back to summary</a></p><h3 id="m31">com.crm.qa.testcases.LoginPageTest#tearDown</h3><table class="result"></table><p class="totop"><a href="#summary">back to summary</a></p><h3 id="m32">com.crm.qa.testcases.LoginPageTest#tearDown</h3><table class="result"></table><p class="totop"><a href="#summary">back to summary</a></p><h3 id="m33">com.crm.qa.testcases.LoginPageTest#tearDown</h3><table class="result"></table><p class="totop"><a href="#summary">back to summary</a></p><h3 id="m34">com.crm.qa.testcases.ContactsPageTest#validateCreateNewContact</h3><table class="result"><tr class="param"><th>Parameter #1</th><th>Parameter #2</th><th>Parameter #3</th><th>Parameter #4</th></tr><tr class="param stripe"><td>Mr.</td><td>Alley1</td><td>Yu</td><td>Apple</td></tr><tr><th colspan="4">Exception</th></tr><tr><td colspan="4"><div class="stacktrace">org.openqa.selenium.SessionNotCreatedException: session not created: This version of ChromeDriver only supports Chrome version 81
Build info: version: &apos;3.141.59&apos;, revision: &apos;e82be7d358&apos;, time: &apos;2018-11-14T08:17:03&apos;
System info: host: &apos;LEIs-MacBook-Pro.local&apos;, ip: &apos;2601:644:8a00:13f8:dc43:15ae:402f:44c6%en0&apos;, os.name: &apos;Mac OS X&apos;, os.arch: &apos;x86_64&apos;, os.version: &apos;10.15.4&apos;, java.version: &apos;13.0.2&apos;
Driver info: driver.version: ChromeDriver
remote stacktrace: 0   chromedriver                        0x000000010240f789 chromedriver + 4671369
1   chromedriver                        0x00000001023aa5d3 chromedriver + 4257235
2   chromedriver                        0x000000010205400f chromedriver + 757775
3   chromedriver                        0x0000000101fb3fc9 chromedriver + 102345
4   chromedriver                        0x0000000101fb01fc chromedriver + 86524
5   chromedriver                        0x0000000101fdf403 chromedriver + 279555
6   chromedriver                        0x0000000101fdc213 chromedriver + 266771
7   chromedriver                        0x0000000101fb621d chromedriver + 111133
8   chromedriver                        0x0000000101fb71c5 chromedriver + 115141
9   chromedriver                        0x00000001023d203f chromedriver + 4419647
10  chromedriver                        0x00000001023decda chromedriver + 4472026
11  chromedriver                        0x00000001023dea77 chromedriver + 4471415
12  chromedriver                        0x00000001023b6189 chromedriver + 4305289
13  chromedriver                        0x00000001023df587 chromedriver + 4474247
14  chromedriver                        0x00000001023c7dc7 chromedriver + 4378055
15  chromedriver                        0x00000001023f57f4 chromedriver + 4564980
16  chromedriver                        0x0000000102415717 chromedriver + 4695831
17  libsystem_pthread.dylib             0x00007fff70257109 _pthread_start + 148
18  libsystem_pthread.dylib             0x00007fff70252b8b thread_start + 15

	at org.openqa.selenium.remote.W3CHandshakeResponse.lambda$errorHandler$0(W3CHandshakeResponse.java:62)
	at org.openqa.selenium.remote.HandshakeResponse.lambda$getResponseFunction$0(HandshakeResponse.java:30)
	at org.openqa.selenium.remote.ProtocolHandshake.lambda$createSession$0(ProtocolHandshake.java:126)
	at java.base/java.util.stream.ReferencePipeline$3$1.accept(ReferencePipeline.java:195)
	at java.base/java.util.Spliterators$ArraySpliterator.tryAdvance(Spliterators.java:958)
	at java.base/java.util.stream.ReferencePipeline.forEachWithCancel(ReferencePipeline.java:127)
	at java.base/java.util.stream.AbstractPipeline.copyIntoWithCancel(AbstractPipeline.java:502)
	at java.base/java.util.stream.AbstractPipeline.copyInto(AbstractPipeline.java:488)
	at java.base/java.util.stream.AbstractPipeline.wrapAndCopyInto(AbstractPipeline.java:474)
	at java.base/java.util.stream.FindOps$FindOp.evaluateSequential(FindOps.java:150)
	at java.base/java.util.stream.AbstractPipeline.evaluate(AbstractPipeline.java:234)
	at java.base/java.util.stream.ReferencePipeline.findFirst(ReferencePipeline.java:543)
	at org.openqa.selenium.remote.ProtocolHandshake.createSession(ProtocolHandshake.java:128)
	at org.openqa.selenium.remote.ProtocolHandshake.createSession(ProtocolHandshake.java:74)
	at org.openqa.selenium.remote.HttpCommandExecutor.execute(HttpCommandExecutor.java:136)
	at org.openqa.selenium.remote.service.DriverCommandExecutor.execute(DriverCommandExecutor.java:83)
	at org.openqa.selenium.remote.RemoteWebDriver.execute(RemoteWebDriver.java:552)
	at org.openqa.selenium.remote.RemoteWebDriver.startSession(RemoteWebDriver.java:213)
	at org.openqa.selenium.remote.RemoteWebDriver.&lt;init&gt;(RemoteWebDriver.java:131)
	at org.openqa.selenium.chrome.ChromeDriver.&lt;init&gt;(ChromeDriver.java:181)
	at org.openqa.selenium.chrome.ChromeDriver.&lt;init&gt;(ChromeDriver.java:168)
	at org.openqa.selenium.chrome.ChromeDriver.&lt;init&gt;(ChromeDriver.java:123)
	at com.crm.qa.base.TestBase.initialization(TestBase.java:52)
	at com.crm.qa.testcases.ContactsPageTest.setUp(ContactsPageTest.java:36)
... Removed 37 stack frames</div></td></tr></table><p class="totop"><a href="#summary">back to summary</a></p><h3 id="m35">com.crm.qa.testcases.ContactsPageTest#validateCreateNewContact</h3><table class="result"><tr class="param"><th>Parameter #1</th><th>Parameter #2</th><th>Parameter #3</th><th>Parameter #4</th></tr><tr class="param stripe"><td>Mrs.</td><td>Alley2</td><td>Yu</td><td>Amazon</td></tr><tr><th colspan="4">Exception</th></tr><tr><td colspan="4"><div class="stacktrace">org.openqa.selenium.SessionNotCreatedException: session not created: This version of ChromeDriver only supports Chrome version 81
Build info: version: &apos;3.141.59&apos;, revision: &apos;e82be7d358&apos;, time: &apos;2018-11-14T08:17:03&apos;
System info: host: &apos;LEIs-MacBook-Pro.local&apos;, ip: &apos;2601:644:8a00:13f8:dc43:15ae:402f:44c6%en0&apos;, os.name: &apos;Mac OS X&apos;, os.arch: &apos;x86_64&apos;, os.version: &apos;10.15.4&apos;, java.version: &apos;13.0.2&apos;
Driver info: driver.version: ChromeDriver
remote stacktrace: 0   chromedriver                        0x000000010240f789 chromedriver + 4671369
1   chromedriver                        0x00000001023aa5d3 chromedriver + 4257235
2   chromedriver                        0x000000010205400f chromedriver + 757775
3   chromedriver                        0x0000000101fb3fc9 chromedriver + 102345
4   chromedriver                        0x0000000101fb01fc chromedriver + 86524
5   chromedriver                        0x0000000101fdf403 chromedriver + 279555
6   chromedriver                        0x0000000101fdc213 chromedriver + 266771
7   chromedriver                        0x0000000101fb621d chromedriver + 111133
8   chromedriver                        0x0000000101fb71c5 chromedriver + 115141
9   chromedriver                        0x00000001023d203f chromedriver + 4419647
10  chromedriver                        0x00000001023decda chromedriver + 4472026
11  chromedriver                        0x00000001023dea77 chromedriver + 4471415
12  chromedriver                        0x00000001023b6189 chromedriver + 4305289
13  chromedriver                        0x00000001023df587 chromedriver + 4474247
14  chromedriver                        0x00000001023c7dc7 chromedriver + 4378055
15  chromedriver                        0x00000001023f57f4 chromedriver + 4564980
16  chromedriver                        0x0000000102415717 chromedriver + 4695831
17  libsystem_pthread.dylib             0x00007fff70257109 _pthread_start + 148
18  libsystem_pthread.dylib             0x00007fff70252b8b thread_start + 15

	at org.openqa.selenium.remote.W3CHandshakeResponse.lambda$errorHandler$0(W3CHandshakeResponse.java:62)
	at org.openqa.selenium.remote.HandshakeResponse.lambda$getResponseFunction$0(HandshakeResponse.java:30)
	at org.openqa.selenium.remote.ProtocolHandshake.lambda$createSession$0(ProtocolHandshake.java:126)
	at java.base/java.util.stream.ReferencePipeline$3$1.accept(ReferencePipeline.java:195)
	at java.base/java.util.Spliterators$ArraySpliterator.tryAdvance(Spliterators.java:958)
	at java.base/java.util.stream.ReferencePipeline.forEachWithCancel(ReferencePipeline.java:127)
	at java.base/java.util.stream.AbstractPipeline.copyIntoWithCancel(AbstractPipeline.java:502)
	at java.base/java.util.stream.AbstractPipeline.copyInto(AbstractPipeline.java:488)
	at java.base/java.util.stream.AbstractPipeline.wrapAndCopyInto(AbstractPipeline.java:474)
	at java.base/java.util.stream.FindOps$FindOp.evaluateSequential(FindOps.java:150)
	at java.base/java.util.stream.AbstractPipeline.evaluate(AbstractPipeline.java:234)
	at java.base/java.util.stream.ReferencePipeline.findFirst(ReferencePipeline.java:543)
	at org.openqa.selenium.remote.ProtocolHandshake.createSession(ProtocolHandshake.java:128)
	at org.openqa.selenium.remote.ProtocolHandshake.createSession(ProtocolHandshake.java:74)
	at org.openqa.selenium.remote.HttpCommandExecutor.execute(HttpCommandExecutor.java:136)
	at org.openqa.selenium.remote.service.DriverCommandExecutor.execute(DriverCommandExecutor.java:83)
	at org.openqa.selenium.remote.RemoteWebDriver.execute(RemoteWebDriver.java:552)
	at org.openqa.selenium.remote.RemoteWebDriver.startSession(RemoteWebDriver.java:213)
	at org.openqa.selenium.remote.RemoteWebDriver.&lt;init&gt;(RemoteWebDriver.java:131)
	at org.openqa.selenium.chrome.ChromeDriver.&lt;init&gt;(ChromeDriver.java:181)
	at org.openqa.selenium.chrome.ChromeDriver.&lt;init&gt;(ChromeDriver.java:168)
	at org.openqa.selenium.chrome.ChromeDriver.&lt;init&gt;(ChromeDriver.java:123)
	at com.crm.qa.base.TestBase.initialization(TestBase.java:52)
	at com.crm.qa.testcases.ContactsPageTest.setUp(ContactsPageTest.java:36)
... Removed 37 stack frames</div></td></tr></table><p class="totop"><a href="#summary">back to summary</a></p><h3 id="m36">com.crm.qa.testcases.ContactsPageTest#validateCreateNewContact</h3><table class="result"><tr class="param"><th>Parameter #1</th><th>Parameter #2</th><th>Parameter #3</th><th>Parameter #4</th></tr><tr class="param stripe"><td>Dr.</td><td>Alley3</td><td>Yu</td><td>Google</td></tr><tr><th colspan="4">Exception</th></tr><tr><td colspan="4"><div class="stacktrace">org.openqa.selenium.SessionNotCreatedException: session not created: This version of ChromeDriver only supports Chrome version 81
Build info: version: &apos;3.141.59&apos;, revision: &apos;e82be7d358&apos;, time: &apos;2018-11-14T08:17:03&apos;
System info: host: &apos;LEIs-MacBook-Pro.local&apos;, ip: &apos;2601:644:8a00:13f8:dc43:15ae:402f:44c6%en0&apos;, os.name: &apos;Mac OS X&apos;, os.arch: &apos;x86_64&apos;, os.version: &apos;10.15.4&apos;, java.version: &apos;13.0.2&apos;
Driver info: driver.version: ChromeDriver
remote stacktrace: 0   chromedriver                        0x000000010240f789 chromedriver + 4671369
1   chromedriver                        0x00000001023aa5d3 chromedriver + 4257235
2   chromedriver                        0x000000010205400f chromedriver + 757775
3   chromedriver                        0x0000000101fb3fc9 chromedriver + 102345
4   chromedriver                        0x0000000101fb01fc chromedriver + 86524
5   chromedriver                        0x0000000101fdf403 chromedriver + 279555
6   chromedriver                        0x0000000101fdc213 chromedriver + 266771
7   chromedriver                        0x0000000101fb621d chromedriver + 111133
8   chromedriver                        0x0000000101fb71c5 chromedriver + 115141
9   chromedriver                        0x00000001023d203f chromedriver + 4419647
10  chromedriver                        0x00000001023decda chromedriver + 4472026
11  chromedriver                        0x00000001023dea77 chromedriver + 4471415
12  chromedriver                        0x00000001023b6189 chromedriver + 4305289
13  chromedriver                        0x00000001023df587 chromedriver + 4474247
14  chromedriver                        0x00000001023c7dc7 chromedriver + 4378055
15  chromedriver                        0x00000001023f57f4 chromedriver + 4564980
16  chromedriver                        0x0000000102415717 chromedriver + 4695831
17  libsystem_pthread.dylib             0x00007fff70257109 _pthread_start + 148
18  libsystem_pthread.dylib             0x00007fff70252b8b thread_start + 15

	at org.openqa.selenium.remote.W3CHandshakeResponse.lambda$errorHandler$0(W3CHandshakeResponse.java:62)
	at org.openqa.selenium.remote.HandshakeResponse.lambda$getResponseFunction$0(HandshakeResponse.java:30)
	at org.openqa.selenium.remote.ProtocolHandshake.lambda$createSession$0(ProtocolHandshake.java:126)
	at java.base/java.util.stream.ReferencePipeline$3$1.accept(ReferencePipeline.java:195)
	at java.base/java.util.Spliterators$ArraySpliterator.tryAdvance(Spliterators.java:958)
	at java.base/java.util.stream.ReferencePipeline.forEachWithCancel(ReferencePipeline.java:127)
	at java.base/java.util.stream.AbstractPipeline.copyIntoWithCancel(AbstractPipeline.java:502)
	at java.base/java.util.stream.AbstractPipeline.copyInto(AbstractPipeline.java:488)
	at java.base/java.util.stream.AbstractPipeline.wrapAndCopyInto(AbstractPipeline.java:474)
	at java.base/java.util.stream.FindOps$FindOp.evaluateSequential(FindOps.java:150)
	at java.base/java.util.stream.AbstractPipeline.evaluate(AbstractPipeline.java:234)
	at java.base/java.util.stream.ReferencePipeline.findFirst(ReferencePipeline.java:543)
	at org.openqa.selenium.remote.ProtocolHandshake.createSession(ProtocolHandshake.java:128)
	at org.openqa.selenium.remote.ProtocolHandshake.createSession(ProtocolHandshake.java:74)
	at org.openqa.selenium.remote.HttpCommandExecutor.execute(HttpCommandExecutor.java:136)
	at org.openqa.selenium.remote.service.DriverCommandExecutor.execute(DriverCommandExecutor.java:83)
	at org.openqa.selenium.remote.RemoteWebDriver.execute(RemoteWebDriver.java:552)
	at org.openqa.selenium.remote.RemoteWebDriver.startSession(RemoteWebDriver.java:213)
	at org.openqa.selenium.remote.RemoteWebDriver.&lt;init&gt;(RemoteWebDriver.java:131)
	at org.openqa.selenium.chrome.ChromeDriver.&lt;init&gt;(ChromeDriver.java:181)
	at org.openqa.selenium.chrome.ChromeDriver.&lt;init&gt;(ChromeDriver.java:168)
	at org.openqa.selenium.chrome.ChromeDriver.&lt;init&gt;(ChromeDriver.java:123)
	at com.crm.qa.base.TestBase.initialization(TestBase.java:52)
	at com.crm.qa.testcases.ContactsPageTest.setUp(ContactsPageTest.java:36)
... Removed 37 stack frames</div></td></tr></table><p class="totop"><a href="#summary">back to summary</a></p><h3 id="m37">com.crm.qa.testcases.DealsPageTest#checkDealsLabel</h3><table class="result"><tr><th>Exception</th></tr><tr><td><div class="stacktrace">org.openqa.selenium.SessionNotCreatedException: session not created: This version of ChromeDriver only supports Chrome version 81
Build info: version: &apos;3.141.59&apos;, revision: &apos;e82be7d358&apos;, time: &apos;2018-11-14T08:17:03&apos;
System info: host: &apos;LEIs-MacBook-Pro.local&apos;, ip: &apos;2601:644:8a00:13f8:dc43:15ae:402f:44c6%en0&apos;, os.name: &apos;Mac OS X&apos;, os.arch: &apos;x86_64&apos;, os.version: &apos;10.15.4&apos;, java.version: &apos;13.0.2&apos;
Driver info: driver.version: ChromeDriver
remote stacktrace: 0   chromedriver                        0x000000010b62b789 chromedriver + 4671369
1   chromedriver                        0x000000010b5c65d3 chromedriver + 4257235
2   chromedriver                        0x000000010b27000f chromedriver + 757775
3   chromedriver                        0x000000010b1cffc9 chromedriver + 102345
4   chromedriver                        0x000000010b1cc1fc chromedriver + 86524
5   chromedriver                        0x000000010b1fb403 chromedriver + 279555
6   chromedriver                        0x000000010b1f8213 chromedriver + 266771
7   chromedriver                        0x000000010b1d221d chromedriver + 111133
8   chromedriver                        0x000000010b1d31c5 chromedriver + 115141
9   chromedriver                        0x000000010b5ee03f chromedriver + 4419647
10  chromedriver                        0x000000010b5facda chromedriver + 4472026
11  chromedriver                        0x000000010b5faa77 chromedriver + 4471415
12  chromedriver                        0x000000010b5d2189 chromedriver + 4305289
13  chromedriver                        0x000000010b5fb587 chromedriver + 4474247
14  chromedriver                        0x000000010b5e3dc7 chromedriver + 4378055
15  chromedriver                        0x000000010b6117f4 chromedriver + 4564980
16  chromedriver                        0x000000010b631717 chromedriver + 4695831
17  libsystem_pthread.dylib             0x00007fff70257109 _pthread_start + 148
18  libsystem_pthread.dylib             0x00007fff70252b8b thread_start + 15

	at org.openqa.selenium.remote.W3CHandshakeResponse.lambda$errorHandler$0(W3CHandshakeResponse.java:62)
	at org.openqa.selenium.remote.HandshakeResponse.lambda$getResponseFunction$0(HandshakeResponse.java:30)
	at org.openqa.selenium.remote.ProtocolHandshake.lambda$createSession$0(ProtocolHandshake.java:126)
	at java.base/java.util.stream.ReferencePipeline$3$1.accept(ReferencePipeline.java:195)
	at java.base/java.util.Spliterators$ArraySpliterator.tryAdvance(Spliterators.java:958)
	at java.base/java.util.stream.ReferencePipeline.forEachWithCancel(ReferencePipeline.java:127)
	at java.base/java.util.stream.AbstractPipeline.copyIntoWithCancel(AbstractPipeline.java:502)
	at java.base/java.util.stream.AbstractPipeline.copyInto(AbstractPipeline.java:488)
	at java.base/java.util.stream.AbstractPipeline.wrapAndCopyInto(AbstractPipeline.java:474)
	at java.base/java.util.stream.FindOps$FindOp.evaluateSequential(FindOps.java:150)
	at java.base/java.util.stream.AbstractPipeline.evaluate(AbstractPipeline.java:234)
	at java.base/java.util.stream.ReferencePipeline.findFirst(ReferencePipeline.java:543)
	at org.openqa.selenium.remote.ProtocolHandshake.createSession(ProtocolHandshake.java:128)
	at org.openqa.selenium.remote.ProtocolHandshake.createSession(ProtocolHandshake.java:74)
	at org.openqa.selenium.remote.HttpCommandExecutor.execute(HttpCommandExecutor.java:136)
	at org.openqa.selenium.remote.service.DriverCommandExecutor.execute(DriverCommandExecutor.java:83)
	at org.openqa.selenium.remote.RemoteWebDriver.execute(RemoteWebDriver.java:552)
	at org.openqa.selenium.remote.RemoteWebDriver.startSession(RemoteWebDriver.java:213)
	at org.openqa.selenium.remote.RemoteWebDriver.&lt;init&gt;(RemoteWebDriver.java:131)
	at org.openqa.selenium.chrome.ChromeDriver.&lt;init&gt;(ChromeDriver.java:181)
	at org.openqa.selenium.chrome.ChromeDriver.&lt;init&gt;(ChromeDriver.java:168)
	at org.openqa.selenium.chrome.ChromeDriver.&lt;init&gt;(ChromeDriver.java:123)
	at com.crm.qa.base.TestBase.initialization(TestBase.java:52)
	at com.crm.qa.testcases.DealsPageTest.setUp(DealsPageTest.java:36)
... Removed 37 stack frames</div></td></tr></table><p class="totop"><a href="#summary">back to summary</a></p><h3 id="m38">com.crm.qa.testcases.DealsPageTest#clickDealsOrderByDesc</h3><table class="result"><tr><th>Exception</th></tr><tr><td><div class="stacktrace">org.openqa.selenium.SessionNotCreatedException: session not created: This version of ChromeDriver only supports Chrome version 81
Build info: version: &apos;3.141.59&apos;, revision: &apos;e82be7d358&apos;, time: &apos;2018-11-14T08:17:03&apos;
System info: host: &apos;LEIs-MacBook-Pro.local&apos;, ip: &apos;2601:644:8a00:13f8:dc43:15ae:402f:44c6%en0&apos;, os.name: &apos;Mac OS X&apos;, os.arch: &apos;x86_64&apos;, os.version: &apos;10.15.4&apos;, java.version: &apos;13.0.2&apos;
Driver info: driver.version: ChromeDriver
remote stacktrace: 0   chromedriver                        0x000000010b62b789 chromedriver + 4671369
1   chromedriver                        0x000000010b5c65d3 chromedriver + 4257235
2   chromedriver                        0x000000010b27000f chromedriver + 757775
3   chromedriver                        0x000000010b1cffc9 chromedriver + 102345
4   chromedriver                        0x000000010b1cc1fc chromedriver + 86524
5   chromedriver                        0x000000010b1fb403 chromedriver + 279555
6   chromedriver                        0x000000010b1f8213 chromedriver + 266771
7   chromedriver                        0x000000010b1d221d chromedriver + 111133
8   chromedriver                        0x000000010b1d31c5 chromedriver + 115141
9   chromedriver                        0x000000010b5ee03f chromedriver + 4419647
10  chromedriver                        0x000000010b5facda chromedriver + 4472026
11  chromedriver                        0x000000010b5faa77 chromedriver + 4471415
12  chromedriver                        0x000000010b5d2189 chromedriver + 4305289
13  chromedriver                        0x000000010b5fb587 chromedriver + 4474247
14  chromedriver                        0x000000010b5e3dc7 chromedriver + 4378055
15  chromedriver                        0x000000010b6117f4 chromedriver + 4564980
16  chromedriver                        0x000000010b631717 chromedriver + 4695831
17  libsystem_pthread.dylib             0x00007fff70257109 _pthread_start + 148
18  libsystem_pthread.dylib             0x00007fff70252b8b thread_start + 15

	at org.openqa.selenium.remote.W3CHandshakeResponse.lambda$errorHandler$0(W3CHandshakeResponse.java:62)
	at org.openqa.selenium.remote.HandshakeResponse.lambda$getResponseFunction$0(HandshakeResponse.java:30)
	at org.openqa.selenium.remote.ProtocolHandshake.lambda$createSession$0(ProtocolHandshake.java:126)
	at java.base/java.util.stream.ReferencePipeline$3$1.accept(ReferencePipeline.java:195)
	at java.base/java.util.Spliterators$ArraySpliterator.tryAdvance(Spliterators.java:958)
	at java.base/java.util.stream.ReferencePipeline.forEachWithCancel(ReferencePipeline.java:127)
	at java.base/java.util.stream.AbstractPipeline.copyIntoWithCancel(AbstractPipeline.java:502)
	at java.base/java.util.stream.AbstractPipeline.copyInto(AbstractPipeline.java:488)
	at java.base/java.util.stream.AbstractPipeline.wrapAndCopyInto(AbstractPipeline.java:474)
	at java.base/java.util.stream.FindOps$FindOp.evaluateSequential(FindOps.java:150)
	at java.base/java.util.stream.AbstractPipeline.evaluate(AbstractPipeline.java:234)
	at java.base/java.util.stream.ReferencePipeline.findFirst(ReferencePipeline.java:543)
	at org.openqa.selenium.remote.ProtocolHandshake.createSession(ProtocolHandshake.java:128)
	at org.openqa.selenium.remote.ProtocolHandshake.createSession(ProtocolHandshake.java:74)
	at org.openqa.selenium.remote.HttpCommandExecutor.execute(HttpCommandExecutor.java:136)
	at org.openqa.selenium.remote.service.DriverCommandExecutor.execute(DriverCommandExecutor.java:83)
	at org.openqa.selenium.remote.RemoteWebDriver.execute(RemoteWebDriver.java:552)
	at org.openqa.selenium.remote.RemoteWebDriver.startSession(RemoteWebDriver.java:213)
	at org.openqa.selenium.remote.RemoteWebDriver.&lt;init&gt;(RemoteWebDriver.java:131)
	at org.openqa.selenium.chrome.ChromeDriver.&lt;init&gt;(ChromeDriver.java:181)
	at org.openqa.selenium.chrome.ChromeDriver.&lt;init&gt;(ChromeDriver.java:168)
	at org.openqa.selenium.chrome.ChromeDriver.&lt;init&gt;(ChromeDriver.java:123)
	at com.crm.qa.base.TestBase.initialization(TestBase.java:52)
	at com.crm.qa.testcases.DealsPageTest.setUp(DealsPageTest.java:36)
... Removed 37 stack frames</div></td></tr></table><p class="totop"><a href="#summary">back to summary</a></p><h3 id="m39">com.crm.qa.testcases.DealsPageTest#createNewDealWithData</h3><table class="result"><tr class="param"><th>Parameter #1</th><th>Parameter #2</th><th>Parameter #3</th></tr><tr class="param stripe"><td>B1G2NEW</td><td>Apple</td><td>30.0</td></tr><tr><th colspan="3">Exception</th></tr><tr><td colspan="3"><div class="stacktrace">org.openqa.selenium.SessionNotCreatedException: session not created: This version of ChromeDriver only supports Chrome version 81
Build info: version: &apos;3.141.59&apos;, revision: &apos;e82be7d358&apos;, time: &apos;2018-11-14T08:17:03&apos;
System info: host: &apos;LEIs-MacBook-Pro.local&apos;, ip: &apos;2601:644:8a00:13f8:dc43:15ae:402f:44c6%en0&apos;, os.name: &apos;Mac OS X&apos;, os.arch: &apos;x86_64&apos;, os.version: &apos;10.15.4&apos;, java.version: &apos;13.0.2&apos;
Driver info: driver.version: ChromeDriver
remote stacktrace: 0   chromedriver                        0x000000010b62b789 chromedriver + 4671369
1   chromedriver                        0x000000010b5c65d3 chromedriver + 4257235
2   chromedriver                        0x000000010b27000f chromedriver + 757775
3   chromedriver                        0x000000010b1cffc9 chromedriver + 102345
4   chromedriver                        0x000000010b1cc1fc chromedriver + 86524
5   chromedriver                        0x000000010b1fb403 chromedriver + 279555
6   chromedriver                        0x000000010b1f8213 chromedriver + 266771
7   chromedriver                        0x000000010b1d221d chromedriver + 111133
8   chromedriver                        0x000000010b1d31c5 chromedriver + 115141
9   chromedriver                        0x000000010b5ee03f chromedriver + 4419647
10  chromedriver                        0x000000010b5facda chromedriver + 4472026
11  chromedriver                        0x000000010b5faa77 chromedriver + 4471415
12  chromedriver                        0x000000010b5d2189 chromedriver + 4305289
13  chromedriver                        0x000000010b5fb587 chromedriver + 4474247
14  chromedriver                        0x000000010b5e3dc7 chromedriver + 4378055
15  chromedriver                        0x000000010b6117f4 chromedriver + 4564980
16  chromedriver                        0x000000010b631717 chromedriver + 4695831
17  libsystem_pthread.dylib             0x00007fff70257109 _pthread_start + 148
18  libsystem_pthread.dylib             0x00007fff70252b8b thread_start + 15

	at org.openqa.selenium.remote.W3CHandshakeResponse.lambda$errorHandler$0(W3CHandshakeResponse.java:62)
	at org.openqa.selenium.remote.HandshakeResponse.lambda$getResponseFunction$0(HandshakeResponse.java:30)
	at org.openqa.selenium.remote.ProtocolHandshake.lambda$createSession$0(ProtocolHandshake.java:126)
	at java.base/java.util.stream.ReferencePipeline$3$1.accept(ReferencePipeline.java:195)
	at java.base/java.util.Spliterators$ArraySpliterator.tryAdvance(Spliterators.java:958)
	at java.base/java.util.stream.ReferencePipeline.forEachWithCancel(ReferencePipeline.java:127)
	at java.base/java.util.stream.AbstractPipeline.copyIntoWithCancel(AbstractPipeline.java:502)
	at java.base/java.util.stream.AbstractPipeline.copyInto(AbstractPipeline.java:488)
	at java.base/java.util.stream.AbstractPipeline.wrapAndCopyInto(AbstractPipeline.java:474)
	at java.base/java.util.stream.FindOps$FindOp.evaluateSequential(FindOps.java:150)
	at java.base/java.util.stream.AbstractPipeline.evaluate(AbstractPipeline.java:234)
	at java.base/java.util.stream.ReferencePipeline.findFirst(ReferencePipeline.java:543)
	at org.openqa.selenium.remote.ProtocolHandshake.createSession(ProtocolHandshake.java:128)
	at org.openqa.selenium.remote.ProtocolHandshake.createSession(ProtocolHandshake.java:74)
	at org.openqa.selenium.remote.HttpCommandExecutor.execute(HttpCommandExecutor.java:136)
	at org.openqa.selenium.remote.service.DriverCommandExecutor.execute(DriverCommandExecutor.java:83)
	at org.openqa.selenium.remote.RemoteWebDriver.execute(RemoteWebDriver.java:552)
	at org.openqa.selenium.remote.RemoteWebDriver.startSession(RemoteWebDriver.java:213)
	at org.openqa.selenium.remote.RemoteWebDriver.&lt;init&gt;(RemoteWebDriver.java:131)
	at org.openqa.selenium.chrome.ChromeDriver.&lt;init&gt;(ChromeDriver.java:181)
	at org.openqa.selenium.chrome.ChromeDriver.&lt;init&gt;(ChromeDriver.java:168)
	at org.openqa.selenium.chrome.ChromeDriver.&lt;init&gt;(ChromeDriver.java:123)
	at com.crm.qa.base.TestBase.initialization(TestBase.java:52)
	at com.crm.qa.testcases.DealsPageTest.setUp(DealsPageTest.java:36)
... Removed 37 stack frames</div></td></tr></table><p class="totop"><a href="#summary">back to summary</a></p><h3 id="m40">com.crm.qa.testcases.DealsPageTest#createNewDealWithData</h3><table class="result"><tr class="param"><th>Parameter #1</th><th>Parameter #2</th><th>Parameter #3</th></tr><tr class="param stripe"><td>BOGO1</td><td>WALMART</td><td>20.0</td></tr><tr><th colspan="3">Exception</th></tr><tr><td colspan="3"><div class="stacktrace">org.openqa.selenium.SessionNotCreatedException: session not created: This version of ChromeDriver only supports Chrome version 81
Build info: version: &apos;3.141.59&apos;, revision: &apos;e82be7d358&apos;, time: &apos;2018-11-14T08:17:03&apos;
System info: host: &apos;LEIs-MacBook-Pro.local&apos;, ip: &apos;2601:644:8a00:13f8:dc43:15ae:402f:44c6%en0&apos;, os.name: &apos;Mac OS X&apos;, os.arch: &apos;x86_64&apos;, os.version: &apos;10.15.4&apos;, java.version: &apos;13.0.2&apos;
Driver info: driver.version: ChromeDriver
remote stacktrace: 0   chromedriver                        0x000000010b62b789 chromedriver + 4671369
1   chromedriver                        0x000000010b5c65d3 chromedriver + 4257235
2   chromedriver                        0x000000010b27000f chromedriver + 757775
3   chromedriver                        0x000000010b1cffc9 chromedriver + 102345
4   chromedriver                        0x000000010b1cc1fc chromedriver + 86524
5   chromedriver                        0x000000010b1fb403 chromedriver + 279555
6   chromedriver                        0x000000010b1f8213 chromedriver + 266771
7   chromedriver                        0x000000010b1d221d chromedriver + 111133
8   chromedriver                        0x000000010b1d31c5 chromedriver + 115141
9   chromedriver                        0x000000010b5ee03f chromedriver + 4419647
10  chromedriver                        0x000000010b5facda chromedriver + 4472026
11  chromedriver                        0x000000010b5faa77 chromedriver + 4471415
12  chromedriver                        0x000000010b5d2189 chromedriver + 4305289
13  chromedriver                        0x000000010b5fb587 chromedriver + 4474247
14  chromedriver                        0x000000010b5e3dc7 chromedriver + 4378055
15  chromedriver                        0x000000010b6117f4 chromedriver + 4564980
16  chromedriver                        0x000000010b631717 chromedriver + 4695831
17  libsystem_pthread.dylib             0x00007fff70257109 _pthread_start + 148
18  libsystem_pthread.dylib             0x00007fff70252b8b thread_start + 15

	at org.openqa.selenium.remote.W3CHandshakeResponse.lambda$errorHandler$0(W3CHandshakeResponse.java:62)
	at org.openqa.selenium.remote.HandshakeResponse.lambda$getResponseFunction$0(HandshakeResponse.java:30)
	at org.openqa.selenium.remote.ProtocolHandshake.lambda$createSession$0(ProtocolHandshake.java:126)
	at java.base/java.util.stream.ReferencePipeline$3$1.accept(ReferencePipeline.java:195)
	at java.base/java.util.Spliterators$ArraySpliterator.tryAdvance(Spliterators.java:958)
	at java.base/java.util.stream.ReferencePipeline.forEachWithCancel(ReferencePipeline.java:127)
	at java.base/java.util.stream.AbstractPipeline.copyIntoWithCancel(AbstractPipeline.java:502)
	at java.base/java.util.stream.AbstractPipeline.copyInto(AbstractPipeline.java:488)
	at java.base/java.util.stream.AbstractPipeline.wrapAndCopyInto(AbstractPipeline.java:474)
	at java.base/java.util.stream.FindOps$FindOp.evaluateSequential(FindOps.java:150)
	at java.base/java.util.stream.AbstractPipeline.evaluate(AbstractPipeline.java:234)
	at java.base/java.util.stream.ReferencePipeline.findFirst(ReferencePipeline.java:543)
	at org.openqa.selenium.remote.ProtocolHandshake.createSession(ProtocolHandshake.java:128)
	at org.openqa.selenium.remote.ProtocolHandshake.createSession(ProtocolHandshake.java:74)
	at org.openqa.selenium.remote.HttpCommandExecutor.execute(HttpCommandExecutor.java:136)
	at org.openqa.selenium.remote.service.DriverCommandExecutor.execute(DriverCommandExecutor.java:83)
	at org.openqa.selenium.remote.RemoteWebDriver.execute(RemoteWebDriver.java:552)
	at org.openqa.selenium.remote.RemoteWebDriver.startSession(RemoteWebDriver.java:213)
	at org.openqa.selenium.remote.RemoteWebDriver.&lt;init&gt;(RemoteWebDriver.java:131)
	at org.openqa.selenium.chrome.ChromeDriver.&lt;init&gt;(ChromeDriver.java:181)
	at org.openqa.selenium.chrome.ChromeDriver.&lt;init&gt;(ChromeDriver.java:168)
	at org.openqa.selenium.chrome.ChromeDriver.&lt;init&gt;(ChromeDriver.java:123)
	at com.crm.qa.base.TestBase.initialization(TestBase.java:52)
	at com.crm.qa.testcases.DealsPageTest.setUp(DealsPageTest.java:36)
... Removed 37 stack frames</div></td></tr></table><p class="totop"><a href="#summary">back to summary</a></p><h3 id="m41">com.crm.qa.testcases.DealsPageTest#createNewDealWithData</h3><table class="result"><tr class="param"><th>Parameter #1</th><th>Parameter #2</th><th>Parameter #3</th></tr><tr class="param stripe"><td>BatchDiscount1</td><td>WALMART</td><td>100.0</td></tr><tr><th colspan="3">Exception</th></tr><tr><td colspan="3"><div class="stacktrace">org.openqa.selenium.SessionNotCreatedException: session not created: This version of ChromeDriver only supports Chrome version 81
Build info: version: &apos;3.141.59&apos;, revision: &apos;e82be7d358&apos;, time: &apos;2018-11-14T08:17:03&apos;
System info: host: &apos;LEIs-MacBook-Pro.local&apos;, ip: &apos;2601:644:8a00:13f8:dc43:15ae:402f:44c6%en0&apos;, os.name: &apos;Mac OS X&apos;, os.arch: &apos;x86_64&apos;, os.version: &apos;10.15.4&apos;, java.version: &apos;13.0.2&apos;
Driver info: driver.version: ChromeDriver
remote stacktrace: 0   chromedriver                        0x000000010b62b789 chromedriver + 4671369
1   chromedriver                        0x000000010b5c65d3 chromedriver + 4257235
2   chromedriver                        0x000000010b27000f chromedriver + 757775
3   chromedriver                        0x000000010b1cffc9 chromedriver + 102345
4   chromedriver                        0x000000010b1cc1fc chromedriver + 86524
5   chromedriver                        0x000000010b1fb403 chromedriver + 279555
6   chromedriver                        0x000000010b1f8213 chromedriver + 266771
7   chromedriver                        0x000000010b1d221d chromedriver + 111133
8   chromedriver                        0x000000010b1d31c5 chromedriver + 115141
9   chromedriver                        0x000000010b5ee03f chromedriver + 4419647
10  chromedriver                        0x000000010b5facda chromedriver + 4472026
11  chromedriver                        0x000000010b5faa77 chromedriver + 4471415
12  chromedriver                        0x000000010b5d2189 chromedriver + 4305289
13  chromedriver                        0x000000010b5fb587 chromedriver + 4474247
14  chromedriver                        0x000000010b5e3dc7 chromedriver + 4378055
15  chromedriver                        0x000000010b6117f4 chromedriver + 4564980
16  chromedriver                        0x000000010b631717 chromedriver + 4695831
17  libsystem_pthread.dylib             0x00007fff70257109 _pthread_start + 148
18  libsystem_pthread.dylib             0x00007fff70252b8b thread_start + 15

	at org.openqa.selenium.remote.W3CHandshakeResponse.lambda$errorHandler$0(W3CHandshakeResponse.java:62)
	at org.openqa.selenium.remote.HandshakeResponse.lambda$getResponseFunction$0(HandshakeResponse.java:30)
	at org.openqa.selenium.remote.ProtocolHandshake.lambda$createSession$0(ProtocolHandshake.java:126)
	at java.base/java.util.stream.ReferencePipeline$3$1.accept(ReferencePipeline.java:195)
	at java.base/java.util.Spliterators$ArraySpliterator.tryAdvance(Spliterators.java:958)
	at java.base/java.util.stream.ReferencePipeline.forEachWithCancel(ReferencePipeline.java:127)
	at java.base/java.util.stream.AbstractPipeline.copyIntoWithCancel(AbstractPipeline.java:502)
	at java.base/java.util.stream.AbstractPipeline.copyInto(AbstractPipeline.java:488)
	at java.base/java.util.stream.AbstractPipeline.wrapAndCopyInto(AbstractPipeline.java:474)
	at java.base/java.util.stream.FindOps$FindOp.evaluateSequential(FindOps.java:150)
	at java.base/java.util.stream.AbstractPipeline.evaluate(AbstractPipeline.java:234)
	at java.base/java.util.stream.ReferencePipeline.findFirst(ReferencePipeline.java:543)
	at org.openqa.selenium.remote.ProtocolHandshake.createSession(ProtocolHandshake.java:128)
	at org.openqa.selenium.remote.ProtocolHandshake.createSession(ProtocolHandshake.java:74)
	at org.openqa.selenium.remote.HttpCommandExecutor.execute(HttpCommandExecutor.java:136)
	at org.openqa.selenium.remote.service.DriverCommandExecutor.execute(DriverCommandExecutor.java:83)
	at org.openqa.selenium.remote.RemoteWebDriver.execute(RemoteWebDriver.java:552)
	at org.openqa.selenium.remote.RemoteWebDriver.startSession(RemoteWebDriver.java:213)
	at org.openqa.selenium.remote.RemoteWebDriver.&lt;init&gt;(RemoteWebDriver.java:131)
	at org.openqa.selenium.chrome.ChromeDriver.&lt;init&gt;(ChromeDriver.java:181)
	at org.openqa.selenium.chrome.ChromeDriver.&lt;init&gt;(ChromeDriver.java:168)
	at org.openqa.selenium.chrome.ChromeDriver.&lt;init&gt;(ChromeDriver.java:123)
	at com.crm.qa.base.TestBase.initialization(TestBase.java:52)
	at com.crm.qa.testcases.DealsPageTest.setUp(DealsPageTest.java:36)
... Removed 37 stack frames</div></td></tr></table><p class="totop"><a href="#summary">back to summary</a></p><h3 id="m42">com.crm.qa.testcases.DealsPageTest#createNewDealWithData</h3><table class="result"><tr class="param"><th>Parameter #1</th><th>Parameter #2</th><th>Parameter #3</th></tr><tr class="param stripe"><td>10OFF</td><td>Target</td><td>100.0</td></tr><tr><th colspan="3">Exception</th></tr><tr><td colspan="3"><div class="stacktrace">org.openqa.selenium.SessionNotCreatedException: session not created: This version of ChromeDriver only supports Chrome version 81
Build info: version: &apos;3.141.59&apos;, revision: &apos;e82be7d358&apos;, time: &apos;2018-11-14T08:17:03&apos;
System info: host: &apos;LEIs-MacBook-Pro.local&apos;, ip: &apos;2601:644:8a00:13f8:dc43:15ae:402f:44c6%en0&apos;, os.name: &apos;Mac OS X&apos;, os.arch: &apos;x86_64&apos;, os.version: &apos;10.15.4&apos;, java.version: &apos;13.0.2&apos;
Driver info: driver.version: ChromeDriver
remote stacktrace: 0   chromedriver                        0x000000010b62b789 chromedriver + 4671369
1   chromedriver                        0x000000010b5c65d3 chromedriver + 4257235
2   chromedriver                        0x000000010b27000f chromedriver + 757775
3   chromedriver                        0x000000010b1cffc9 chromedriver + 102345
4   chromedriver                        0x000000010b1cc1fc chromedriver + 86524
5   chromedriver                        0x000000010b1fb403 chromedriver + 279555
6   chromedriver                        0x000000010b1f8213 chromedriver + 266771
7   chromedriver                        0x000000010b1d221d chromedriver + 111133
8   chromedriver                        0x000000010b1d31c5 chromedriver + 115141
9   chromedriver                        0x000000010b5ee03f chromedriver + 4419647
10  chromedriver                        0x000000010b5facda chromedriver + 4472026
11  chromedriver                        0x000000010b5faa77 chromedriver + 4471415
12  chromedriver                        0x000000010b5d2189 chromedriver + 4305289
13  chromedriver                        0x000000010b5fb587 chromedriver + 4474247
14  chromedriver                        0x000000010b5e3dc7 chromedriver + 4378055
15  chromedriver                        0x000000010b6117f4 chromedriver + 4564980
16  chromedriver                        0x000000010b631717 chromedriver + 4695831
17  libsystem_pthread.dylib             0x00007fff70257109 _pthread_start + 148
18  libsystem_pthread.dylib             0x00007fff70252b8b thread_start + 15

	at org.openqa.selenium.remote.W3CHandshakeResponse.lambda$errorHandler$0(W3CHandshakeResponse.java:62)
	at org.openqa.selenium.remote.HandshakeResponse.lambda$getResponseFunction$0(HandshakeResponse.java:30)
	at org.openqa.selenium.remote.ProtocolHandshake.lambda$createSession$0(ProtocolHandshake.java:126)
	at java.base/java.util.stream.ReferencePipeline$3$1.accept(ReferencePipeline.java:195)
	at java.base/java.util.Spliterators$ArraySpliterator.tryAdvance(Spliterators.java:958)
	at java.base/java.util.stream.ReferencePipeline.forEachWithCancel(ReferencePipeline.java:127)
	at java.base/java.util.stream.AbstractPipeline.copyIntoWithCancel(AbstractPipeline.java:502)
	at java.base/java.util.stream.AbstractPipeline.copyInto(AbstractPipeline.java:488)
	at java.base/java.util.stream.AbstractPipeline.wrapAndCopyInto(AbstractPipeline.java:474)
	at java.base/java.util.stream.FindOps$FindOp.evaluateSequential(FindOps.java:150)
	at java.base/java.util.stream.AbstractPipeline.evaluate(AbstractPipeline.java:234)
	at java.base/java.util.stream.ReferencePipeline.findFirst(ReferencePipeline.java:543)
	at org.openqa.selenium.remote.ProtocolHandshake.createSession(ProtocolHandshake.java:128)
	at org.openqa.selenium.remote.ProtocolHandshake.createSession(ProtocolHandshake.java:74)
	at org.openqa.selenium.remote.HttpCommandExecutor.execute(HttpCommandExecutor.java:136)
	at org.openqa.selenium.remote.service.DriverCommandExecutor.execute(DriverCommandExecutor.java:83)
	at org.openqa.selenium.remote.RemoteWebDriver.execute(RemoteWebDriver.java:552)
	at org.openqa.selenium.remote.RemoteWebDriver.startSession(RemoteWebDriver.java:213)
	at org.openqa.selenium.remote.RemoteWebDriver.&lt;init&gt;(RemoteWebDriver.java:131)
	at org.openqa.selenium.chrome.ChromeDriver.&lt;init&gt;(ChromeDriver.java:181)
	at org.openqa.selenium.chrome.ChromeDriver.&lt;init&gt;(ChromeDriver.java:168)
	at org.openqa.selenium.chrome.ChromeDriver.&lt;init&gt;(ChromeDriver.java:123)
	at com.crm.qa.base.TestBase.initialization(TestBase.java:52)
	at com.crm.qa.testcases.DealsPageTest.setUp(DealsPageTest.java:36)
... Removed 37 stack frames</div></td></tr></table><p class="totop"><a href="#summary">back to summary</a></p><h3 id="m43">com.crm.qa.testcases.HomePageTest#clickOnContactsPageTest</h3><table class="result"><tr><th>Exception</th></tr><tr><td><div class="stacktrace">org.openqa.selenium.SessionNotCreatedException: session not created: This version of ChromeDriver only supports Chrome version 81
Build info: version: &apos;3.141.59&apos;, revision: &apos;e82be7d358&apos;, time: &apos;2018-11-14T08:17:03&apos;
System info: host: &apos;LEIs-MacBook-Pro.local&apos;, ip: &apos;2601:644:8a00:13f8:dc43:15ae:402f:44c6%en0&apos;, os.name: &apos;Mac OS X&apos;, os.arch: &apos;x86_64&apos;, os.version: &apos;10.15.4&apos;, java.version: &apos;13.0.2&apos;
Driver info: driver.version: ChromeDriver
remote stacktrace: 0   chromedriver                        0x0000000104b69789 chromedriver + 4671369
1   chromedriver                        0x0000000104b045d3 chromedriver + 4257235
2   chromedriver                        0x00000001047ae00f chromedriver + 757775
3   chromedriver                        0x000000010470dfc9 chromedriver + 102345
4   chromedriver                        0x000000010470a1fc chromedriver + 86524
5   chromedriver                        0x0000000104739403 chromedriver + 279555
6   chromedriver                        0x0000000104736213 chromedriver + 266771
7   chromedriver                        0x000000010471021d chromedriver + 111133
8   chromedriver                        0x00000001047111c5 chromedriver + 115141
9   chromedriver                        0x0000000104b2c03f chromedriver + 4419647
10  chromedriver                        0x0000000104b38cda chromedriver + 4472026
11  chromedriver                        0x0000000104b38a77 chromedriver + 4471415
12  chromedriver                        0x0000000104b10189 chromedriver + 4305289
13  chromedriver                        0x0000000104b39587 chromedriver + 4474247
14  chromedriver                        0x0000000104b21dc7 chromedriver + 4378055
15  chromedriver                        0x0000000104b4f7f4 chromedriver + 4564980
16  chromedriver                        0x0000000104b6f717 chromedriver + 4695831
17  libsystem_pthread.dylib             0x00007fff70257109 _pthread_start + 148
18  libsystem_pthread.dylib             0x00007fff70252b8b thread_start + 15

	at org.openqa.selenium.remote.W3CHandshakeResponse.lambda$errorHandler$0(W3CHandshakeResponse.java:62)
	at org.openqa.selenium.remote.HandshakeResponse.lambda$getResponseFunction$0(HandshakeResponse.java:30)
	at org.openqa.selenium.remote.ProtocolHandshake.lambda$createSession$0(ProtocolHandshake.java:126)
	at java.base/java.util.stream.ReferencePipeline$3$1.accept(ReferencePipeline.java:195)
	at java.base/java.util.Spliterators$ArraySpliterator.tryAdvance(Spliterators.java:958)
	at java.base/java.util.stream.ReferencePipeline.forEachWithCancel(ReferencePipeline.java:127)
	at java.base/java.util.stream.AbstractPipeline.copyIntoWithCancel(AbstractPipeline.java:502)
	at java.base/java.util.stream.AbstractPipeline.copyInto(AbstractPipeline.java:488)
	at java.base/java.util.stream.AbstractPipeline.wrapAndCopyInto(AbstractPipeline.java:474)
	at java.base/java.util.stream.FindOps$FindOp.evaluateSequential(FindOps.java:150)
	at java.base/java.util.stream.AbstractPipeline.evaluate(AbstractPipeline.java:234)
	at java.base/java.util.stream.ReferencePipeline.findFirst(ReferencePipeline.java:543)
	at org.openqa.selenium.remote.ProtocolHandshake.createSession(ProtocolHandshake.java:128)
	at org.openqa.selenium.remote.ProtocolHandshake.createSession(ProtocolHandshake.java:74)
	at org.openqa.selenium.remote.HttpCommandExecutor.execute(HttpCommandExecutor.java:136)
	at org.openqa.selenium.remote.service.DriverCommandExecutor.execute(DriverCommandExecutor.java:83)
	at org.openqa.selenium.remote.RemoteWebDriver.execute(RemoteWebDriver.java:552)
	at org.openqa.selenium.remote.RemoteWebDriver.startSession(RemoteWebDriver.java:213)
	at org.openqa.selenium.remote.RemoteWebDriver.&lt;init&gt;(RemoteWebDriver.java:131)
	at org.openqa.selenium.chrome.ChromeDriver.&lt;init&gt;(ChromeDriver.java:181)
	at org.openqa.selenium.chrome.ChromeDriver.&lt;init&gt;(ChromeDriver.java:168)
	at org.openqa.selenium.chrome.ChromeDriver.&lt;init&gt;(ChromeDriver.java:123)
	at com.crm.qa.base.TestBase.initialization(TestBase.java:52)
	at com.crm.qa.testcases.HomePageTest.setUp(HomePageTest.java:32)
... Removed 37 stack frames</div></td></tr></table><p class="totop"><a href="#summary">back to summary</a></p><h3 id="m44">com.crm.qa.testcases.HomePageTest#clickOnDealsPageTest</h3><table class="result"><tr><th>Exception</th></tr><tr><td><div class="stacktrace">org.openqa.selenium.SessionNotCreatedException: session not created: This version of ChromeDriver only supports Chrome version 81
Build info: version: &apos;3.141.59&apos;, revision: &apos;e82be7d358&apos;, time: &apos;2018-11-14T08:17:03&apos;
System info: host: &apos;LEIs-MacBook-Pro.local&apos;, ip: &apos;2601:644:8a00:13f8:dc43:15ae:402f:44c6%en0&apos;, os.name: &apos;Mac OS X&apos;, os.arch: &apos;x86_64&apos;, os.version: &apos;10.15.4&apos;, java.version: &apos;13.0.2&apos;
Driver info: driver.version: ChromeDriver
remote stacktrace: 0   chromedriver                        0x0000000104b69789 chromedriver + 4671369
1   chromedriver                        0x0000000104b045d3 chromedriver + 4257235
2   chromedriver                        0x00000001047ae00f chromedriver + 757775
3   chromedriver                        0x000000010470dfc9 chromedriver + 102345
4   chromedriver                        0x000000010470a1fc chromedriver + 86524
5   chromedriver                        0x0000000104739403 chromedriver + 279555
6   chromedriver                        0x0000000104736213 chromedriver + 266771
7   chromedriver                        0x000000010471021d chromedriver + 111133
8   chromedriver                        0x00000001047111c5 chromedriver + 115141
9   chromedriver                        0x0000000104b2c03f chromedriver + 4419647
10  chromedriver                        0x0000000104b38cda chromedriver + 4472026
11  chromedriver                        0x0000000104b38a77 chromedriver + 4471415
12  chromedriver                        0x0000000104b10189 chromedriver + 4305289
13  chromedriver                        0x0000000104b39587 chromedriver + 4474247
14  chromedriver                        0x0000000104b21dc7 chromedriver + 4378055
15  chromedriver                        0x0000000104b4f7f4 chromedriver + 4564980
16  chromedriver                        0x0000000104b6f717 chromedriver + 4695831
17  libsystem_pthread.dylib             0x00007fff70257109 _pthread_start + 148
18  libsystem_pthread.dylib             0x00007fff70252b8b thread_start + 15

	at org.openqa.selenium.remote.W3CHandshakeResponse.lambda$errorHandler$0(W3CHandshakeResponse.java:62)
	at org.openqa.selenium.remote.HandshakeResponse.lambda$getResponseFunction$0(HandshakeResponse.java:30)
	at org.openqa.selenium.remote.ProtocolHandshake.lambda$createSession$0(ProtocolHandshake.java:126)
	at java.base/java.util.stream.ReferencePipeline$3$1.accept(ReferencePipeline.java:195)
	at java.base/java.util.Spliterators$ArraySpliterator.tryAdvance(Spliterators.java:958)
	at java.base/java.util.stream.ReferencePipeline.forEachWithCancel(ReferencePipeline.java:127)
	at java.base/java.util.stream.AbstractPipeline.copyIntoWithCancel(AbstractPipeline.java:502)
	at java.base/java.util.stream.AbstractPipeline.copyInto(AbstractPipeline.java:488)
	at java.base/java.util.stream.AbstractPipeline.wrapAndCopyInto(AbstractPipeline.java:474)
	at java.base/java.util.stream.FindOps$FindOp.evaluateSequential(FindOps.java:150)
	at java.base/java.util.stream.AbstractPipeline.evaluate(AbstractPipeline.java:234)
	at java.base/java.util.stream.ReferencePipeline.findFirst(ReferencePipeline.java:543)
	at org.openqa.selenium.remote.ProtocolHandshake.createSession(ProtocolHandshake.java:128)
	at org.openqa.selenium.remote.ProtocolHandshake.createSession(ProtocolHandshake.java:74)
	at org.openqa.selenium.remote.HttpCommandExecutor.execute(HttpCommandExecutor.java:136)
	at org.openqa.selenium.remote.service.DriverCommandExecutor.execute(DriverCommandExecutor.java:83)
	at org.openqa.selenium.remote.RemoteWebDriver.execute(RemoteWebDriver.java:552)
	at org.openqa.selenium.remote.RemoteWebDriver.startSession(RemoteWebDriver.java:213)
	at org.openqa.selenium.remote.RemoteWebDriver.&lt;init&gt;(RemoteWebDriver.java:131)
	at org.openqa.selenium.chrome.ChromeDriver.&lt;init&gt;(ChromeDriver.java:181)
	at org.openqa.selenium.chrome.ChromeDriver.&lt;init&gt;(ChromeDriver.java:168)
	at org.openqa.selenium.chrome.ChromeDriver.&lt;init&gt;(ChromeDriver.java:123)
	at com.crm.qa.base.TestBase.initialization(TestBase.java:52)
	at com.crm.qa.testcases.HomePageTest.setUp(HomePageTest.java:32)
... Removed 37 stack frames</div></td></tr></table><p class="totop"><a href="#summary">back to summary</a></p><h3 id="m45">com.crm.qa.testcases.HomePageTest#clickOnTasksPageTest</h3><table class="result"><tr><th>Exception</th></tr><tr><td><div class="stacktrace">org.openqa.selenium.SessionNotCreatedException: session not created: This version of ChromeDriver only supports Chrome version 81
Build info: version: &apos;3.141.59&apos;, revision: &apos;e82be7d358&apos;, time: &apos;2018-11-14T08:17:03&apos;
System info: host: &apos;LEIs-MacBook-Pro.local&apos;, ip: &apos;2601:644:8a00:13f8:dc43:15ae:402f:44c6%en0&apos;, os.name: &apos;Mac OS X&apos;, os.arch: &apos;x86_64&apos;, os.version: &apos;10.15.4&apos;, java.version: &apos;13.0.2&apos;
Driver info: driver.version: ChromeDriver
remote stacktrace: 0   chromedriver                        0x0000000104b69789 chromedriver + 4671369
1   chromedriver                        0x0000000104b045d3 chromedriver + 4257235
2   chromedriver                        0x00000001047ae00f chromedriver + 757775
3   chromedriver                        0x000000010470dfc9 chromedriver + 102345
4   chromedriver                        0x000000010470a1fc chromedriver + 86524
5   chromedriver                        0x0000000104739403 chromedriver + 279555
6   chromedriver                        0x0000000104736213 chromedriver + 266771
7   chromedriver                        0x000000010471021d chromedriver + 111133
8   chromedriver                        0x00000001047111c5 chromedriver + 115141
9   chromedriver                        0x0000000104b2c03f chromedriver + 4419647
10  chromedriver                        0x0000000104b38cda chromedriver + 4472026
11  chromedriver                        0x0000000104b38a77 chromedriver + 4471415
12  chromedriver                        0x0000000104b10189 chromedriver + 4305289
13  chromedriver                        0x0000000104b39587 chromedriver + 4474247
14  chromedriver                        0x0000000104b21dc7 chromedriver + 4378055
15  chromedriver                        0x0000000104b4f7f4 chromedriver + 4564980
16  chromedriver                        0x0000000104b6f717 chromedriver + 4695831
17  libsystem_pthread.dylib             0x00007fff70257109 _pthread_start + 148
18  libsystem_pthread.dylib             0x00007fff70252b8b thread_start + 15

	at org.openqa.selenium.remote.W3CHandshakeResponse.lambda$errorHandler$0(W3CHandshakeResponse.java:62)
	at org.openqa.selenium.remote.HandshakeResponse.lambda$getResponseFunction$0(HandshakeResponse.java:30)
	at org.openqa.selenium.remote.ProtocolHandshake.lambda$createSession$0(ProtocolHandshake.java:126)
	at java.base/java.util.stream.ReferencePipeline$3$1.accept(ReferencePipeline.java:195)
	at java.base/java.util.Spliterators$ArraySpliterator.tryAdvance(Spliterators.java:958)
	at java.base/java.util.stream.ReferencePipeline.forEachWithCancel(ReferencePipeline.java:127)
	at java.base/java.util.stream.AbstractPipeline.copyIntoWithCancel(AbstractPipeline.java:502)
	at java.base/java.util.stream.AbstractPipeline.copyInto(AbstractPipeline.java:488)
	at java.base/java.util.stream.AbstractPipeline.wrapAndCopyInto(AbstractPipeline.java:474)
	at java.base/java.util.stream.FindOps$FindOp.evaluateSequential(FindOps.java:150)
	at java.base/java.util.stream.AbstractPipeline.evaluate(AbstractPipeline.java:234)
	at java.base/java.util.stream.ReferencePipeline.findFirst(ReferencePipeline.java:543)
	at org.openqa.selenium.remote.ProtocolHandshake.createSession(ProtocolHandshake.java:128)
	at org.openqa.selenium.remote.ProtocolHandshake.createSession(ProtocolHandshake.java:74)
	at org.openqa.selenium.remote.HttpCommandExecutor.execute(HttpCommandExecutor.java:136)
	at org.openqa.selenium.remote.service.DriverCommandExecutor.execute(DriverCommandExecutor.java:83)
	at org.openqa.selenium.remote.RemoteWebDriver.execute(RemoteWebDriver.java:552)
	at org.openqa.selenium.remote.RemoteWebDriver.startSession(RemoteWebDriver.java:213)
	at org.openqa.selenium.remote.RemoteWebDriver.&lt;init&gt;(RemoteWebDriver.java:131)
	at org.openqa.selenium.chrome.ChromeDriver.&lt;init&gt;(ChromeDriver.java:181)
	at org.openqa.selenium.chrome.ChromeDriver.&lt;init&gt;(ChromeDriver.java:168)
	at org.openqa.selenium.chrome.ChromeDriver.&lt;init&gt;(ChromeDriver.java:123)
	at com.crm.qa.base.TestBase.initialization(TestBase.java:52)
	at com.crm.qa.testcases.HomePageTest.setUp(HomePageTest.java:32)
... Removed 37 stack frames</div></td></tr></table><p class="totop"><a href="#summary">back to summary</a></p><h3 id="m46">com.crm.qa.testcases.HomePageTest#verifyHomePageTitleTest</h3><table class="result"><tr><th>Exception</th></tr><tr><td><div class="stacktrace">org.openqa.selenium.SessionNotCreatedException: session not created: This version of ChromeDriver only supports Chrome version 81
Build info: version: &apos;3.141.59&apos;, revision: &apos;e82be7d358&apos;, time: &apos;2018-11-14T08:17:03&apos;
System info: host: &apos;LEIs-MacBook-Pro.local&apos;, ip: &apos;2601:644:8a00:13f8:dc43:15ae:402f:44c6%en0&apos;, os.name: &apos;Mac OS X&apos;, os.arch: &apos;x86_64&apos;, os.version: &apos;10.15.4&apos;, java.version: &apos;13.0.2&apos;
Driver info: driver.version: ChromeDriver
remote stacktrace: 0   chromedriver                        0x0000000104b69789 chromedriver + 4671369
1   chromedriver                        0x0000000104b045d3 chromedriver + 4257235
2   chromedriver                        0x00000001047ae00f chromedriver + 757775
3   chromedriver                        0x000000010470dfc9 chromedriver + 102345
4   chromedriver                        0x000000010470a1fc chromedriver + 86524
5   chromedriver                        0x0000000104739403 chromedriver + 279555
6   chromedriver                        0x0000000104736213 chromedriver + 266771
7   chromedriver                        0x000000010471021d chromedriver + 111133
8   chromedriver                        0x00000001047111c5 chromedriver + 115141
9   chromedriver                        0x0000000104b2c03f chromedriver + 4419647
10  chromedriver                        0x0000000104b38cda chromedriver + 4472026
11  chromedriver                        0x0000000104b38a77 chromedriver + 4471415
12  chromedriver                        0x0000000104b10189 chromedriver + 4305289
13  chromedriver                        0x0000000104b39587 chromedriver + 4474247
14  chromedriver                        0x0000000104b21dc7 chromedriver + 4378055
15  chromedriver                        0x0000000104b4f7f4 chromedriver + 4564980
16  chromedriver                        0x0000000104b6f717 chromedriver + 4695831
17  libsystem_pthread.dylib             0x00007fff70257109 _pthread_start + 148
18  libsystem_pthread.dylib             0x00007fff70252b8b thread_start + 15

	at org.openqa.selenium.remote.W3CHandshakeResponse.lambda$errorHandler$0(W3CHandshakeResponse.java:62)
	at org.openqa.selenium.remote.HandshakeResponse.lambda$getResponseFunction$0(HandshakeResponse.java:30)
	at org.openqa.selenium.remote.ProtocolHandshake.lambda$createSession$0(ProtocolHandshake.java:126)
	at java.base/java.util.stream.ReferencePipeline$3$1.accept(ReferencePipeline.java:195)
	at java.base/java.util.Spliterators$ArraySpliterator.tryAdvance(Spliterators.java:958)
	at java.base/java.util.stream.ReferencePipeline.forEachWithCancel(ReferencePipeline.java:127)
	at java.base/java.util.stream.AbstractPipeline.copyIntoWithCancel(AbstractPipeline.java:502)
	at java.base/java.util.stream.AbstractPipeline.copyInto(AbstractPipeline.java:488)
	at java.base/java.util.stream.AbstractPipeline.wrapAndCopyInto(AbstractPipeline.java:474)
	at java.base/java.util.stream.FindOps$FindOp.evaluateSequential(FindOps.java:150)
	at java.base/java.util.stream.AbstractPipeline.evaluate(AbstractPipeline.java:234)
	at java.base/java.util.stream.ReferencePipeline.findFirst(ReferencePipeline.java:543)
	at org.openqa.selenium.remote.ProtocolHandshake.createSession(ProtocolHandshake.java:128)
	at org.openqa.selenium.remote.ProtocolHandshake.createSession(ProtocolHandshake.java:74)
	at org.openqa.selenium.remote.HttpCommandExecutor.execute(HttpCommandExecutor.java:136)
	at org.openqa.selenium.remote.service.DriverCommandExecutor.execute(DriverCommandExecutor.java:83)
	at org.openqa.selenium.remote.RemoteWebDriver.execute(RemoteWebDriver.java:552)
	at org.openqa.selenium.remote.RemoteWebDriver.startSession(RemoteWebDriver.java:213)
	at org.openqa.selenium.remote.RemoteWebDriver.&lt;init&gt;(RemoteWebDriver.java:131)
	at org.openqa.selenium.chrome.ChromeDriver.&lt;init&gt;(ChromeDriver.java:181)
	at org.openqa.selenium.chrome.ChromeDriver.&lt;init&gt;(ChromeDriver.java:168)
	at org.openqa.selenium.chrome.ChromeDriver.&lt;init&gt;(ChromeDriver.java:123)
	at com.crm.qa.base.TestBase.initialization(TestBase.java:52)
	at com.crm.qa.testcases.HomePageTest.setUp(HomePageTest.java:32)
... Removed 37 stack frames</div></td></tr></table><p class="totop"><a href="#summary">back to summary</a></p><h3 id="m47">com.crm.qa.testcases.HomePageTest#verifyUserNameLabelTest</h3><table class="result"><tr><th>Exception</th></tr><tr><td><div class="stacktrace">org.openqa.selenium.SessionNotCreatedException: session not created: This version of ChromeDriver only supports Chrome version 81
Build info: version: &apos;3.141.59&apos;, revision: &apos;e82be7d358&apos;, time: &apos;2018-11-14T08:17:03&apos;
System info: host: &apos;LEIs-MacBook-Pro.local&apos;, ip: &apos;2601:644:8a00:13f8:dc43:15ae:402f:44c6%en0&apos;, os.name: &apos;Mac OS X&apos;, os.arch: &apos;x86_64&apos;, os.version: &apos;10.15.4&apos;, java.version: &apos;13.0.2&apos;
Driver info: driver.version: ChromeDriver
remote stacktrace: 0   chromedriver                        0x0000000104b69789 chromedriver + 4671369
1   chromedriver                        0x0000000104b045d3 chromedriver + 4257235
2   chromedriver                        0x00000001047ae00f chromedriver + 757775
3   chromedriver                        0x000000010470dfc9 chromedriver + 102345
4   chromedriver                        0x000000010470a1fc chromedriver + 86524
5   chromedriver                        0x0000000104739403 chromedriver + 279555
6   chromedriver                        0x0000000104736213 chromedriver + 266771
7   chromedriver                        0x000000010471021d chromedriver + 111133
8   chromedriver                        0x00000001047111c5 chromedriver + 115141
9   chromedriver                        0x0000000104b2c03f chromedriver + 4419647
10  chromedriver                        0x0000000104b38cda chromedriver + 4472026
11  chromedriver                        0x0000000104b38a77 chromedriver + 4471415
12  chromedriver                        0x0000000104b10189 chromedriver + 4305289
13  chromedriver                        0x0000000104b39587 chromedriver + 4474247
14  chromedriver                        0x0000000104b21dc7 chromedriver + 4378055
15  chromedriver                        0x0000000104b4f7f4 chromedriver + 4564980
16  chromedriver                        0x0000000104b6f717 chromedriver + 4695831
17  libsystem_pthread.dylib             0x00007fff70257109 _pthread_start + 148
18  libsystem_pthread.dylib             0x00007fff70252b8b thread_start + 15

	at org.openqa.selenium.remote.W3CHandshakeResponse.lambda$errorHandler$0(W3CHandshakeResponse.java:62)
	at org.openqa.selenium.remote.HandshakeResponse.lambda$getResponseFunction$0(HandshakeResponse.java:30)
	at org.openqa.selenium.remote.ProtocolHandshake.lambda$createSession$0(ProtocolHandshake.java:126)
	at java.base/java.util.stream.ReferencePipeline$3$1.accept(ReferencePipeline.java:195)
	at java.base/java.util.Spliterators$ArraySpliterator.tryAdvance(Spliterators.java:958)
	at java.base/java.util.stream.ReferencePipeline.forEachWithCancel(ReferencePipeline.java:127)
	at java.base/java.util.stream.AbstractPipeline.copyIntoWithCancel(AbstractPipeline.java:502)
	at java.base/java.util.stream.AbstractPipeline.copyInto(AbstractPipeline.java:488)
	at java.base/java.util.stream.AbstractPipeline.wrapAndCopyInto(AbstractPipeline.java:474)
	at java.base/java.util.stream.FindOps$FindOp.evaluateSequential(FindOps.java:150)
	at java.base/java.util.stream.AbstractPipeline.evaluate(AbstractPipeline.java:234)
	at java.base/java.util.stream.ReferencePipeline.findFirst(ReferencePipeline.java:543)
	at org.openqa.selenium.remote.ProtocolHandshake.createSession(ProtocolHandshake.java:128)
	at org.openqa.selenium.remote.ProtocolHandshake.createSession(ProtocolHandshake.java:74)
	at org.openqa.selenium.remote.HttpCommandExecutor.execute(HttpCommandExecutor.java:136)
	at org.openqa.selenium.remote.service.DriverCommandExecutor.execute(DriverCommandExecutor.java:83)
	at org.openqa.selenium.remote.RemoteWebDriver.execute(RemoteWebDriver.java:552)
	at org.openqa.selenium.remote.RemoteWebDriver.startSession(RemoteWebDriver.java:213)
	at org.openqa.selenium.remote.RemoteWebDriver.&lt;init&gt;(RemoteWebDriver.java:131)
	at org.openqa.selenium.chrome.ChromeDriver.&lt;init&gt;(ChromeDriver.java:181)
	at org.openqa.selenium.chrome.ChromeDriver.&lt;init&gt;(ChromeDriver.java:168)
	at org.openqa.selenium.chrome.ChromeDriver.&lt;init&gt;(ChromeDriver.java:123)
	at com.crm.qa.base.TestBase.initialization(TestBase.java:52)
	at com.crm.qa.testcases.HomePageTest.setUp(HomePageTest.java:32)
... Removed 37 stack frames</div></td></tr></table><p class="totop"><a href="#summary">back to summary</a></p><h3 id="m48">com.crm.qa.testcases.LoginPageTest#crmLogoImgTest</h3><table class="result"><tr><th>Exception</th></tr><tr><td><div class="stacktrace">org.openqa.selenium.SessionNotCreatedException: session not created: This version of ChromeDriver only supports Chrome version 81
Build info: version: &apos;3.141.59&apos;, revision: &apos;e82be7d358&apos;, time: &apos;2018-11-14T08:17:03&apos;
System info: host: &apos;LEIs-MacBook-Pro.local&apos;, ip: &apos;2601:644:8a00:13f8:dc43:15ae:402f:44c6%en0&apos;, os.name: &apos;Mac OS X&apos;, os.arch: &apos;x86_64&apos;, os.version: &apos;10.15.4&apos;, java.version: &apos;13.0.2&apos;
Driver info: driver.version: ChromeDriver
remote stacktrace: 0   chromedriver                        0x000000010b5ec789 chromedriver + 4671369
1   chromedriver                        0x000000010b5875d3 chromedriver + 4257235
2   chromedriver                        0x000000010b23100f chromedriver + 757775
3   chromedriver                        0x000000010b190fc9 chromedriver + 102345
4   chromedriver                        0x000000010b18d1fc chromedriver + 86524
5   chromedriver                        0x000000010b1bc403 chromedriver + 279555
6   chromedriver                        0x000000010b1b9213 chromedriver + 266771
7   chromedriver                        0x000000010b19321d chromedriver + 111133
8   chromedriver                        0x000000010b1941c5 chromedriver + 115141
9   chromedriver                        0x000000010b5af03f chromedriver + 4419647
10  chromedriver                        0x000000010b5bbcda chromedriver + 4472026
11  chromedriver                        0x000000010b5bba77 chromedriver + 4471415
12  chromedriver                        0x000000010b593189 chromedriver + 4305289
13  chromedriver                        0x000000010b5bc587 chromedriver + 4474247
14  chromedriver                        0x000000010b5a4dc7 chromedriver + 4378055
15  chromedriver                        0x000000010b5d27f4 chromedriver + 4564980
16  chromedriver                        0x000000010b5f2717 chromedriver + 4695831
17  libsystem_pthread.dylib             0x00007fff70257109 _pthread_start + 148
18  libsystem_pthread.dylib             0x00007fff70252b8b thread_start + 15

	at org.openqa.selenium.remote.W3CHandshakeResponse.lambda$errorHandler$0(W3CHandshakeResponse.java:62)
	at org.openqa.selenium.remote.HandshakeResponse.lambda$getResponseFunction$0(HandshakeResponse.java:30)
	at org.openqa.selenium.remote.ProtocolHandshake.lambda$createSession$0(ProtocolHandshake.java:126)
	at java.base/java.util.stream.ReferencePipeline$3$1.accept(ReferencePipeline.java:195)
	at java.base/java.util.Spliterators$ArraySpliterator.tryAdvance(Spliterators.java:958)
	at java.base/java.util.stream.ReferencePipeline.forEachWithCancel(ReferencePipeline.java:127)
	at java.base/java.util.stream.AbstractPipeline.copyIntoWithCancel(AbstractPipeline.java:502)
	at java.base/java.util.stream.AbstractPipeline.copyInto(AbstractPipeline.java:488)
	at java.base/java.util.stream.AbstractPipeline.wrapAndCopyInto(AbstractPipeline.java:474)
	at java.base/java.util.stream.FindOps$FindOp.evaluateSequential(FindOps.java:150)
	at java.base/java.util.stream.AbstractPipeline.evaluate(AbstractPipeline.java:234)
	at java.base/java.util.stream.ReferencePipeline.findFirst(ReferencePipeline.java:543)
	at org.openqa.selenium.remote.ProtocolHandshake.createSession(ProtocolHandshake.java:128)
	at org.openqa.selenium.remote.ProtocolHandshake.createSession(ProtocolHandshake.java:74)
	at org.openqa.selenium.remote.HttpCommandExecutor.execute(HttpCommandExecutor.java:136)
	at org.openqa.selenium.remote.service.DriverCommandExecutor.execute(DriverCommandExecutor.java:83)
	at org.openqa.selenium.remote.RemoteWebDriver.execute(RemoteWebDriver.java:552)
	at org.openqa.selenium.remote.RemoteWebDriver.startSession(RemoteWebDriver.java:213)
	at org.openqa.selenium.remote.RemoteWebDriver.&lt;init&gt;(RemoteWebDriver.java:131)
	at org.openqa.selenium.chrome.ChromeDriver.&lt;init&gt;(ChromeDriver.java:181)
	at org.openqa.selenium.chrome.ChromeDriver.&lt;init&gt;(ChromeDriver.java:168)
	at org.openqa.selenium.chrome.ChromeDriver.&lt;init&gt;(ChromeDriver.java:123)
	at com.crm.qa.base.TestBase.initialization(TestBase.java:52)
	at com.crm.qa.testcases.LoginPageTest.setUp(LoginPageTest.java:24)
... Removed 37 stack frames</div></td></tr></table><p class="totop"><a href="#summary">back to summary</a></p><h3 id="m49">com.crm.qa.testcases.LoginPageTest#loginPageTitleTest</h3><table class="result"><tr><th>Exception</th></tr><tr><td><div class="stacktrace">org.openqa.selenium.SessionNotCreatedException: session not created: This version of ChromeDriver only supports Chrome version 81
Build info: version: &apos;3.141.59&apos;, revision: &apos;e82be7d358&apos;, time: &apos;2018-11-14T08:17:03&apos;
System info: host: &apos;LEIs-MacBook-Pro.local&apos;, ip: &apos;2601:644:8a00:13f8:dc43:15ae:402f:44c6%en0&apos;, os.name: &apos;Mac OS X&apos;, os.arch: &apos;x86_64&apos;, os.version: &apos;10.15.4&apos;, java.version: &apos;13.0.2&apos;
Driver info: driver.version: ChromeDriver
remote stacktrace: 0   chromedriver                        0x000000010b5ec789 chromedriver + 4671369
1   chromedriver                        0x000000010b5875d3 chromedriver + 4257235
2   chromedriver                        0x000000010b23100f chromedriver + 757775
3   chromedriver                        0x000000010b190fc9 chromedriver + 102345
4   chromedriver                        0x000000010b18d1fc chromedriver + 86524
5   chromedriver                        0x000000010b1bc403 chromedriver + 279555
6   chromedriver                        0x000000010b1b9213 chromedriver + 266771
7   chromedriver                        0x000000010b19321d chromedriver + 111133
8   chromedriver                        0x000000010b1941c5 chromedriver + 115141
9   chromedriver                        0x000000010b5af03f chromedriver + 4419647
10  chromedriver                        0x000000010b5bbcda chromedriver + 4472026
11  chromedriver                        0x000000010b5bba77 chromedriver + 4471415
12  chromedriver                        0x000000010b593189 chromedriver + 4305289
13  chromedriver                        0x000000010b5bc587 chromedriver + 4474247
14  chromedriver                        0x000000010b5a4dc7 chromedriver + 4378055
15  chromedriver                        0x000000010b5d27f4 chromedriver + 4564980
16  chromedriver                        0x000000010b5f2717 chromedriver + 4695831
17  libsystem_pthread.dylib             0x00007fff70257109 _pthread_start + 148
18  libsystem_pthread.dylib             0x00007fff70252b8b thread_start + 15

	at org.openqa.selenium.remote.W3CHandshakeResponse.lambda$errorHandler$0(W3CHandshakeResponse.java:62)
	at org.openqa.selenium.remote.HandshakeResponse.lambda$getResponseFunction$0(HandshakeResponse.java:30)
	at org.openqa.selenium.remote.ProtocolHandshake.lambda$createSession$0(ProtocolHandshake.java:126)
	at java.base/java.util.stream.ReferencePipeline$3$1.accept(ReferencePipeline.java:195)
	at java.base/java.util.Spliterators$ArraySpliterator.tryAdvance(Spliterators.java:958)
	at java.base/java.util.stream.ReferencePipeline.forEachWithCancel(ReferencePipeline.java:127)
	at java.base/java.util.stream.AbstractPipeline.copyIntoWithCancel(AbstractPipeline.java:502)
	at java.base/java.util.stream.AbstractPipeline.copyInto(AbstractPipeline.java:488)
	at java.base/java.util.stream.AbstractPipeline.wrapAndCopyInto(AbstractPipeline.java:474)
	at java.base/java.util.stream.FindOps$FindOp.evaluateSequential(FindOps.java:150)
	at java.base/java.util.stream.AbstractPipeline.evaluate(AbstractPipeline.java:234)
	at java.base/java.util.stream.ReferencePipeline.findFirst(ReferencePipeline.java:543)
	at org.openqa.selenium.remote.ProtocolHandshake.createSession(ProtocolHandshake.java:128)
	at org.openqa.selenium.remote.ProtocolHandshake.createSession(ProtocolHandshake.java:74)
	at org.openqa.selenium.remote.HttpCommandExecutor.execute(HttpCommandExecutor.java:136)
	at org.openqa.selenium.remote.service.DriverCommandExecutor.execute(DriverCommandExecutor.java:83)
	at org.openqa.selenium.remote.RemoteWebDriver.execute(RemoteWebDriver.java:552)
	at org.openqa.selenium.remote.RemoteWebDriver.startSession(RemoteWebDriver.java:213)
	at org.openqa.selenium.remote.RemoteWebDriver.&lt;init&gt;(RemoteWebDriver.java:131)
	at org.openqa.selenium.chrome.ChromeDriver.&lt;init&gt;(ChromeDriver.java:181)
	at org.openqa.selenium.chrome.ChromeDriver.&lt;init&gt;(ChromeDriver.java:168)
	at org.openqa.selenium.chrome.ChromeDriver.&lt;init&gt;(ChromeDriver.java:123)
	at com.crm.qa.base.TestBase.initialization(TestBase.java:52)
	at com.crm.qa.testcases.LoginPageTest.setUp(LoginPageTest.java:24)
... Removed 37 stack frames</div></td></tr></table><p class="totop"><a href="#summary">back to summary</a></p><h3 id="m50">com.crm.qa.testcases.LoginPageTest#loginTest</h3><table class="result"><tr><th>Exception</th></tr><tr><td><div class="stacktrace">org.openqa.selenium.SessionNotCreatedException: session not created: This version of ChromeDriver only supports Chrome version 81
Build info: version: &apos;3.141.59&apos;, revision: &apos;e82be7d358&apos;, time: &apos;2018-11-14T08:17:03&apos;
System info: host: &apos;LEIs-MacBook-Pro.local&apos;, ip: &apos;2601:644:8a00:13f8:dc43:15ae:402f:44c6%en0&apos;, os.name: &apos;Mac OS X&apos;, os.arch: &apos;x86_64&apos;, os.version: &apos;10.15.4&apos;, java.version: &apos;13.0.2&apos;
Driver info: driver.version: ChromeDriver
remote stacktrace: 0   chromedriver                        0x000000010b5ec789 chromedriver + 4671369
1   chromedriver                        0x000000010b5875d3 chromedriver + 4257235
2   chromedriver                        0x000000010b23100f chromedriver + 757775
3   chromedriver                        0x000000010b190fc9 chromedriver + 102345
4   chromedriver                        0x000000010b18d1fc chromedriver + 86524
5   chromedriver                        0x000000010b1bc403 chromedriver + 279555
6   chromedriver                        0x000000010b1b9213 chromedriver + 266771
7   chromedriver                        0x000000010b19321d chromedriver + 111133
8   chromedriver                        0x000000010b1941c5 chromedriver + 115141
9   chromedriver                        0x000000010b5af03f chromedriver + 4419647
10  chromedriver                        0x000000010b5bbcda chromedriver + 4472026
11  chromedriver                        0x000000010b5bba77 chromedriver + 4471415
12  chromedriver                        0x000000010b593189 chromedriver + 4305289
13  chromedriver                        0x000000010b5bc587 chromedriver + 4474247
14  chromedriver                        0x000000010b5a4dc7 chromedriver + 4378055
15  chromedriver                        0x000000010b5d27f4 chromedriver + 4564980
16  chromedriver                        0x000000010b5f2717 chromedriver + 4695831
17  libsystem_pthread.dylib             0x00007fff70257109 _pthread_start + 148
18  libsystem_pthread.dylib             0x00007fff70252b8b thread_start + 15

	at org.openqa.selenium.remote.W3CHandshakeResponse.lambda$errorHandler$0(W3CHandshakeResponse.java:62)
	at org.openqa.selenium.remote.HandshakeResponse.lambda$getResponseFunction$0(HandshakeResponse.java:30)
	at org.openqa.selenium.remote.ProtocolHandshake.lambda$createSession$0(ProtocolHandshake.java:126)
	at java.base/java.util.stream.ReferencePipeline$3$1.accept(ReferencePipeline.java:195)
	at java.base/java.util.Spliterators$ArraySpliterator.tryAdvance(Spliterators.java:958)
	at java.base/java.util.stream.ReferencePipeline.forEachWithCancel(ReferencePipeline.java:127)
	at java.base/java.util.stream.AbstractPipeline.copyIntoWithCancel(AbstractPipeline.java:502)
	at java.base/java.util.stream.AbstractPipeline.copyInto(AbstractPipeline.java:488)
	at java.base/java.util.stream.AbstractPipeline.wrapAndCopyInto(AbstractPipeline.java:474)
	at java.base/java.util.stream.FindOps$FindOp.evaluateSequential(FindOps.java:150)
	at java.base/java.util.stream.AbstractPipeline.evaluate(AbstractPipeline.java:234)
	at java.base/java.util.stream.ReferencePipeline.findFirst(ReferencePipeline.java:543)
	at org.openqa.selenium.remote.ProtocolHandshake.createSession(ProtocolHandshake.java:128)
	at org.openqa.selenium.remote.ProtocolHandshake.createSession(ProtocolHandshake.java:74)
	at org.openqa.selenium.remote.HttpCommandExecutor.execute(HttpCommandExecutor.java:136)
	at org.openqa.selenium.remote.service.DriverCommandExecutor.execute(DriverCommandExecutor.java:83)
	at org.openqa.selenium.remote.RemoteWebDriver.execute(RemoteWebDriver.java:552)
	at org.openqa.selenium.remote.RemoteWebDriver.startSession(RemoteWebDriver.java:213)
	at org.openqa.selenium.remote.RemoteWebDriver.&lt;init&gt;(RemoteWebDriver.java:131)
	at org.openqa.selenium.chrome.ChromeDriver.&lt;init&gt;(ChromeDriver.java:181)
	at org.openqa.selenium.chrome.ChromeDriver.&lt;init&gt;(ChromeDriver.java:168)
	at org.openqa.selenium.chrome.ChromeDriver.&lt;init&gt;(ChromeDriver.java:123)
	at com.crm.qa.base.TestBase.initialization(TestBase.java:52)
	at com.crm.qa.testcases.LoginPageTest.setUp(LoginPageTest.java:24)
... Removed 37 stack frames</div></td></tr></table><p class="totop"><a href="#summary">back to summary</a></p></body></html>