<?xml version="1.0" encoding="UTF-8"?>
<testsuite xmlns:xsi="http://www.w3.org/2001/XMLSchema-instance" xsi:noNamespaceSchemaLocation="https://maven.apache.org/surefire/maven-surefire-plugin/xsd/surefire-test-report.xsd" name="TestSuite" time="6.211" tests="51" errors="0" skipped="47" failures="4">
  <properties>
    <property name="java.specification.version" value="13"/>
    <property name="sun.jnu.encoding" value="UTF-8"/>
    <property name="java.class.path" value="/Users/alleyyu/Selenium-POM/FreeCRMTest/target/test-classes:/Users/alleyyu/Selenium-POM/FreeCRMTest/target/classes:/Users/alleyyu/.m2/repository/org/seleniumhq/selenium/selenium-java/3.141.59/selenium-java-3.141.59.jar:/Users/alleyyu/.m2/repository/org/seleniumhq/selenium/selenium-api/3.141.59/selenium-api-3.141.59.jar:/Users/alleyyu/.m2/repository/org/seleniumhq/selenium/selenium-chrome-driver/3.141.59/selenium-chrome-driver-3.141.59.jar:/Users/alleyyu/.m2/repository/org/seleniumhq/selenium/selenium-edge-driver/3.141.59/selenium-edge-driver-3.141.59.jar:/Users/alleyyu/.m2/repository/org/seleniumhq/selenium/selenium-firefox-driver/3.141.59/selenium-firefox-driver-3.141.59.jar:/Users/alleyyu/.m2/repository/org/seleniumhq/selenium/selenium-ie-driver/3.141.59/selenium-ie-driver-3.141.59.jar:/Users/alleyyu/.m2/repository/org/seleniumhq/selenium/selenium-opera-driver/3.141.59/selenium-opera-driver-3.141.59.jar:/Users/alleyyu/.m2/repository/org/seleniumhq/selenium/selenium-remote-driver/3.141.59/selenium-remote-driver-3.141.59.jar:/Users/alleyyu/.m2/repository/org/seleniumhq/selenium/selenium-safari-driver/3.141.59/selenium-safari-driver-3.141.59.jar:/Users/alleyyu/.m2/repository/org/seleniumhq/selenium/selenium-support/3.141.59/selenium-support-3.141.59.jar:/Users/alleyyu/.m2/repository/net/bytebuddy/byte-buddy/1.8.15/byte-buddy-1.8.15.jar:/Users/alleyyu/.m2/repository/org/apache/commons/commons-exec/1.3/commons-exec-1.3.jar:/Users/alleyyu/.m2/repository/com/google/guava/guava/25.0-jre/guava-25.0-jre.jar:/Users/alleyyu/.m2/repository/com/google/code/findbugs/jsr305/1.3.9/jsr305-1.3.9.jar:/Users/alleyyu/.m2/repository/org/checkerframework/checker-compat-qual/2.0.0/checker-compat-qual-2.0.0.jar:/Users/alleyyu/.m2/repository/com/google/errorprone/error_prone_annotations/2.1.3/error_prone_annotations-2.1.3.jar:/Users/alleyyu/.m2/repository/com/google/j2objc/j2objc-annotations/1.1/j2objc-annotations-1.1.jar:/Users/alleyyu/.m2/repository/org/codehaus/mojo/animal-sniffer-annotations/1.14/animal-sniffer-annotations-1.14.jar:/Users/alleyyu/.m2/repository/com/squareup/okhttp3/okhttp/3.11.0/okhttp-3.11.0.jar:/Users/alleyyu/.m2/repository/com/squareup/okio/okio/1.14.0/okio-1.14.0.jar:/Users/alleyyu/.m2/repository/org/testng/testng/6.10/testng-6.10.jar:/Users/alleyyu/.m2/repository/com/beust/jcommander/1.48/jcommander-1.48.jar:/Users/alleyyu/.m2/repository/org/apache/poi/poi/3.9/poi-3.9.jar:/Users/alleyyu/.m2/repository/commons-codec/commons-codec/1.5/commons-codec-1.5.jar:/Users/alleyyu/.m2/repository/org/apache/poi/poi-ooxml/3.9/poi-ooxml-3.9.jar:/Users/alleyyu/.m2/repository/dom4j/dom4j/1.6.1/dom4j-1.6.1.jar:/Users/alleyyu/.m2/repository/xml-apis/xml-apis/1.0.b2/xml-apis-1.0.b2.jar:/Users/alleyyu/.m2/repository/org/apache/poi/poi-ooxml-schemas/3.9/poi-ooxml-schemas-3.9.jar:/Users/alleyyu/.m2/repository/org/apache/xmlbeans/xmlbeans/2.3.0/xmlbeans-2.3.0.jar:/Users/alleyyu/.m2/repository/stax/stax-api/1.0.1/stax-api-1.0.1.jar:/Users/alleyyu/.m2/repository/org/apache/poi/poi-scratchpad/3.9/poi-scratchpad-3.9.jar:/Users/alleyyu/.m2/repository/org/apache/poi/ooxml-schemas/1.1/ooxml-schemas-1.1.jar:/Users/alleyyu/.m2/repository/org/apache/poi/openxml4j/1.0-beta/openxml4j-1.0-beta.jar:/Users/alleyyu/.m2/repository/log4j/log4j/1.2.8/log4j-1.2.8.jar:/Users/alleyyu/.m2/repository/commons-io/commons-io/2.6/commons-io-2.6.jar:/Users/alleyyu/.m2/repository/com/relevantcodes/extentreports/2.41.2/extentreports-2.41.2.jar:/Users/alleyyu/.m2/repository/org/jsoup/jsoup/1.8.3/jsoup-1.8.3.jar:/Users/alleyyu/.m2/repository/org/xerial/sqlite-jdbc/3.8.11.1/sqlite-jdbc-3.8.11.1.jar:/Users/alleyyu/.m2/repository/org/freemarker/freemarker/2.3.23/freemarker-2.3.23.jar:/Users/alleyyu/.m2/repository/org/mongodb/mongodb-driver/3.0.4/mongodb-driver-3.0.4.jar:/Users/alleyyu/.m2/repository/org/mongodb/bson/3.0.4/bson-3.0.4.jar:/Users/alleyyu/.m2/repository/org/mongodb/mongodb-driver-core/3.0.4/mongodb-driver-core-3.0.4.jar:"/>
    <property name="java.vm.vendor" value="Oracle Corporation"/>
    <property name="sun.arch.data.model" value="64"/>
    <property name="java.vendor.url" value="https://java.oracle.com/"/>
    <property name="os.name" value="Mac OS X"/>
    <property name="java.vm.specification.version" value="13"/>
    <property name="sun.java.launcher" value="SUN_STANDARD"/>
    <property name="user.country" value="US"/>
    <property name="sun.boot.library.path" value="/Library/Java/JavaVirtualMachines/jdk-13.0.2.jdk/Contents/Home/lib"/>
    <property name="sun.java.command" value="/Users/alleyyu/Selenium-POM/FreeCRMTest/target/surefire/surefirebooter16215058240718989010.jar /Users/alleyyu/Selenium-POM/FreeCRMTest/target/surefire 2020-05-27T16-34-03_853-jvmRun1 surefire15323762062464552177tmp surefire_03738960898256079928tmp"/>
    <property name="http.nonProxyHosts" value="local|*.local|169.254/16|*.169.254/16"/>
    <property name="jdk.debug" value="release"/>
    <property name="surefire.test.class.path" value="/Users/alleyyu/Selenium-POM/FreeCRMTest/target/test-classes:/Users/alleyyu/Selenium-POM/FreeCRMTest/target/classes:/Users/alleyyu/.m2/repository/org/seleniumhq/selenium/selenium-java/3.141.59/selenium-java-3.141.59.jar:/Users/alleyyu/.m2/repository/org/seleniumhq/selenium/selenium-api/3.141.59/selenium-api-3.141.59.jar:/Users/alleyyu/.m2/repository/org/seleniumhq/selenium/selenium-chrome-driver/3.141.59/selenium-chrome-driver-3.141.59.jar:/Users/alleyyu/.m2/repository/org/seleniumhq/selenium/selenium-edge-driver/3.141.59/selenium-edge-driver-3.141.59.jar:/Users/alleyyu/.m2/repository/org/seleniumhq/selenium/selenium-firefox-driver/3.141.59/selenium-firefox-driver-3.141.59.jar:/Users/alleyyu/.m2/repository/org/seleniumhq/selenium/selenium-ie-driver/3.141.59/selenium-ie-driver-3.141.59.jar:/Users/alleyyu/.m2/repository/org/seleniumhq/selenium/selenium-opera-driver/3.141.59/selenium-opera-driver-3.141.59.jar:/Users/alleyyu/.m2/repository/org/seleniumhq/selenium/selenium-remote-driver/3.141.59/selenium-remote-driver-3.141.59.jar:/Users/alleyyu/.m2/repository/org/seleniumhq/selenium/selenium-safari-driver/3.141.59/selenium-safari-driver-3.141.59.jar:/Users/alleyyu/.m2/repository/org/seleniumhq/selenium/selenium-support/3.141.59/selenium-support-3.141.59.jar:/Users/alleyyu/.m2/repository/net/bytebuddy/byte-buddy/1.8.15/byte-buddy-1.8.15.jar:/Users/alleyyu/.m2/repository/org/apache/commons/commons-exec/1.3/commons-exec-1.3.jar:/Users/alleyyu/.m2/repository/com/google/guava/guava/25.0-jre/guava-25.0-jre.jar:/Users/alleyyu/.m2/repository/com/google/code/findbugs/jsr305/1.3.9/jsr305-1.3.9.jar:/Users/alleyyu/.m2/repository/org/checkerframework/checker-compat-qual/2.0.0/checker-compat-qual-2.0.0.jar:/Users/alleyyu/.m2/repository/com/google/errorprone/error_prone_annotations/2.1.3/error_prone_annotations-2.1.3.jar:/Users/alleyyu/.m2/repository/com/google/j2objc/j2objc-annotations/1.1/j2objc-annotations-1.1.jar:/Users/alleyyu/.m2/repository/org/codehaus/mojo/animal-sniffer-annotations/1.14/animal-sniffer-annotations-1.14.jar:/Users/alleyyu/.m2/repository/com/squareup/okhttp3/okhttp/3.11.0/okhttp-3.11.0.jar:/Users/alleyyu/.m2/repository/com/squareup/okio/okio/1.14.0/okio-1.14.0.jar:/Users/alleyyu/.m2/repository/org/testng/testng/6.10/testng-6.10.jar:/Users/alleyyu/.m2/repository/com/beust/jcommander/1.48/jcommander-1.48.jar:/Users/alleyyu/.m2/repository/org/apache/poi/poi/3.9/poi-3.9.jar:/Users/alleyyu/.m2/repository/commons-codec/commons-codec/1.5/commons-codec-1.5.jar:/Users/alleyyu/.m2/repository/org/apache/poi/poi-ooxml/3.9/poi-ooxml-3.9.jar:/Users/alleyyu/.m2/repository/dom4j/dom4j/1.6.1/dom4j-1.6.1.jar:/Users/alleyyu/.m2/repository/xml-apis/xml-apis/1.0.b2/xml-apis-1.0.b2.jar:/Users/alleyyu/.m2/repository/org/apache/poi/poi-ooxml-schemas/3.9/poi-ooxml-schemas-3.9.jar:/Users/alleyyu/.m2/repository/org/apache/xmlbeans/xmlbeans/2.3.0/xmlbeans-2.3.0.jar:/Users/alleyyu/.m2/repository/stax/stax-api/1.0.1/stax-api-1.0.1.jar:/Users/alleyyu/.m2/repository/org/apache/poi/poi-scratchpad/3.9/poi-scratchpad-3.9.jar:/Users/alleyyu/.m2/repository/org/apache/poi/ooxml-schemas/1.1/ooxml-schemas-1.1.jar:/Users/alleyyu/.m2/repository/org/apache/poi/openxml4j/1.0-beta/openxml4j-1.0-beta.jar:/Users/alleyyu/.m2/repository/log4j/log4j/1.2.8/log4j-1.2.8.jar:/Users/alleyyu/.m2/repository/commons-io/commons-io/2.6/commons-io-2.6.jar:/Users/alleyyu/.m2/repository/com/relevantcodes/extentreports/2.41.2/extentreports-2.41.2.jar:/Users/alleyyu/.m2/repository/org/jsoup/jsoup/1.8.3/jsoup-1.8.3.jar:/Users/alleyyu/.m2/repository/org/xerial/sqlite-jdbc/3.8.11.1/sqlite-jdbc-3.8.11.1.jar:/Users/alleyyu/.m2/repository/org/freemarker/freemarker/2.3.23/freemarker-2.3.23.jar:/Users/alleyyu/.m2/repository/org/mongodb/mongodb-driver/3.0.4/mongodb-driver-3.0.4.jar:/Users/alleyyu/.m2/repository/org/mongodb/bson/3.0.4/bson-3.0.4.jar:/Users/alleyyu/.m2/repository/org/mongodb/mongodb-driver-core/3.0.4/mongodb-driver-core-3.0.4.jar:"/>
    <property name="sun.cpu.endian" value="little"/>
    <property name="user.home" value="/Users/alleyyu"/>
    <property name="user.language" value="en"/>
    <property name="java.specification.vendor" value="Oracle Corporation"/>
    <property name="java.version.date" value="2020-01-14"/>
    <property name="java.home" value="/Library/Java/JavaVirtualMachines/jdk-13.0.2.jdk/Contents/Home"/>
    <property name="file.separator" value="/"/>
    <property name="basedir" value="/Users/alleyyu/Selenium-POM/FreeCRMTest"/>
    <property name="java.vm.compressedOopsMode" value="Zero based"/>
    <property name="line.separator" value="&#10;"/>
    <property name="java.specification.name" value="Java Platform API Specification"/>
    <property name="java.vm.specification.vendor" value="Oracle Corporation"/>
    <property name="surefire.real.class.path" value="/Users/alleyyu/Selenium-POM/FreeCRMTest/target/surefire/surefirebooter16215058240718989010.jar"/>
    <property name="sun.management.compiler" value="HotSpot 64-Bit Tiered Compilers"/>
    <property name="ftp.nonProxyHosts" value="local|*.local|169.254/16|*.169.254/16"/>
    <property name="java.runtime.version" value="13.0.2+8"/>
    <property name="user.name" value="alleyyu"/>
    <property name="path.separator" value=":"/>
    <property name="os.version" value="10.15.4"/>
    <property name="java.runtime.name" value="Java(TM) SE Runtime Environment"/>
    <property name="file.encoding" value="UTF-8"/>
    <property name="java.vm.name" value="Java HotSpot(TM) 64-Bit Server VM"/>
    <property name="localRepository" value="/Users/alleyyu/.m2/repository"/>
    <property name="java.vendor.url.bug" value="https://bugreport.java.com/bugreport/"/>
    <property name="java.io.tmpdir" value="/var/folders/xk/mr3j51tj6dl7j8ktd6_2vdq80000gp/T/"/>
    <property name="java.version" value="13.0.2"/>
    <property name="user.dir" value="/Users/alleyyu/Selenium-POM/FreeCRMTest"/>
    <property name="os.arch" value="x86_64"/>
    <property name="java.vm.specification.name" value="Java Virtual Machine Specification"/>
    <property name="java.library.path" value="/Users/alleyyu/Library/Java/Extensions:/Library/Java/Extensions:/Network/Library/Java/Extensions:/System/Library/Java/Extensions:/usr/lib/java:."/>
    <property name="java.vm.info" value="mixed mode, sharing"/>
    <property name="java.vendor" value="Oracle Corporation"/>
    <property name="java.vm.version" value="13.0.2+8"/>
    <property name="sun.io.unicode.encoding" value="UnicodeBig"/>
    <property name="socksNonProxyHosts" value="local|*.local|169.254/16|*.169.254/16"/>
    <property name="java.class.version" value="57.0"/>
  </properties>
  <testcase name="setUp" classname="com.crm.qa.testcases.DealsPageTest" time="1.849">
    <failure message="session not created: This version of ChromeDriver only supports Chrome version 81&#10;Build info: version: &apos;3.141.59&apos;, revision: &apos;e82be7d358&apos;, time: &apos;2018-11-14T08:17:03&apos;&#10;System info: host: &apos;LEIs-MacBook-Pro.local&apos;, ip: &apos;2601:644:8a00:13f8:dc43:15ae:402f:44c6%en0&apos;, os.name: &apos;Mac OS X&apos;, os.arch: &apos;x86_64&apos;, os.version: &apos;10.15.4&apos;, java.version: &apos;13.0.2&apos;&#10;Driver info: driver.version: ChromeDriver&#10;remote stacktrace: 0   chromedriver                        0x000000010b62b789 chromedriver + 4671369&#10;1   chromedriver                        0x000000010b5c65d3 chromedriver + 4257235&#10;2   chromedriver                        0x000000010b27000f chromedriver + 757775&#10;3   chromedriver                        0x000000010b1cffc9 chromedriver + 102345&#10;4   chromedriver                        0x000000010b1cc1fc chromedriver + 86524&#10;5   chromedriver                        0x000000010b1fb403 chromedriver + 279555&#10;6   chromedriver                        0x000000010b1f8213 chromedriver + 266771&#10;7   chromedriver                        0x000000010b1d221d chromedriver + 111133&#10;8   chromedriver                        0x000000010b1d31c5 chromedriver + 115141&#10;9   chromedriver                        0x000000010b5ee03f chromedriver + 4419647&#10;10  chromedriver                        0x000000010b5facda chromedriver + 4472026&#10;11  chromedriver                        0x000000010b5faa77 chromedriver + 4471415&#10;12  chromedriver                        0x000000010b5d2189 chromedriver + 4305289&#10;13  chromedriver                        0x000000010b5fb587 chromedriver + 4474247&#10;14  chromedriver                        0x000000010b5e3dc7 chromedriver + 4378055&#10;15  chromedriver                        0x000000010b6117f4 chromedriver + 4564980&#10;16  chromedriver                        0x000000010b631717 chromedriver + 4695831&#10;17  libsystem_pthread.dylib             0x00007fff70257109 _pthread_start + 148&#10;18  libsystem_pthread.dylib             0x00007fff70252b8b thread_start + 15&#10;" type="org.openqa.selenium.SessionNotCreatedException">org.openqa.selenium.SessionNotCreatedException: 
session not created: This version of ChromeDriver only supports Chrome version 81
Build info: version: '3.141.59', revision: 'e82be7d358', time: '2018-11-14T08:17:03'
System info: host: 'LEIs-MacBook-Pro.local', ip: '2601:644:8a00:13f8:dc43:15ae:402f:44c6%en0', os.name: 'Mac OS X', os.arch: 'x86_64', os.version: '10.15.4', java.version: '13.0.2'
Driver info: driver.version: ChromeDriver
remote stacktrace: 0   chromedriver                        0x000000010b62b789 chromedriver + 4671369
1   chromedriver                        0x000000010b5c65d3 chromedriver + 4257235
2   chromedriver                        0x000000010b27000f chromedriver + 757775
3   chromedriver                        0x000000010b1cffc9 chromedriver + 102345
4   chromedriver                        0x000000010b1cc1fc chromedriver + 86524
5   chromedriver                        0x000000010b1fb403 chromedriver + 279555
6   chromedriver                        0x000000010b1f8213 chromedriver + 266771
7   chromedriver                        0x000000010b1d221d chromedriver + 111133
8   chromedriver                        0x000000010b1d31c5 chromedriver + 115141
9   chromedriver                        0x000000010b5ee03f chromedriver + 4419647
10  chromedriver                        0x000000010b5facda chromedriver + 4472026
11  chromedriver                        0x000000010b5faa77 chromedriver + 4471415
12  chromedriver                        0x000000010b5d2189 chromedriver + 4305289
13  chromedriver                        0x000000010b5fb587 chromedriver + 4474247
14  chromedriver                        0x000000010b5e3dc7 chromedriver + 4378055
15  chromedriver                        0x000000010b6117f4 chromedriver + 4564980
16  chromedriver                        0x000000010b631717 chromedriver + 4695831
17  libsystem_pthread.dylib             0x00007fff70257109 _pthread_start + 148
18  libsystem_pthread.dylib             0x00007fff70252b8b thread_start + 15

	at com.crm.qa.testcases.DealsPageTest.setUp(DealsPageTest.java:36)
</failure>
    <system-err><![CDATA[Starting ChromeDriver 81.0.4044.69 (6813546031a4bc83f717a2ef7cd4ac6ec1199132-refs/branch-heads/4044@{#776}) on port 39305
Only local connections are allowed.
Please protect ports used by ChromeDriver and related test frameworks to prevent access by malicious code.
]]></system-err>
  </testcase>
  <testcase name="setUp" classname="com.crm.qa.testcases.DealsPageTest" time="0">
    <skipped/>
  </testcase>
  <testcase name="setUp" classname="com.crm.qa.testcases.DealsPageTest" time="0">
    <skipped/>
  </testcase>
  <testcase name="setUp" classname="com.crm.qa.testcases.DealsPageTest" time="0">
    <skipped/>
  </testcase>
  <testcase name="setUp" classname="com.crm.qa.testcases.DealsPageTest" time="0">
    <skipped/>
  </testcase>
  <testcase name="setUp" classname="com.crm.qa.testcases.DealsPageTest" time="0">
    <skipped/>
  </testcase>
  <testcase name="checkDealsLabel" classname="com.crm.qa.testcases.DealsPageTest" time="0">
    <skipped message="session not created: This version of ChromeDriver only supports Chrome version 81&#10;Build info: version: &apos;3.141.59&apos;, revision: &apos;e82be7d358&apos;, time: &apos;2018-11-14T08:17:03&apos;&#10;System info: host: &apos;LEIs-MacBook-Pro.local&apos;, ip: &apos;2601:644:8a00:13f8:dc43:15ae:402f:44c6%en0&apos;, os.name: &apos;Mac OS X&apos;, os.arch: &apos;x86_64&apos;, os.version: &apos;10.15.4&apos;, java.version: &apos;13.0.2&apos;&#10;Driver info: driver.version: ChromeDriver&#10;remote stacktrace: 0   chromedriver                        0x000000010b62b789 chromedriver + 4671369&#10;1   chromedriver                        0x000000010b5c65d3 chromedriver + 4257235&#10;2   chromedriver                        0x000000010b27000f chromedriver + 757775&#10;3   chromedriver                        0x000000010b1cffc9 chromedriver + 102345&#10;4   chromedriver                        0x000000010b1cc1fc chromedriver + 86524&#10;5   chromedriver                        0x000000010b1fb403 chromedriver + 279555&#10;6   chromedriver                        0x000000010b1f8213 chromedriver + 266771&#10;7   chromedriver                        0x000000010b1d221d chromedriver + 111133&#10;8   chromedriver                        0x000000010b1d31c5 chromedriver + 115141&#10;9   chromedriver                        0x000000010b5ee03f chromedriver + 4419647&#10;10  chromedriver                        0x000000010b5facda chromedriver + 4472026&#10;11  chromedriver                        0x000000010b5faa77 chromedriver + 4471415&#10;12  chromedriver                        0x000000010b5d2189 chromedriver + 4305289&#10;13  chromedriver                        0x000000010b5fb587 chromedriver + 4474247&#10;14  chromedriver                        0x000000010b5e3dc7 chromedriver + 4378055&#10;15  chromedriver                        0x000000010b6117f4 chromedriver + 4564980&#10;16  chromedriver                        0x000000010b631717 chromedriver + 4695831&#10;17  libsystem_pthread.dylib             0x00007fff70257109 _pthread_start + 148&#10;18  libsystem_pthread.dylib             0x00007fff70252b8b thread_start + 15&#10;"/>
  </testcase>
  <testcase name="tearDown" classname="com.crm.qa.testcases.DealsPageTest" time="0">
    <skipped/>
  </testcase>
  <testcase name="tearDown" classname="com.crm.qa.testcases.DealsPageTest" time="0">
    <skipped/>
  </testcase>
  <testcase name="tearDown" classname="com.crm.qa.testcases.DealsPageTest" time="0">
    <skipped/>
  </testcase>
  <testcase name="tearDown" classname="com.crm.qa.testcases.DealsPageTest" time="0">
    <skipped/>
  </testcase>
  <testcase name="tearDown" classname="com.crm.qa.testcases.DealsPageTest" time="0">
    <skipped/>
  </testcase>
  <testcase name="tearDown" classname="com.crm.qa.testcases.DealsPageTest" time="0">
    <skipped/>
  </testcase>
  <testcase name="clickDealsOrderByDesc" classname="com.crm.qa.testcases.DealsPageTest" time="0">
    <skipped message="session not created: This version of ChromeDriver only supports Chrome version 81&#10;Build info: version: &apos;3.141.59&apos;, revision: &apos;e82be7d358&apos;, time: &apos;2018-11-14T08:17:03&apos;&#10;System info: host: &apos;LEIs-MacBook-Pro.local&apos;, ip: &apos;2601:644:8a00:13f8:dc43:15ae:402f:44c6%en0&apos;, os.name: &apos;Mac OS X&apos;, os.arch: &apos;x86_64&apos;, os.version: &apos;10.15.4&apos;, java.version: &apos;13.0.2&apos;&#10;Driver info: driver.version: ChromeDriver&#10;remote stacktrace: 0   chromedriver                        0x000000010b62b789 chromedriver + 4671369&#10;1   chromedriver                        0x000000010b5c65d3 chromedriver + 4257235&#10;2   chromedriver                        0x000000010b27000f chromedriver + 757775&#10;3   chromedriver                        0x000000010b1cffc9 chromedriver + 102345&#10;4   chromedriver                        0x000000010b1cc1fc chromedriver + 86524&#10;5   chromedriver                        0x000000010b1fb403 chromedriver + 279555&#10;6   chromedriver                        0x000000010b1f8213 chromedriver + 266771&#10;7   chromedriver                        0x000000010b1d221d chromedriver + 111133&#10;8   chromedriver                        0x000000010b1d31c5 chromedriver + 115141&#10;9   chromedriver                        0x000000010b5ee03f chromedriver + 4419647&#10;10  chromedriver                        0x000000010b5facda chromedriver + 4472026&#10;11  chromedriver                        0x000000010b5faa77 chromedriver + 4471415&#10;12  chromedriver                        0x000000010b5d2189 chromedriver + 4305289&#10;13  chromedriver                        0x000000010b5fb587 chromedriver + 4474247&#10;14  chromedriver                        0x000000010b5e3dc7 chromedriver + 4378055&#10;15  chromedriver                        0x000000010b6117f4 chromedriver + 4564980&#10;16  chromedriver                        0x000000010b631717 chromedriver + 4695831&#10;17  libsystem_pthread.dylib             0x00007fff70257109 _pthread_start + 148&#10;18  libsystem_pthread.dylib             0x00007fff70252b8b thread_start + 15&#10;"/>
  </testcase>
  <testcase name="createNewDealWithData" classname="com.crm.qa.testcases.DealsPageTest" time="0">
    <skipped message="session not created: This version of ChromeDriver only supports Chrome version 81&#10;Build info: version: &apos;3.141.59&apos;, revision: &apos;e82be7d358&apos;, time: &apos;2018-11-14T08:17:03&apos;&#10;System info: host: &apos;LEIs-MacBook-Pro.local&apos;, ip: &apos;2601:644:8a00:13f8:dc43:15ae:402f:44c6%en0&apos;, os.name: &apos;Mac OS X&apos;, os.arch: &apos;x86_64&apos;, os.version: &apos;10.15.4&apos;, java.version: &apos;13.0.2&apos;&#10;Driver info: driver.version: ChromeDriver&#10;remote stacktrace: 0   chromedriver                        0x000000010b62b789 chromedriver + 4671369&#10;1   chromedriver                        0x000000010b5c65d3 chromedriver + 4257235&#10;2   chromedriver                        0x000000010b27000f chromedriver + 757775&#10;3   chromedriver                        0x000000010b1cffc9 chromedriver + 102345&#10;4   chromedriver                        0x000000010b1cc1fc chromedriver + 86524&#10;5   chromedriver                        0x000000010b1fb403 chromedriver + 279555&#10;6   chromedriver                        0x000000010b1f8213 chromedriver + 266771&#10;7   chromedriver                        0x000000010b1d221d chromedriver + 111133&#10;8   chromedriver                        0x000000010b1d31c5 chromedriver + 115141&#10;9   chromedriver                        0x000000010b5ee03f chromedriver + 4419647&#10;10  chromedriver                        0x000000010b5facda chromedriver + 4472026&#10;11  chromedriver                        0x000000010b5faa77 chromedriver + 4471415&#10;12  chromedriver                        0x000000010b5d2189 chromedriver + 4305289&#10;13  chromedriver                        0x000000010b5fb587 chromedriver + 4474247&#10;14  chromedriver                        0x000000010b5e3dc7 chromedriver + 4378055&#10;15  chromedriver                        0x000000010b6117f4 chromedriver + 4564980&#10;16  chromedriver                        0x000000010b631717 chromedriver + 4695831&#10;17  libsystem_pthread.dylib             0x00007fff70257109 _pthread_start + 148&#10;18  libsystem_pthread.dylib             0x00007fff70252b8b thread_start + 15&#10;"/>
  </testcase>
  <testcase name="createNewDealWithData" classname="com.crm.qa.testcases.DealsPageTest" time="0">
    <skipped message="session not created: This version of ChromeDriver only supports Chrome version 81&#10;Build info: version: &apos;3.141.59&apos;, revision: &apos;e82be7d358&apos;, time: &apos;2018-11-14T08:17:03&apos;&#10;System info: host: &apos;LEIs-MacBook-Pro.local&apos;, ip: &apos;2601:644:8a00:13f8:dc43:15ae:402f:44c6%en0&apos;, os.name: &apos;Mac OS X&apos;, os.arch: &apos;x86_64&apos;, os.version: &apos;10.15.4&apos;, java.version: &apos;13.0.2&apos;&#10;Driver info: driver.version: ChromeDriver&#10;remote stacktrace: 0   chromedriver                        0x000000010b62b789 chromedriver + 4671369&#10;1   chromedriver                        0x000000010b5c65d3 chromedriver + 4257235&#10;2   chromedriver                        0x000000010b27000f chromedriver + 757775&#10;3   chromedriver                        0x000000010b1cffc9 chromedriver + 102345&#10;4   chromedriver                        0x000000010b1cc1fc chromedriver + 86524&#10;5   chromedriver                        0x000000010b1fb403 chromedriver + 279555&#10;6   chromedriver                        0x000000010b1f8213 chromedriver + 266771&#10;7   chromedriver                        0x000000010b1d221d chromedriver + 111133&#10;8   chromedriver                        0x000000010b1d31c5 chromedriver + 115141&#10;9   chromedriver                        0x000000010b5ee03f chromedriver + 4419647&#10;10  chromedriver                        0x000000010b5facda chromedriver + 4472026&#10;11  chromedriver                        0x000000010b5faa77 chromedriver + 4471415&#10;12  chromedriver                        0x000000010b5d2189 chromedriver + 4305289&#10;13  chromedriver                        0x000000010b5fb587 chromedriver + 4474247&#10;14  chromedriver                        0x000000010b5e3dc7 chromedriver + 4378055&#10;15  chromedriver                        0x000000010b6117f4 chromedriver + 4564980&#10;16  chromedriver                        0x000000010b631717 chromedriver + 4695831&#10;17  libsystem_pthread.dylib             0x00007fff70257109 _pthread_start + 148&#10;18  libsystem_pthread.dylib             0x00007fff70252b8b thread_start + 15&#10;"/>
  </testcase>
  <testcase name="createNewDealWithData" classname="com.crm.qa.testcases.DealsPageTest" time="0">
    <skipped message="session not created: This version of ChromeDriver only supports Chrome version 81&#10;Build info: version: &apos;3.141.59&apos;, revision: &apos;e82be7d358&apos;, time: &apos;2018-11-14T08:17:03&apos;&#10;System info: host: &apos;LEIs-MacBook-Pro.local&apos;, ip: &apos;2601:644:8a00:13f8:dc43:15ae:402f:44c6%en0&apos;, os.name: &apos;Mac OS X&apos;, os.arch: &apos;x86_64&apos;, os.version: &apos;10.15.4&apos;, java.version: &apos;13.0.2&apos;&#10;Driver info: driver.version: ChromeDriver&#10;remote stacktrace: 0   chromedriver                        0x000000010b62b789 chromedriver + 4671369&#10;1   chromedriver                        0x000000010b5c65d3 chromedriver + 4257235&#10;2   chromedriver                        0x000000010b27000f chromedriver + 757775&#10;3   chromedriver                        0x000000010b1cffc9 chromedriver + 102345&#10;4   chromedriver                        0x000000010b1cc1fc chromedriver + 86524&#10;5   chromedriver                        0x000000010b1fb403 chromedriver + 279555&#10;6   chromedriver                        0x000000010b1f8213 chromedriver + 266771&#10;7   chromedriver                        0x000000010b1d221d chromedriver + 111133&#10;8   chromedriver                        0x000000010b1d31c5 chromedriver + 115141&#10;9   chromedriver                        0x000000010b5ee03f chromedriver + 4419647&#10;10  chromedriver                        0x000000010b5facda chromedriver + 4472026&#10;11  chromedriver                        0x000000010b5faa77 chromedriver + 4471415&#10;12  chromedriver                        0x000000010b5d2189 chromedriver + 4305289&#10;13  chromedriver                        0x000000010b5fb587 chromedriver + 4474247&#10;14  chromedriver                        0x000000010b5e3dc7 chromedriver + 4378055&#10;15  chromedriver                        0x000000010b6117f4 chromedriver + 4564980&#10;16  chromedriver                        0x000000010b631717 chromedriver + 4695831&#10;17  libsystem_pthread.dylib             0x00007fff70257109 _pthread_start + 148&#10;18  libsystem_pthread.dylib             0x00007fff70252b8b thread_start + 15&#10;"/>
  </testcase>
  <testcase name="createNewDealWithData" classname="com.crm.qa.testcases.DealsPageTest" time="0">
    <skipped message="session not created: This version of ChromeDriver only supports Chrome version 81&#10;Build info: version: &apos;3.141.59&apos;, revision: &apos;e82be7d358&apos;, time: &apos;2018-11-14T08:17:03&apos;&#10;System info: host: &apos;LEIs-MacBook-Pro.local&apos;, ip: &apos;2601:644:8a00:13f8:dc43:15ae:402f:44c6%en0&apos;, os.name: &apos;Mac OS X&apos;, os.arch: &apos;x86_64&apos;, os.version: &apos;10.15.4&apos;, java.version: &apos;13.0.2&apos;&#10;Driver info: driver.version: ChromeDriver&#10;remote stacktrace: 0   chromedriver                        0x000000010b62b789 chromedriver + 4671369&#10;1   chromedriver                        0x000000010b5c65d3 chromedriver + 4257235&#10;2   chromedriver                        0x000000010b27000f chromedriver + 757775&#10;3   chromedriver                        0x000000010b1cffc9 chromedriver + 102345&#10;4   chromedriver                        0x000000010b1cc1fc chromedriver + 86524&#10;5   chromedriver                        0x000000010b1fb403 chromedriver + 279555&#10;6   chromedriver                        0x000000010b1f8213 chromedriver + 266771&#10;7   chromedriver                        0x000000010b1d221d chromedriver + 111133&#10;8   chromedriver                        0x000000010b1d31c5 chromedriver + 115141&#10;9   chromedriver                        0x000000010b5ee03f chromedriver + 4419647&#10;10  chromedriver                        0x000000010b5facda chromedriver + 4472026&#10;11  chromedriver                        0x000000010b5faa77 chromedriver + 4471415&#10;12  chromedriver                        0x000000010b5d2189 chromedriver + 4305289&#10;13  chromedriver                        0x000000010b5fb587 chromedriver + 4474247&#10;14  chromedriver                        0x000000010b5e3dc7 chromedriver + 4378055&#10;15  chromedriver                        0x000000010b6117f4 chromedriver + 4564980&#10;16  chromedriver                        0x000000010b631717 chromedriver + 4695831&#10;17  libsystem_pthread.dylib             0x00007fff70257109 _pthread_start + 148&#10;18  libsystem_pthread.dylib             0x00007fff70252b8b thread_start + 15&#10;"/>
  </testcase>
  <testcase name="setUp" classname="com.crm.qa.testcases.HomePageTest" time="1.051">
    <failure message="session not created: This version of ChromeDriver only supports Chrome version 81&#10;Build info: version: &apos;3.141.59&apos;, revision: &apos;e82be7d358&apos;, time: &apos;2018-11-14T08:17:03&apos;&#10;System info: host: &apos;LEIs-MacBook-Pro.local&apos;, ip: &apos;2601:644:8a00:13f8:dc43:15ae:402f:44c6%en0&apos;, os.name: &apos;Mac OS X&apos;, os.arch: &apos;x86_64&apos;, os.version: &apos;10.15.4&apos;, java.version: &apos;13.0.2&apos;&#10;Driver info: driver.version: ChromeDriver&#10;remote stacktrace: 0   chromedriver                        0x0000000104b69789 chromedriver + 4671369&#10;1   chromedriver                        0x0000000104b045d3 chromedriver + 4257235&#10;2   chromedriver                        0x00000001047ae00f chromedriver + 757775&#10;3   chromedriver                        0x000000010470dfc9 chromedriver + 102345&#10;4   chromedriver                        0x000000010470a1fc chromedriver + 86524&#10;5   chromedriver                        0x0000000104739403 chromedriver + 279555&#10;6   chromedriver                        0x0000000104736213 chromedriver + 266771&#10;7   chromedriver                        0x000000010471021d chromedriver + 111133&#10;8   chromedriver                        0x00000001047111c5 chromedriver + 115141&#10;9   chromedriver                        0x0000000104b2c03f chromedriver + 4419647&#10;10  chromedriver                        0x0000000104b38cda chromedriver + 4472026&#10;11  chromedriver                        0x0000000104b38a77 chromedriver + 4471415&#10;12  chromedriver                        0x0000000104b10189 chromedriver + 4305289&#10;13  chromedriver                        0x0000000104b39587 chromedriver + 4474247&#10;14  chromedriver                        0x0000000104b21dc7 chromedriver + 4378055&#10;15  chromedriver                        0x0000000104b4f7f4 chromedriver + 4564980&#10;16  chromedriver                        0x0000000104b6f717 chromedriver + 4695831&#10;17  libsystem_pthread.dylib             0x00007fff70257109 _pthread_start + 148&#10;18  libsystem_pthread.dylib             0x00007fff70252b8b thread_start + 15&#10;" type="org.openqa.selenium.SessionNotCreatedException">org.openqa.selenium.SessionNotCreatedException: 
session not created: This version of ChromeDriver only supports Chrome version 81
Build info: version: '3.141.59', revision: 'e82be7d358', time: '2018-11-14T08:17:03'
System info: host: 'LEIs-MacBook-Pro.local', ip: '2601:644:8a00:13f8:dc43:15ae:402f:44c6%en0', os.name: 'Mac OS X', os.arch: 'x86_64', os.version: '10.15.4', java.version: '13.0.2'
Driver info: driver.version: ChromeDriver
remote stacktrace: 0   chromedriver                        0x0000000104b69789 chromedriver + 4671369
1   chromedriver                        0x0000000104b045d3 chromedriver + 4257235
2   chromedriver                        0x00000001047ae00f chromedriver + 757775
3   chromedriver                        0x000000010470dfc9 chromedriver + 102345
4   chromedriver                        0x000000010470a1fc chromedriver + 86524
5   chromedriver                        0x0000000104739403 chromedriver + 279555
6   chromedriver                        0x0000000104736213 chromedriver + 266771
7   chromedriver                        0x000000010471021d chromedriver + 111133
8   chromedriver                        0x00000001047111c5 chromedriver + 115141
9   chromedriver                        0x0000000104b2c03f chromedriver + 4419647
10  chromedriver                        0x0000000104b38cda chromedriver + 4472026
11  chromedriver                        0x0000000104b38a77 chromedriver + 4471415
12  chromedriver                        0x0000000104b10189 chromedriver + 4305289
13  chromedriver                        0x0000000104b39587 chromedriver + 4474247
14  chromedriver                        0x0000000104b21dc7 chromedriver + 4378055
15  chromedriver                        0x0000000104b4f7f4 chromedriver + 4564980
16  chromedriver                        0x0000000104b6f717 chromedriver + 4695831
17  libsystem_pthread.dylib             0x00007fff70257109 _pthread_start + 148
18  libsystem_pthread.dylib             0x00007fff70252b8b thread_start + 15

	at com.crm.qa.testcases.HomePageTest.setUp(HomePageTest.java:32)
</failure>
    <system-err><![CDATA[Starting ChromeDriver 81.0.4044.69 (6813546031a4bc83f717a2ef7cd4ac6ec1199132-refs/branch-heads/4044@{#776}) on port 5499
Only local connections are allowed.
Please protect ports used by ChromeDriver and related test frameworks to prevent access by malicious code.
]]></system-err>
  </testcase>
  <testcase name="setUp" classname="com.crm.qa.testcases.HomePageTest" time="0">
    <skipped/>
  </testcase>
  <testcase name="setUp" classname="com.crm.qa.testcases.HomePageTest" time="0">
    <skipped/>
  </testcase>
  <testcase name="setUp" classname="com.crm.qa.testcases.HomePageTest" time="0">
    <skipped/>
  </testcase>
  <testcase name="setUp" classname="com.crm.qa.testcases.HomePageTest" time="0">
    <skipped/>
  </testcase>
  <testcase name="verifyHomePageTitleTest" classname="com.crm.qa.testcases.HomePageTest" time="0">
    <skipped message="session not created: This version of ChromeDriver only supports Chrome version 81&#10;Build info: version: &apos;3.141.59&apos;, revision: &apos;e82be7d358&apos;, time: &apos;2018-11-14T08:17:03&apos;&#10;System info: host: &apos;LEIs-MacBook-Pro.local&apos;, ip: &apos;2601:644:8a00:13f8:dc43:15ae:402f:44c6%en0&apos;, os.name: &apos;Mac OS X&apos;, os.arch: &apos;x86_64&apos;, os.version: &apos;10.15.4&apos;, java.version: &apos;13.0.2&apos;&#10;Driver info: driver.version: ChromeDriver&#10;remote stacktrace: 0   chromedriver                        0x0000000104b69789 chromedriver + 4671369&#10;1   chromedriver                        0x0000000104b045d3 chromedriver + 4257235&#10;2   chromedriver                        0x00000001047ae00f chromedriver + 757775&#10;3   chromedriver                        0x000000010470dfc9 chromedriver + 102345&#10;4   chromedriver                        0x000000010470a1fc chromedriver + 86524&#10;5   chromedriver                        0x0000000104739403 chromedriver + 279555&#10;6   chromedriver                        0x0000000104736213 chromedriver + 266771&#10;7   chromedriver                        0x000000010471021d chromedriver + 111133&#10;8   chromedriver                        0x00000001047111c5 chromedriver + 115141&#10;9   chromedriver                        0x0000000104b2c03f chromedriver + 4419647&#10;10  chromedriver                        0x0000000104b38cda chromedriver + 4472026&#10;11  chromedriver                        0x0000000104b38a77 chromedriver + 4471415&#10;12  chromedriver                        0x0000000104b10189 chromedriver + 4305289&#10;13  chromedriver                        0x0000000104b39587 chromedriver + 4474247&#10;14  chromedriver                        0x0000000104b21dc7 chromedriver + 4378055&#10;15  chromedriver                        0x0000000104b4f7f4 chromedriver + 4564980&#10;16  chromedriver                        0x0000000104b6f717 chromedriver + 4695831&#10;17  libsystem_pthread.dylib             0x00007fff70257109 _pthread_start + 148&#10;18  libsystem_pthread.dylib             0x00007fff70252b8b thread_start + 15&#10;"/>
  </testcase>
  <testcase name="tearDown" classname="com.crm.qa.testcases.HomePageTest" time="0">
    <skipped/>
  </testcase>
  <testcase name="tearDown" classname="com.crm.qa.testcases.HomePageTest" time="0">
    <skipped/>
  </testcase>
  <testcase name="tearDown" classname="com.crm.qa.testcases.HomePageTest" time="0">
    <skipped/>
  </testcase>
  <testcase name="tearDown" classname="com.crm.qa.testcases.HomePageTest" time="0">
    <skipped/>
  </testcase>
  <testcase name="tearDown" classname="com.crm.qa.testcases.HomePageTest" time="0">
    <skipped/>
  </testcase>
  <testcase name="setUp" classname="com.crm.qa.testcases.LoginPageTest" time="1.028">
    <failure message="session not created: This version of ChromeDriver only supports Chrome version 81&#10;Build info: version: &apos;3.141.59&apos;, revision: &apos;e82be7d358&apos;, time: &apos;2018-11-14T08:17:03&apos;&#10;System info: host: &apos;LEIs-MacBook-Pro.local&apos;, ip: &apos;2601:644:8a00:13f8:dc43:15ae:402f:44c6%en0&apos;, os.name: &apos;Mac OS X&apos;, os.arch: &apos;x86_64&apos;, os.version: &apos;10.15.4&apos;, java.version: &apos;13.0.2&apos;&#10;Driver info: driver.version: ChromeDriver&#10;remote stacktrace: 0   chromedriver                        0x000000010b5ec789 chromedriver + 4671369&#10;1   chromedriver                        0x000000010b5875d3 chromedriver + 4257235&#10;2   chromedriver                        0x000000010b23100f chromedriver + 757775&#10;3   chromedriver                        0x000000010b190fc9 chromedriver + 102345&#10;4   chromedriver                        0x000000010b18d1fc chromedriver + 86524&#10;5   chromedriver                        0x000000010b1bc403 chromedriver + 279555&#10;6   chromedriver                        0x000000010b1b9213 chromedriver + 266771&#10;7   chromedriver                        0x000000010b19321d chromedriver + 111133&#10;8   chromedriver                        0x000000010b1941c5 chromedriver + 115141&#10;9   chromedriver                        0x000000010b5af03f chromedriver + 4419647&#10;10  chromedriver                        0x000000010b5bbcda chromedriver + 4472026&#10;11  chromedriver                        0x000000010b5bba77 chromedriver + 4471415&#10;12  chromedriver                        0x000000010b593189 chromedriver + 4305289&#10;13  chromedriver                        0x000000010b5bc587 chromedriver + 4474247&#10;14  chromedriver                        0x000000010b5a4dc7 chromedriver + 4378055&#10;15  chromedriver                        0x000000010b5d27f4 chromedriver + 4564980&#10;16  chromedriver                        0x000000010b5f2717 chromedriver + 4695831&#10;17  libsystem_pthread.dylib             0x00007fff70257109 _pthread_start + 148&#10;18  libsystem_pthread.dylib             0x00007fff70252b8b thread_start + 15&#10;" type="org.openqa.selenium.SessionNotCreatedException">org.openqa.selenium.SessionNotCreatedException: 
session not created: This version of ChromeDriver only supports Chrome version 81
Build info: version: '3.141.59', revision: 'e82be7d358', time: '2018-11-14T08:17:03'
System info: host: 'LEIs-MacBook-Pro.local', ip: '2601:644:8a00:13f8:dc43:15ae:402f:44c6%en0', os.name: 'Mac OS X', os.arch: 'x86_64', os.version: '10.15.4', java.version: '13.0.2'
Driver info: driver.version: ChromeDriver
remote stacktrace: 0   chromedriver                        0x000000010b5ec789 chromedriver + 4671369
1   chromedriver                        0x000000010b5875d3 chromedriver + 4257235
2   chromedriver                        0x000000010b23100f chromedriver + 757775
3   chromedriver                        0x000000010b190fc9 chromedriver + 102345
4   chromedriver                        0x000000010b18d1fc chromedriver + 86524
5   chromedriver                        0x000000010b1bc403 chromedriver + 279555
6   chromedriver                        0x000000010b1b9213 chromedriver + 266771
7   chromedriver                        0x000000010b19321d chromedriver + 111133
8   chromedriver                        0x000000010b1941c5 chromedriver + 115141
9   chromedriver                        0x000000010b5af03f chromedriver + 4419647
10  chromedriver                        0x000000010b5bbcda chromedriver + 4472026
11  chromedriver                        0x000000010b5bba77 chromedriver + 4471415
12  chromedriver                        0x000000010b593189 chromedriver + 4305289
13  chromedriver                        0x000000010b5bc587 chromedriver + 4474247
14  chromedriver                        0x000000010b5a4dc7 chromedriver + 4378055
15  chromedriver                        0x000000010b5d27f4 chromedriver + 4564980
16  chromedriver                        0x000000010b5f2717 chromedriver + 4695831
17  libsystem_pthread.dylib             0x00007fff70257109 _pthread_start + 148
18  libsystem_pthread.dylib             0x00007fff70252b8b thread_start + 15

	at com.crm.qa.testcases.LoginPageTest.setUp(LoginPageTest.java:24)
</failure>
    <system-err><![CDATA[Starting ChromeDriver 81.0.4044.69 (6813546031a4bc83f717a2ef7cd4ac6ec1199132-refs/branch-heads/4044@{#776}) on port 5303
Only local connections are allowed.
Please protect ports used by ChromeDriver and related test frameworks to prevent access by malicious code.
]]></system-err>
  </testcase>
  <testcase name="setUp" classname="com.crm.qa.testcases.LoginPageTest" time="0">
    <skipped/>
  </testcase>
  <testcase name="setUp" classname="com.crm.qa.testcases.LoginPageTest" time="0">
    <skipped/>
  </testcase>
  <testcase name="loginPageTitleTest" classname="com.crm.qa.testcases.LoginPageTest" time="0">
    <skipped message="session not created: This version of ChromeDriver only supports Chrome version 81&#10;Build info: version: &apos;3.141.59&apos;, revision: &apos;e82be7d358&apos;, time: &apos;2018-11-14T08:17:03&apos;&#10;System info: host: &apos;LEIs-MacBook-Pro.local&apos;, ip: &apos;2601:644:8a00:13f8:dc43:15ae:402f:44c6%en0&apos;, os.name: &apos;Mac OS X&apos;, os.arch: &apos;x86_64&apos;, os.version: &apos;10.15.4&apos;, java.version: &apos;13.0.2&apos;&#10;Driver info: driver.version: ChromeDriver&#10;remote stacktrace: 0   chromedriver                        0x000000010b5ec789 chromedriver + 4671369&#10;1   chromedriver                        0x000000010b5875d3 chromedriver + 4257235&#10;2   chromedriver                        0x000000010b23100f chromedriver + 757775&#10;3   chromedriver                        0x000000010b190fc9 chromedriver + 102345&#10;4   chromedriver                        0x000000010b18d1fc chromedriver + 86524&#10;5   chromedriver                        0x000000010b1bc403 chromedriver + 279555&#10;6   chromedriver                        0x000000010b1b9213 chromedriver + 266771&#10;7   chromedriver                        0x000000010b19321d chromedriver + 111133&#10;8   chromedriver                        0x000000010b1941c5 chromedriver + 115141&#10;9   chromedriver                        0x000000010b5af03f chromedriver + 4419647&#10;10  chromedriver                        0x000000010b5bbcda chromedriver + 4472026&#10;11  chromedriver                        0x000000010b5bba77 chromedriver + 4471415&#10;12  chromedriver                        0x000000010b593189 chromedriver + 4305289&#10;13  chromedriver                        0x000000010b5bc587 chromedriver + 4474247&#10;14  chromedriver                        0x000000010b5a4dc7 chromedriver + 4378055&#10;15  chromedriver                        0x000000010b5d27f4 chromedriver + 4564980&#10;16  chromedriver                        0x000000010b5f2717 chromedriver + 4695831&#10;17  libsystem_pthread.dylib             0x00007fff70257109 _pthread_start + 148&#10;18  libsystem_pthread.dylib             0x00007fff70252b8b thread_start + 15&#10;"/>
  </testcase>
  <testcase name="tearDown" classname="com.crm.qa.testcases.LoginPageTest" time="0">
    <skipped/>
  </testcase>
  <testcase name="tearDown" classname="com.crm.qa.testcases.LoginPageTest" time="0">
    <skipped/>
  </testcase>
  <testcase name="tearDown" classname="com.crm.qa.testcases.LoginPageTest" time="0">
    <skipped/>
  </testcase>
  <testcase name="verifyUserNameLabelTest" classname="com.crm.qa.testcases.HomePageTest" time="0">
    <skipped message="session not created: This version of ChromeDriver only supports Chrome version 81&#10;Build info: version: &apos;3.141.59&apos;, revision: &apos;e82be7d358&apos;, time: &apos;2018-11-14T08:17:03&apos;&#10;System info: host: &apos;LEIs-MacBook-Pro.local&apos;, ip: &apos;2601:644:8a00:13f8:dc43:15ae:402f:44c6%en0&apos;, os.name: &apos;Mac OS X&apos;, os.arch: &apos;x86_64&apos;, os.version: &apos;10.15.4&apos;, java.version: &apos;13.0.2&apos;&#10;Driver info: driver.version: ChromeDriver&#10;remote stacktrace: 0   chromedriver                        0x0000000104b69789 chromedriver + 4671369&#10;1   chromedriver                        0x0000000104b045d3 chromedriver + 4257235&#10;2   chromedriver                        0x00000001047ae00f chromedriver + 757775&#10;3   chromedriver                        0x000000010470dfc9 chromedriver + 102345&#10;4   chromedriver                        0x000000010470a1fc chromedriver + 86524&#10;5   chromedriver                        0x0000000104739403 chromedriver + 279555&#10;6   chromedriver                        0x0000000104736213 chromedriver + 266771&#10;7   chromedriver                        0x000000010471021d chromedriver + 111133&#10;8   chromedriver                        0x00000001047111c5 chromedriver + 115141&#10;9   chromedriver                        0x0000000104b2c03f chromedriver + 4419647&#10;10  chromedriver                        0x0000000104b38cda chromedriver + 4472026&#10;11  chromedriver                        0x0000000104b38a77 chromedriver + 4471415&#10;12  chromedriver                        0x0000000104b10189 chromedriver + 4305289&#10;13  chromedriver                        0x0000000104b39587 chromedriver + 4474247&#10;14  chromedriver                        0x0000000104b21dc7 chromedriver + 4378055&#10;15  chromedriver                        0x0000000104b4f7f4 chromedriver + 4564980&#10;16  chromedriver                        0x0000000104b6f717 chromedriver + 4695831&#10;17  libsystem_pthread.dylib             0x00007fff70257109 _pthread_start + 148&#10;18  libsystem_pthread.dylib             0x00007fff70252b8b thread_start + 15&#10;"/>
  </testcase>
  <testcase name="crmLogoImgTest" classname="com.crm.qa.testcases.LoginPageTest" time="0">
    <skipped message="session not created: This version of ChromeDriver only supports Chrome version 81&#10;Build info: version: &apos;3.141.59&apos;, revision: &apos;e82be7d358&apos;, time: &apos;2018-11-14T08:17:03&apos;&#10;System info: host: &apos;LEIs-MacBook-Pro.local&apos;, ip: &apos;2601:644:8a00:13f8:dc43:15ae:402f:44c6%en0&apos;, os.name: &apos;Mac OS X&apos;, os.arch: &apos;x86_64&apos;, os.version: &apos;10.15.4&apos;, java.version: &apos;13.0.2&apos;&#10;Driver info: driver.version: ChromeDriver&#10;remote stacktrace: 0   chromedriver                        0x000000010b5ec789 chromedriver + 4671369&#10;1   chromedriver                        0x000000010b5875d3 chromedriver + 4257235&#10;2   chromedriver                        0x000000010b23100f chromedriver + 757775&#10;3   chromedriver                        0x000000010b190fc9 chromedriver + 102345&#10;4   chromedriver                        0x000000010b18d1fc chromedriver + 86524&#10;5   chromedriver                        0x000000010b1bc403 chromedriver + 279555&#10;6   chromedriver                        0x000000010b1b9213 chromedriver + 266771&#10;7   chromedriver                        0x000000010b19321d chromedriver + 111133&#10;8   chromedriver                        0x000000010b1941c5 chromedriver + 115141&#10;9   chromedriver                        0x000000010b5af03f chromedriver + 4419647&#10;10  chromedriver                        0x000000010b5bbcda chromedriver + 4472026&#10;11  chromedriver                        0x000000010b5bba77 chromedriver + 4471415&#10;12  chromedriver                        0x000000010b593189 chromedriver + 4305289&#10;13  chromedriver                        0x000000010b5bc587 chromedriver + 4474247&#10;14  chromedriver                        0x000000010b5a4dc7 chromedriver + 4378055&#10;15  chromedriver                        0x000000010b5d27f4 chromedriver + 4564980&#10;16  chromedriver                        0x000000010b5f2717 chromedriver + 4695831&#10;17  libsystem_pthread.dylib             0x00007fff70257109 _pthread_start + 148&#10;18  libsystem_pthread.dylib             0x00007fff70252b8b thread_start + 15&#10;"/>
  </testcase>
  <testcase name="clickOnContactsPageTest" classname="com.crm.qa.testcases.HomePageTest" time="0">
    <skipped message="session not created: This version of ChromeDriver only supports Chrome version 81&#10;Build info: version: &apos;3.141.59&apos;, revision: &apos;e82be7d358&apos;, time: &apos;2018-11-14T08:17:03&apos;&#10;System info: host: &apos;LEIs-MacBook-Pro.local&apos;, ip: &apos;2601:644:8a00:13f8:dc43:15ae:402f:44c6%en0&apos;, os.name: &apos;Mac OS X&apos;, os.arch: &apos;x86_64&apos;, os.version: &apos;10.15.4&apos;, java.version: &apos;13.0.2&apos;&#10;Driver info: driver.version: ChromeDriver&#10;remote stacktrace: 0   chromedriver                        0x0000000104b69789 chromedriver + 4671369&#10;1   chromedriver                        0x0000000104b045d3 chromedriver + 4257235&#10;2   chromedriver                        0x00000001047ae00f chromedriver + 757775&#10;3   chromedriver                        0x000000010470dfc9 chromedriver + 102345&#10;4   chromedriver                        0x000000010470a1fc chromedriver + 86524&#10;5   chromedriver                        0x0000000104739403 chromedriver + 279555&#10;6   chromedriver                        0x0000000104736213 chromedriver + 266771&#10;7   chromedriver                        0x000000010471021d chromedriver + 111133&#10;8   chromedriver                        0x00000001047111c5 chromedriver + 115141&#10;9   chromedriver                        0x0000000104b2c03f chromedriver + 4419647&#10;10  chromedriver                        0x0000000104b38cda chromedriver + 4472026&#10;11  chromedriver                        0x0000000104b38a77 chromedriver + 4471415&#10;12  chromedriver                        0x0000000104b10189 chromedriver + 4305289&#10;13  chromedriver                        0x0000000104b39587 chromedriver + 4474247&#10;14  chromedriver                        0x0000000104b21dc7 chromedriver + 4378055&#10;15  chromedriver                        0x0000000104b4f7f4 chromedriver + 4564980&#10;16  chromedriver                        0x0000000104b6f717 chromedriver + 4695831&#10;17  libsystem_pthread.dylib             0x00007fff70257109 _pthread_start + 148&#10;18  libsystem_pthread.dylib             0x00007fff70252b8b thread_start + 15&#10;"/>
  </testcase>
  <testcase name="loginTest" classname="com.crm.qa.testcases.LoginPageTest" time="0">
    <skipped message="session not created: This version of ChromeDriver only supports Chrome version 81&#10;Build info: version: &apos;3.141.59&apos;, revision: &apos;e82be7d358&apos;, time: &apos;2018-11-14T08:17:03&apos;&#10;System info: host: &apos;LEIs-MacBook-Pro.local&apos;, ip: &apos;2601:644:8a00:13f8:dc43:15ae:402f:44c6%en0&apos;, os.name: &apos;Mac OS X&apos;, os.arch: &apos;x86_64&apos;, os.version: &apos;10.15.4&apos;, java.version: &apos;13.0.2&apos;&#10;Driver info: driver.version: ChromeDriver&#10;remote stacktrace: 0   chromedriver                        0x000000010b5ec789 chromedriver + 4671369&#10;1   chromedriver                        0x000000010b5875d3 chromedriver + 4257235&#10;2   chromedriver                        0x000000010b23100f chromedriver + 757775&#10;3   chromedriver                        0x000000010b190fc9 chromedriver + 102345&#10;4   chromedriver                        0x000000010b18d1fc chromedriver + 86524&#10;5   chromedriver                        0x000000010b1bc403 chromedriver + 279555&#10;6   chromedriver                        0x000000010b1b9213 chromedriver + 266771&#10;7   chromedriver                        0x000000010b19321d chromedriver + 111133&#10;8   chromedriver                        0x000000010b1941c5 chromedriver + 115141&#10;9   chromedriver                        0x000000010b5af03f chromedriver + 4419647&#10;10  chromedriver                        0x000000010b5bbcda chromedriver + 4472026&#10;11  chromedriver                        0x000000010b5bba77 chromedriver + 4471415&#10;12  chromedriver                        0x000000010b593189 chromedriver + 4305289&#10;13  chromedriver                        0x000000010b5bc587 chromedriver + 4474247&#10;14  chromedriver                        0x000000010b5a4dc7 chromedriver + 4378055&#10;15  chromedriver                        0x000000010b5d27f4 chromedriver + 4564980&#10;16  chromedriver                        0x000000010b5f2717 chromedriver + 4695831&#10;17  libsystem_pthread.dylib             0x00007fff70257109 _pthread_start + 148&#10;18  libsystem_pthread.dylib             0x00007fff70252b8b thread_start + 15&#10;"/>
  </testcase>
  <testcase name="setUp" classname="com.crm.qa.testcases.ContactsPageTest" time="1.111">
    <failure message="session not created: This version of ChromeDriver only supports Chrome version 81&#10;Build info: version: &apos;3.141.59&apos;, revision: &apos;e82be7d358&apos;, time: &apos;2018-11-14T08:17:03&apos;&#10;System info: host: &apos;LEIs-MacBook-Pro.local&apos;, ip: &apos;2601:644:8a00:13f8:dc43:15ae:402f:44c6%en0&apos;, os.name: &apos;Mac OS X&apos;, os.arch: &apos;x86_64&apos;, os.version: &apos;10.15.4&apos;, java.version: &apos;13.0.2&apos;&#10;Driver info: driver.version: ChromeDriver&#10;remote stacktrace: 0   chromedriver                        0x000000010240f789 chromedriver + 4671369&#10;1   chromedriver                        0x00000001023aa5d3 chromedriver + 4257235&#10;2   chromedriver                        0x000000010205400f chromedriver + 757775&#10;3   chromedriver                        0x0000000101fb3fc9 chromedriver + 102345&#10;4   chromedriver                        0x0000000101fb01fc chromedriver + 86524&#10;5   chromedriver                        0x0000000101fdf403 chromedriver + 279555&#10;6   chromedriver                        0x0000000101fdc213 chromedriver + 266771&#10;7   chromedriver                        0x0000000101fb621d chromedriver + 111133&#10;8   chromedriver                        0x0000000101fb71c5 chromedriver + 115141&#10;9   chromedriver                        0x00000001023d203f chromedriver + 4419647&#10;10  chromedriver                        0x00000001023decda chromedriver + 4472026&#10;11  chromedriver                        0x00000001023dea77 chromedriver + 4471415&#10;12  chromedriver                        0x00000001023b6189 chromedriver + 4305289&#10;13  chromedriver                        0x00000001023df587 chromedriver + 4474247&#10;14  chromedriver                        0x00000001023c7dc7 chromedriver + 4378055&#10;15  chromedriver                        0x00000001023f57f4 chromedriver + 4564980&#10;16  chromedriver                        0x0000000102415717 chromedriver + 4695831&#10;17  libsystem_pthread.dylib             0x00007fff70257109 _pthread_start + 148&#10;18  libsystem_pthread.dylib             0x00007fff70252b8b thread_start + 15&#10;" type="org.openqa.selenium.SessionNotCreatedException">org.openqa.selenium.SessionNotCreatedException: 
session not created: This version of ChromeDriver only supports Chrome version 81
Build info: version: '3.141.59', revision: 'e82be7d358', time: '2018-11-14T08:17:03'
System info: host: 'LEIs-MacBook-Pro.local', ip: '2601:644:8a00:13f8:dc43:15ae:402f:44c6%en0', os.name: 'Mac OS X', os.arch: 'x86_64', os.version: '10.15.4', java.version: '13.0.2'
Driver info: driver.version: ChromeDriver
remote stacktrace: 0   chromedriver                        0x000000010240f789 chromedriver + 4671369
1   chromedriver                        0x00000001023aa5d3 chromedriver + 4257235
2   chromedriver                        0x000000010205400f chromedriver + 757775
3   chromedriver                        0x0000000101fb3fc9 chromedriver + 102345
4   chromedriver                        0x0000000101fb01fc chromedriver + 86524
5   chromedriver                        0x0000000101fdf403 chromedriver + 279555
6   chromedriver                        0x0000000101fdc213 chromedriver + 266771
7   chromedriver                        0x0000000101fb621d chromedriver + 111133
8   chromedriver                        0x0000000101fb71c5 chromedriver + 115141
9   chromedriver                        0x00000001023d203f chromedriver + 4419647
10  chromedriver                        0x00000001023decda chromedriver + 4472026
11  chromedriver                        0x00000001023dea77 chromedriver + 4471415
12  chromedriver                        0x00000001023b6189 chromedriver + 4305289
13  chromedriver                        0x00000001023df587 chromedriver + 4474247
14  chromedriver                        0x00000001023c7dc7 chromedriver + 4378055
15  chromedriver                        0x00000001023f57f4 chromedriver + 4564980
16  chromedriver                        0x0000000102415717 chromedriver + 4695831
17  libsystem_pthread.dylib             0x00007fff70257109 _pthread_start + 148
18  libsystem_pthread.dylib             0x00007fff70252b8b thread_start + 15

	at com.crm.qa.testcases.ContactsPageTest.setUp(ContactsPageTest.java:36)
</failure>
    <system-err><![CDATA[Starting ChromeDriver 81.0.4044.69 (6813546031a4bc83f717a2ef7cd4ac6ec1199132-refs/branch-heads/4044@{#776}) on port 33188
Only local connections are allowed.
Please protect ports used by ChromeDriver and related test frameworks to prevent access by malicious code.
]]></system-err>
  </testcase>
  <testcase name="setUp" classname="com.crm.qa.testcases.ContactsPageTest" time="0">
    <skipped/>
  </testcase>
  <testcase name="setUp" classname="com.crm.qa.testcases.ContactsPageTest" time="0">
    <skipped/>
  </testcase>
  <testcase name="validateCreateNewContact" classname="com.crm.qa.testcases.ContactsPageTest" time="0">
    <skipped message="session not created: This version of ChromeDriver only supports Chrome version 81&#10;Build info: version: &apos;3.141.59&apos;, revision: &apos;e82be7d358&apos;, time: &apos;2018-11-14T08:17:03&apos;&#10;System info: host: &apos;LEIs-MacBook-Pro.local&apos;, ip: &apos;2601:644:8a00:13f8:dc43:15ae:402f:44c6%en0&apos;, os.name: &apos;Mac OS X&apos;, os.arch: &apos;x86_64&apos;, os.version: &apos;10.15.4&apos;, java.version: &apos;13.0.2&apos;&#10;Driver info: driver.version: ChromeDriver&#10;remote stacktrace: 0   chromedriver                        0x000000010240f789 chromedriver + 4671369&#10;1   chromedriver                        0x00000001023aa5d3 chromedriver + 4257235&#10;2   chromedriver                        0x000000010205400f chromedriver + 757775&#10;3   chromedriver                        0x0000000101fb3fc9 chromedriver + 102345&#10;4   chromedriver                        0x0000000101fb01fc chromedriver + 86524&#10;5   chromedriver                        0x0000000101fdf403 chromedriver + 279555&#10;6   chromedriver                        0x0000000101fdc213 chromedriver + 266771&#10;7   chromedriver                        0x0000000101fb621d chromedriver + 111133&#10;8   chromedriver                        0x0000000101fb71c5 chromedriver + 115141&#10;9   chromedriver                        0x00000001023d203f chromedriver + 4419647&#10;10  chromedriver                        0x00000001023decda chromedriver + 4472026&#10;11  chromedriver                        0x00000001023dea77 chromedriver + 4471415&#10;12  chromedriver                        0x00000001023b6189 chromedriver + 4305289&#10;13  chromedriver                        0x00000001023df587 chromedriver + 4474247&#10;14  chromedriver                        0x00000001023c7dc7 chromedriver + 4378055&#10;15  chromedriver                        0x00000001023f57f4 chromedriver + 4564980&#10;16  chromedriver                        0x0000000102415717 chromedriver + 4695831&#10;17  libsystem_pthread.dylib             0x00007fff70257109 _pthread_start + 148&#10;18  libsystem_pthread.dylib             0x00007fff70252b8b thread_start + 15&#10;"/>
  </testcase>
  <testcase name="validateCreateNewContact" classname="com.crm.qa.testcases.ContactsPageTest" time="0">
    <skipped message="session not created: This version of ChromeDriver only supports Chrome version 81&#10;Build info: version: &apos;3.141.59&apos;, revision: &apos;e82be7d358&apos;, time: &apos;2018-11-14T08:17:03&apos;&#10;System info: host: &apos;LEIs-MacBook-Pro.local&apos;, ip: &apos;2601:644:8a00:13f8:dc43:15ae:402f:44c6%en0&apos;, os.name: &apos;Mac OS X&apos;, os.arch: &apos;x86_64&apos;, os.version: &apos;10.15.4&apos;, java.version: &apos;13.0.2&apos;&#10;Driver info: driver.version: ChromeDriver&#10;remote stacktrace: 0   chromedriver                        0x000000010240f789 chromedriver + 4671369&#10;1   chromedriver                        0x00000001023aa5d3 chromedriver + 4257235&#10;2   chromedriver                        0x000000010205400f chromedriver + 757775&#10;3   chromedriver                        0x0000000101fb3fc9 chromedriver + 102345&#10;4   chromedriver                        0x0000000101fb01fc chromedriver + 86524&#10;5   chromedriver                        0x0000000101fdf403 chromedriver + 279555&#10;6   chromedriver                        0x0000000101fdc213 chromedriver + 266771&#10;7   chromedriver                        0x0000000101fb621d chromedriver + 111133&#10;8   chromedriver                        0x0000000101fb71c5 chromedriver + 115141&#10;9   chromedriver                        0x00000001023d203f chromedriver + 4419647&#10;10  chromedriver                        0x00000001023decda chromedriver + 4472026&#10;11  chromedriver                        0x00000001023dea77 chromedriver + 4471415&#10;12  chromedriver                        0x00000001023b6189 chromedriver + 4305289&#10;13  chromedriver                        0x00000001023df587 chromedriver + 4474247&#10;14  chromedriver                        0x00000001023c7dc7 chromedriver + 4378055&#10;15  chromedriver                        0x00000001023f57f4 chromedriver + 4564980&#10;16  chromedriver                        0x0000000102415717 chromedriver + 4695831&#10;17  libsystem_pthread.dylib             0x00007fff70257109 _pthread_start + 148&#10;18  libsystem_pthread.dylib             0x00007fff70252b8b thread_start + 15&#10;"/>
  </testcase>
  <testcase name="validateCreateNewContact" classname="com.crm.qa.testcases.ContactsPageTest" time="0">
    <skipped message="session not created: This version of ChromeDriver only supports Chrome version 81&#10;Build info: version: &apos;3.141.59&apos;, revision: &apos;e82be7d358&apos;, time: &apos;2018-11-14T08:17:03&apos;&#10;System info: host: &apos;LEIs-MacBook-Pro.local&apos;, ip: &apos;2601:644:8a00:13f8:dc43:15ae:402f:44c6%en0&apos;, os.name: &apos;Mac OS X&apos;, os.arch: &apos;x86_64&apos;, os.version: &apos;10.15.4&apos;, java.version: &apos;13.0.2&apos;&#10;Driver info: driver.version: ChromeDriver&#10;remote stacktrace: 0   chromedriver                        0x000000010240f789 chromedriver + 4671369&#10;1   chromedriver                        0x00000001023aa5d3 chromedriver + 4257235&#10;2   chromedriver                        0x000000010205400f chromedriver + 757775&#10;3   chromedriver                        0x0000000101fb3fc9 chromedriver + 102345&#10;4   chromedriver                        0x0000000101fb01fc chromedriver + 86524&#10;5   chromedriver                        0x0000000101fdf403 chromedriver + 279555&#10;6   chromedriver                        0x0000000101fdc213 chromedriver + 266771&#10;7   chromedriver                        0x0000000101fb621d chromedriver + 111133&#10;8   chromedriver                        0x0000000101fb71c5 chromedriver + 115141&#10;9   chromedriver                        0x00000001023d203f chromedriver + 4419647&#10;10  chromedriver                        0x00000001023decda chromedriver + 4472026&#10;11  chromedriver                        0x00000001023dea77 chromedriver + 4471415&#10;12  chromedriver                        0x00000001023b6189 chromedriver + 4305289&#10;13  chromedriver                        0x00000001023df587 chromedriver + 4474247&#10;14  chromedriver                        0x00000001023c7dc7 chromedriver + 4378055&#10;15  chromedriver                        0x00000001023f57f4 chromedriver + 4564980&#10;16  chromedriver                        0x0000000102415717 chromedriver + 4695831&#10;17  libsystem_pthread.dylib             0x00007fff70257109 _pthread_start + 148&#10;18  libsystem_pthread.dylib             0x00007fff70252b8b thread_start + 15&#10;"/>
  </testcase>
  <testcase name="tearDown" classname="com.crm.qa.testcases.ContactsPageTest" time="0">
    <skipped/>
  </testcase>
  <testcase name="tearDown" classname="com.crm.qa.testcases.ContactsPageTest" time="0">
    <skipped/>
  </testcase>
  <testcase name="tearDown" classname="com.crm.qa.testcases.ContactsPageTest" time="0">
    <skipped/>
  </testcase>
  <testcase name="clickOnDealsPageTest" classname="com.crm.qa.testcases.HomePageTest" time="0">
    <skipped message="session not created: This version of ChromeDriver only supports Chrome version 81&#10;Build info: version: &apos;3.141.59&apos;, revision: &apos;e82be7d358&apos;, time: &apos;2018-11-14T08:17:03&apos;&#10;System info: host: &apos;LEIs-MacBook-Pro.local&apos;, ip: &apos;2601:644:8a00:13f8:dc43:15ae:402f:44c6%en0&apos;, os.name: &apos;Mac OS X&apos;, os.arch: &apos;x86_64&apos;, os.version: &apos;10.15.4&apos;, java.version: &apos;13.0.2&apos;&#10;Driver info: driver.version: ChromeDriver&#10;remote stacktrace: 0   chromedriver                        0x0000000104b69789 chromedriver + 4671369&#10;1   chromedriver                        0x0000000104b045d3 chromedriver + 4257235&#10;2   chromedriver                        0x00000001047ae00f chromedriver + 757775&#10;3   chromedriver                        0x000000010470dfc9 chromedriver + 102345&#10;4   chromedriver                        0x000000010470a1fc chromedriver + 86524&#10;5   chromedriver                        0x0000000104739403 chromedriver + 279555&#10;6   chromedriver                        0x0000000104736213 chromedriver + 266771&#10;7   chromedriver                        0x000000010471021d chromedriver + 111133&#10;8   chromedriver                        0x00000001047111c5 chromedriver + 115141&#10;9   chromedriver                        0x0000000104b2c03f chromedriver + 4419647&#10;10  chromedriver                        0x0000000104b38cda chromedriver + 4472026&#10;11  chromedriver                        0x0000000104b38a77 chromedriver + 4471415&#10;12  chromedriver                        0x0000000104b10189 chromedriver + 4305289&#10;13  chromedriver                        0x0000000104b39587 chromedriver + 4474247&#10;14  chromedriver                        0x0000000104b21dc7 chromedriver + 4378055&#10;15  chromedriver                        0x0000000104b4f7f4 chromedriver + 4564980&#10;16  chromedriver                        0x0000000104b6f717 chromedriver + 4695831&#10;17  libsystem_pthread.dylib             0x00007fff70257109 _pthread_start + 148&#10;18  libsystem_pthread.dylib             0x00007fff70252b8b thread_start + 15&#10;"/>
  </testcase>
  <testcase name="clickOnTasksPageTest" classname="com.crm.qa.testcases.HomePageTest" time="0">
    <skipped message="session not created: This version of ChromeDriver only supports Chrome version 81&#10;Build info: version: &apos;3.141.59&apos;, revision: &apos;e82be7d358&apos;, time: &apos;2018-11-14T08:17:03&apos;&#10;System info: host: &apos;LEIs-MacBook-Pro.local&apos;, ip: &apos;2601:644:8a00:13f8:dc43:15ae:402f:44c6%en0&apos;, os.name: &apos;Mac OS X&apos;, os.arch: &apos;x86_64&apos;, os.version: &apos;10.15.4&apos;, java.version: &apos;13.0.2&apos;&#10;Driver info: driver.version: ChromeDriver&#10;remote stacktrace: 0   chromedriver                        0x0000000104b69789 chromedriver + 4671369&#10;1   chromedriver                        0x0000000104b045d3 chromedriver + 4257235&#10;2   chromedriver                        0x00000001047ae00f chromedriver + 757775&#10;3   chromedriver                        0x000000010470dfc9 chromedriver + 102345&#10;4   chromedriver                        0x000000010470a1fc chromedriver + 86524&#10;5   chromedriver                        0x0000000104739403 chromedriver + 279555&#10;6   chromedriver                        0x0000000104736213 chromedriver + 266771&#10;7   chromedriver                        0x000000010471021d chromedriver + 111133&#10;8   chromedriver                        0x00000001047111c5 chromedriver + 115141&#10;9   chromedriver                        0x0000000104b2c03f chromedriver + 4419647&#10;10  chromedriver                        0x0000000104b38cda chromedriver + 4472026&#10;11  chromedriver                        0x0000000104b38a77 chromedriver + 4471415&#10;12  chromedriver                        0x0000000104b10189 chromedriver + 4305289&#10;13  chromedriver                        0x0000000104b39587 chromedriver + 4474247&#10;14  chromedriver                        0x0000000104b21dc7 chromedriver + 4378055&#10;15  chromedriver                        0x0000000104b4f7f4 chromedriver + 4564980&#10;16  chromedriver                        0x0000000104b6f717 chromedriver + 4695831&#10;17  libsystem_pthread.dylib             0x00007fff70257109 _pthread_start + 148&#10;18  libsystem_pthread.dylib             0x00007fff70252b8b thread_start + 15&#10;"/>
  </testcase>
</testsuite>