<?xml version="1.0" encoding="UTF-8"?>
<!-- Generated by org.testng.reporters.JUnitXMLReporter -->
<testsuite ignored="10" hostname="LEIs-MacBook-Pro.local" failures="2" tests="3" name="TestNG Basic Feature Test" time="10.362" errors="0" timestamp="2020-06-08T23:35:19 PDT">
  <testcase classname="com.test.GoogleTest" name="googleTitleTest" time="3.049"/>
  <testcase classname="com.test.GoogleTest" name="googleGmailLinkTest" time="0.599">
    <failure type="org.openqa.selenium.NoSuchSessionException" message="invalid session id
Build info: version: &amp;apos;3.141.59&amp;apos;, revision: &amp;apos;e82be7d358&amp;apos;, time: &amp;apos;2018-11-14T08:25:48&amp;apos;
System info: host: &amp;apos;LEIs-MacBook-Pro.local&amp;apos;, ip: &amp;apos;2601:644:8a00:13f8:e59a:cad:8b67:d94b%en0&amp;apos;, os.name: &amp;apos;Mac OS X&amp;apos;, os.arch: &amp;apos;x86_64&amp;apos;, os.version: &amp;apos;10.15.5&amp;apos;, java.version: &amp;apos;13.0.2&amp;apos;
Driver info: org.openqa.selenium.chrome.ChromeDriver
Capabilities {acceptInsecureCerts: false, browserName: chrome, browserVersion: 83.0.4103.97, chrome: {chromedriverVersion: 83.0.4103.39 (ccbf011cb2d2b..., userDataDir: /var/folders/xk/mr3j51tj6dl...}, goog:chromeOptions: {debuggerAddress: localhost:64629}, javascriptEnabled: true, networkConnectionEnabled: false, pageLoadStrategy: normal, platform: MAC, platformName: MAC, proxy: Proxy(), setWindowRect: true, strictFileInteractability: false, timeouts: {implicit: 0, pageLoad: 300000, script: 30000}, unhandledPromptBehavior: dismiss and notify, webauthn:virtualAuthenticators: true}
Session ID: fd96eec116a847d59e19aac649718008">
      <![CDATA[org.openqa.selenium.NoSuchSessionException: invalid session id
Build info: version: '3.141.59', revision: 'e82be7d358', time: '2018-11-14T08:25:48'
System info: host: 'LEIs-MacBook-Pro.local', ip: '2601:644:8a00:13f8:e59a:cad:8b67:d94b%en0', os.name: 'Mac OS X', os.arch: 'x86_64', os.version: '10.15.5', java.version: '13.0.2'
Driver info: org.openqa.selenium.chrome.ChromeDriver
Capabilities {acceptInsecureCerts: false, browserName: chrome, browserVersion: 83.0.4103.97, chrome: {chromedriverVersion: 83.0.4103.39 (ccbf011cb2d2b..., userDataDir: /var/folders/xk/mr3j51tj6dl...}, goog:chromeOptions: {debuggerAddress: localhost:64629}, javascriptEnabled: true, networkConnectionEnabled: false, pageLoadStrategy: normal, platform: MAC, platformName: MAC, proxy: Proxy(), setWindowRect: true, strictFileInteractability: false, timeouts: {implicit: 0, pageLoad: 300000, script: 30000}, unhandledPromptBehavior: dismiss and notify, webauthn:virtualAuthenticators: true}
Session ID: fd96eec116a847d59e19aac649718008
at org.openqa.selenium.remote.http.W3CHttpResponseCodec.createException(W3CHttpResponseCodec.java:187)
at org.openqa.selenium.remote.http.W3CHttpResponseCodec.decode(W3CHttpResponseCodec.java:122)
at org.openqa.selenium.remote.http.W3CHttpResponseCodec.decode(W3CHttpResponseCodec.java:49)
at org.openqa.selenium.remote.HttpCommandExecutor.execute(HttpCommandExecutor.java:158)
at org.openqa.selenium.remote.service.DriverCommandExecutor.execute(DriverCommandExecutor.java:83)
at org.openqa.selenium.remote.RemoteWebDriver.execute(RemoteWebDriver.java:552)
at org.openqa.selenium.remote.RemoteWebElement.execute(RemoteWebElement.java:285)
at org.openqa.selenium.remote.RemoteWebElement.isDisplayed(RemoteWebElement.java:326)
at com.test.GoogleTest.googleGmailLinkTest(GoogleTest.java:59)
at java.base/java.util.concurrent.ThreadPoolExecutor.runWorker(ThreadPoolExecutor.java:1128)
at java.base/java.util.concurrent.ThreadPoolExecutor$Worker.run(ThreadPoolExecutor.java:628)
at java.base/java.lang.Thread.run(Thread.java:830)
... Removed 17 stack frames]]>
    </failure>
  </testcase> <!-- googleGmailLinkTest -->
  <testcase classname="com.test.GoogleTest" name="googleSearch" time="1.192">
    <failure type="org.openqa.selenium.NoSuchSessionException" message="invalid session id
Build info: version: &amp;apos;3.141.59&amp;apos;, revision: &amp;apos;e82be7d358&amp;apos;, time: &amp;apos;2018-11-14T08:25:48&amp;apos;
System info: host: &amp;apos;LEIs-MacBook-Pro.local&amp;apos;, ip: &amp;apos;2601:644:8a00:13f8:e59a:cad:8b67:d94b%en0&amp;apos;, os.name: &amp;apos;Mac OS X&amp;apos;, os.arch: &amp;apos;x86_64&amp;apos;, os.version: &amp;apos;10.15.5&amp;apos;, java.version: &amp;apos;13.0.2&amp;apos;
Driver info: org.openqa.selenium.chrome.ChromeDriver
Capabilities {acceptInsecureCerts: false, browserName: chrome, browserVersion: 83.0.4103.97, chrome: {chromedriverVersion: 83.0.4103.39 (ccbf011cb2d2b..., userDataDir: /var/folders/xk/mr3j51tj6dl...}, goog:chromeOptions: {debuggerAddress: localhost:64629}, javascriptEnabled: true, networkConnectionEnabled: false, pageLoadStrategy: normal, platform: MAC, platformName: MAC, proxy: Proxy(), setWindowRect: true, strictFileInteractability: false, timeouts: {implicit: 0, pageLoad: 300000, script: 30000}, unhandledPromptBehavior: dismiss and notify, webauthn:virtualAuthenticators: true}
Session ID: fd96eec116a847d59e19aac649718008">
      <![CDATA[org.openqa.selenium.NoSuchSessionException: invalid session id
Build info: version: '3.141.59', revision: 'e82be7d358', time: '2018-11-14T08:25:48'
System info: host: 'LEIs-MacBook-Pro.local', ip: '2601:644:8a00:13f8:e59a:cad:8b67:d94b%en0', os.name: 'Mac OS X', os.arch: 'x86_64', os.version: '10.15.5', java.version: '13.0.2'
Driver info: org.openqa.selenium.chrome.ChromeDriver
Capabilities {acceptInsecureCerts: false, browserName: chrome, browserVersion: 83.0.4103.97, chrome: {chromedriverVersion: 83.0.4103.39 (ccbf011cb2d2b..., userDataDir: /var/folders/xk/mr3j51tj6dl...}, goog:chromeOptions: {debuggerAddress: localhost:64629}, javascriptEnabled: true, networkConnectionEnabled: false, pageLoadStrategy: normal, platform: MAC, platformName: MAC, proxy: Proxy(), setWindowRect: true, strictFileInteractability: false, timeouts: {implicit: 0, pageLoad: 300000, script: 30000}, unhandledPromptBehavior: dismiss and notify, webauthn:virtualAuthenticators: true}
Session ID: fd96eec116a847d59e19aac649718008
at org.openqa.selenium.remote.http.W3CHttpResponseCodec.createException(W3CHttpResponseCodec.java:187)
at org.openqa.selenium.remote.http.W3CHttpResponseCodec.decode(W3CHttpResponseCodec.java:122)
at org.openqa.selenium.remote.http.W3CHttpResponseCodec.decode(W3CHttpResponseCodec.java:49)
at org.openqa.selenium.remote.HttpCommandExecutor.execute(HttpCommandExecutor.java:158)
at org.openqa.selenium.remote.service.DriverCommandExecutor.execute(DriverCommandExecutor.java:83)
at org.openqa.selenium.remote.RemoteWebDriver.execute(RemoteWebDriver.java:552)
at org.openqa.selenium.remote.RemoteWebElement.execute(RemoteWebElement.java:285)
at org.openqa.selenium.remote.RemoteWebElement.sendKeys(RemoteWebElement.java:106)
at com.test.GoogleTest.googleSearch(GoogleTest.java:68)
at java.base/java.util.concurrent.ThreadPoolExecutor.runWorker(ThreadPoolExecutor.java:1128)
at java.base/java.util.concurrent.ThreadPoolExecutor$Worker.run(ThreadPoolExecutor.java:628)
at java.base/java.lang.Thread.run(Thread.java:830)
... Removed 17 stack frames]]>
    </failure>
  </testcase> <!-- googleSearch -->
  <testcase classname="com.test.BootStrapDropdownTest" name="noneSelectedFromDropdown3" time="0.0">
    <ignored/>
  </testcase> <!-- noneSelectedFromDropdown3 -->
  <testcase classname="com.test.BootStrapDropdownTest" name="simpleTestDependsOnMethod" time="0.0">
    <ignored/>
  </testcase> <!-- simpleTestDependsOnMethod -->
  <testcase classname="com.test.BootStrapDropdownTest" name="testExpectedExceptionsPara" time="0.0">
    <ignored/>
  </testcase> <!-- testExpectedExceptionsPara -->
  <testcase classname="com.test.TestNGBasics" name="googleTitleTest" time="0.0">
    <ignored/>
  </testcase> <!-- googleTitleTest -->
  <testcase classname="com.test.BootStrapDropdownTest" name="more3SelectedFromDropdown" time="0.0">
    <ignored/>
  </testcase> <!-- more3SelectedFromDropdown -->
  <testcase classname="com.test.BootStrapDropdownTest" name="noneSelectedFromDropdown2" time="0.0">
    <ignored/>
  </testcase> <!-- noneSelectedFromDropdown2 -->
  <testcase classname="com.test.TestNGBasics" name="googleSearchTest" time="0.0">
    <ignored/>
  </testcase> <!-- googleSearchTest -->
  <testcase classname="com.test.BootStrapDropdownTest" name="findDropdownBox" time="0.0">
    <ignored/>
  </testcase> <!-- findDropdownBox -->
  <testcase classname="com.test.BootStrapDropdownTest" name="noneSelectedFromDropdown1" time="0.0">
    <ignored/>
  </testcase> <!-- noneSelectedFromDropdown1 -->
  <testcase classname="com.test.BootStrapDropdownTest" name="less3SelectedFromDropdown" time="0.0">
    <ignored/>
  </testcase> <!-- less3SelectedFromDropdown -->
</testsuite> <!-- TestNG Basic Feature Test -->
